<?xml version="1.0" encoding="windows-1252" standalone="no"?>
<!DOCTYPE log SYSTEM "logger.dtd">
<log>
<record>
  <date>2015-10-19T04:02:56</date>
  <millis>1445223776609</millis>
  <sequence>5542</sequence>
  <logger>se.sics.tac.aw.TACMessage</logger>
  <level>FINEST</level>
  <class>se.sics.tac.aw.TACMessage</class>
  <method>setReceivedMessage</method>
  <thread>23</thread>
  <message>requesting quotes for auction 6 (Outflight 4)</message>
</record>
<record>
  <date>2015-10-19T04:02:56</date>
  <millis>1445223776610</millis>
  <sequence>5543</sequence>
  <logger>se.sics.tac.aw.TACMessage</logger>
  <level>FINEST</level>
  <class>se.sics.tac.aw.TACMessage</class>
  <method>setReceivedMessage</method>
  <thread>23</thread>
  <message>XML out: '&lt;getQuote&gt;&lt;auctionID&gt;18403&lt;/auctionID&gt;&lt;/getQuote&gt;'</message>
</record>
<record>
  <date>2015-10-19T04:02:56</date>
  <millis>1445223776610</millis>
  <sequence>5544</sequence>
  <logger>se.sics.tac.aw.TACMessage</logger>
  <level>FINEST</level>
  <class>se.sics.tac.aw.TACMessage</class>
  <method>setReceivedMessage</method>
  <thread>23</thread>
  <message>XML in: '&lt;?xml version="1.0"?&gt;&lt;getQuote&gt;&lt;lastAskPrice&gt;291.0000&lt;/lastAskPrice&gt;&lt;lastBidPrice&gt;0.0000&lt;/lastBidPrice&gt;&lt;lastQuoteTime&gt;1445223720&lt;/lastQuoteTime&gt;&lt;nextQuoteTime&gt;1445223730&lt;/nextQuoteTime&gt;&lt;lastClearPrice&gt;302.0000&lt;/lastClearPrice&gt;&lt;lastClearTime&gt;1445223550&lt;/lastClearTime&gt;&lt;finalClearTime&gt;1445223900&lt;/finalClearTime&gt;&lt;nextClearTime&gt;0&lt;/nextClearTime&gt;&lt;hypotheticalQuantityWon&gt; &lt;/hypotheticalQuantityWon&gt;&lt;auctionStatus&gt;1&lt;/auctionStatus&gt;&lt;commandStatus&gt;0&lt;/commandStatus&gt;&lt;/getQuote&gt;' responseTime: 84 avg: 109.0 count: 680</message>
</record>
<record>
  <date>2015-10-19T04:02:56</date>
  <millis>1445223776610</millis>
  <sequence>5545</sequence>
  <logger>se.sics.tac.aw.TACMessage</logger>
  <level>FINEST</level>
  <class>se.sics.tac.aw.TACMessage</class>
  <method>setReceivedMessage</method>
  <thread>23</thread>
  <message>requesting quotes for auction 7 (Outflight 5)</message>
</record>
<record>
  <date>2015-10-19T04:02:56</date>
  <millis>1445223776610</millis>
  <sequence>5546</sequence>
  <logger>se.sics.tac.aw.TACMessage</logger>
  <level>FINEST</level>
  <class>se.sics.tac.aw.TACMessage</class>
  <method>setReceivedMessage</method>
  <thread>23</thread>
  <message>XML out: '&lt;getQuote&gt;&lt;auctionID&gt;18404&lt;/auctionID&gt;&lt;/getQuote&gt;'</message>
</record>
<record>
  <date>2015-10-19T04:02:56</date>
  <millis>1445223776610</millis>
  <sequence>5547</sequence>
  <logger>se.sics.tac.aw.TACMessage</logger>
  <level>FINEST</level>
  <class>se.sics.tac.aw.TACMessage</class>
  <method>setReceivedMessage</method>
  <thread>23</thread>
  <message>XML in: '&lt;?xml version="1.0"?&gt;&lt;getQuote&gt;&lt;lastAskPrice&gt;322.0000&lt;/lastAskPrice&gt;&lt;lastBidPrice&gt;0.0000&lt;/lastBidPrice&gt;&lt;lastQuoteTime&gt;1445223720&lt;/lastQuoteTime&gt;&lt;nextQuoteTime&gt;1445223730&lt;/nextQuoteTime&gt;&lt;lastClearPrice&gt;271.0000&lt;/lastClearPrice&gt;&lt;lastClearTime&gt;1445223490&lt;/lastClearTime&gt;&lt;finalClearTime&gt;1445223900&lt;/finalClearTime&gt;&lt;nextClearTime&gt;0&lt;/nextClearTime&gt;&lt;hypotheticalQuantityWon&gt; &lt;/hypotheticalQuantityWon&gt;&lt;auctionStatus&gt;1&lt;/auctionStatus&gt;&lt;commandStatus&gt;0&lt;/commandStatus&gt;&lt;/getQuote&gt;' responseTime: 85 avg: 109.0 count: 681</message>
</record>
<record>
  <date>2015-10-19T04:02:56</date>
  <millis>1445223776610</millis>
  <sequence>5548</sequence>
  <logger>se.sics.tac.aw.DummyAgent</logger>
  <level>FINE</level>
  <class>se.sics.tac.aw.DummyAgent</class>
  <method>quoteUpdated</method>
  <thread>23</thread>
  <message>All quotes for flight has been updated</message>
</record>
<record>
  <date>2015-10-19T04:02:56</date>
  <millis>1445223776659</millis>
  <sequence>5549</sequence>
  <logger>se.sics.tac.aw.TACMessage</logger>
  <level>FINEST</level>
  <class>se.sics.tac.aw.TACMessage</class>
  <method>setReceivedMessage</method>
  <thread>23</thread>
  <message>XML out: '&lt;transIDs&gt;&lt;earliestTransID&gt;122025&lt;/earliestTransID&gt;&lt;/transIDs&gt;'</message>
</record>
<record>
  <date>2015-10-19T04:02:56</date>
  <millis>1445223776659</millis>
  <sequence>5550</sequence>
  <logger>se.sics.tac.aw.TACMessage</logger>
  <level>FINEST</level>
  <class>se.sics.tac.aw.TACMessage</class>
  <method>setReceivedMessage</method>
  <thread>23</thread>
  <message>XML in: '&lt;?xml version="1.0"?&gt;&lt;transIDs&gt;&lt;ids&gt;&lt;list&gt;&lt;/list&gt;&lt;/ids&gt;&lt;more&gt;0&lt;/more&gt;&lt;commandStatus&gt;0&lt;/commandStatus&gt;&lt;/transIDs&gt;' responseTime: 116 avg: 109.0 count: 682</message>
</record>
<record>
  <date>2015-10-19T04:02:56</date>
  <millis>1445223776659</millis>
  <sequence>5551</sequence>
  <logger>se.sics.tac.aw.DummyAgent</logger>
  <level>FINE</level>
  <class>se.sics.tac.aw.DummyAgent</class>
  <method>auctionClosed</method>
  <thread>23</thread>
  <message>*** Auction 9 closed!</message>
</record>
<record>
  <date>2015-10-19T04:03:06</date>
  <millis>1445223786551</millis>
  <sequence>5552</sequence>
  <logger>se.sics.tac.aw.TACMessage</logger>
  <level>FINEST</level>
  <class>se.sics.tac.aw.TACMessage</class>
  <method>setReceivedMessage</method>
  <thread>23</thread>
  <message>requesting quotes for auction 0 (Inflight 1)</message>
</record>
<record>
  <date>2015-10-19T04:03:06</date>
  <millis>1445223786552</millis>
  <sequence>5553</sequence>
  <logger>se.sics.tac.aw.TACMessage</logger>
  <level>FINEST</level>
  <class>se.sics.tac.aw.TACMessage</class>
  <method>setReceivedMessage</method>
  <thread>23</thread>
  <message>XML out: '&lt;getQuote&gt;&lt;auctionID&gt;18397&lt;/auctionID&gt;&lt;/getQuote&gt;'</message>
</record>
<record>
  <date>2015-10-19T04:03:06</date>
  <millis>1445223786552</millis>
  <sequence>5554</sequence>
  <logger>se.sics.tac.aw.TACMessage</logger>
  <level>FINEST</level>
  <class>se.sics.tac.aw.TACMessage</class>
  <method>setReceivedMessage</method>
  <thread>23</thread>
  <message>XML in: '&lt;?xml version="1.0"?&gt;&lt;getQuote&gt;&lt;lastAskPrice&gt;463.0000&lt;/lastAskPrice&gt;&lt;lastBidPrice&gt;0.0000&lt;/lastBidPrice&gt;&lt;lastQuoteTime&gt;1445223730&lt;/lastQuoteTime&gt;&lt;nextQuoteTime&gt;1445223740&lt;/nextQuoteTime&gt;&lt;lastClearPrice&gt;293.0000&lt;/lastClearPrice&gt;&lt;lastClearTime&gt;1445223550&lt;/lastClearTime&gt;&lt;finalClearTime&gt;1445223900&lt;/finalClearTime&gt;&lt;nextClearTime&gt;0&lt;/nextClearTime&gt;&lt;hypotheticalQuantityWon&gt; &lt;/hypotheticalQuantityWon&gt;&lt;auctionStatus&gt;1&lt;/auctionStatus&gt;&lt;commandStatus&gt;0&lt;/commandStatus&gt;&lt;/getQuote&gt;' responseTime: 21 avg: 109.0 count: 683</message>
</record>
<record>
  <date>2015-10-19T04:03:06</date>
  <millis>1445223786611</millis>
  <sequence>5555</sequence>
  <logger>se.sics.tac.aw.TACMessage</logger>
  <level>FINEST</level>
  <class>se.sics.tac.aw.TACMessage</class>
  <method>setReceivedMessage</method>
  <thread>23</thread>
  <message>requesting quotes for auction 1 (Inflight 2)</message>
</record>
<record>
  <date>2015-10-19T04:03:06</date>
  <millis>1445223786611</millis>
  <sequence>5556</sequence>
  <logger>se.sics.tac.aw.TACMessage</logger>
  <level>FINEST</level>
  <class>se.sics.tac.aw.TACMessage</class>
  <method>setReceivedMessage</method>
  <thread>23</thread>
  <message>XML out: '&lt;getQuote&gt;&lt;auctionID&gt;18398&lt;/auctionID&gt;&lt;/getQuote&gt;'</message>
</record>
<record>
  <date>2015-10-19T04:03:06</date>
  <millis>1445223786611</millis>
  <sequence>5557</sequence>
  <logger>se.sics.tac.aw.TACMessage</logger>
  <level>FINEST</level>
  <class>se.sics.tac.aw.TACMessage</class>
  <method>setReceivedMessage</method>
  <thread>23</thread>
  <message>XML in: '&lt;?xml version="1.0"?&gt;&lt;getQuote&gt;&lt;lastAskPrice&gt;351.0000&lt;/lastAskPrice&gt;&lt;lastBidPrice&gt;0.0000&lt;/lastBidPrice&gt;&lt;lastQuoteTime&gt;1445223730&lt;/lastQuoteTime&gt;&lt;nextQuoteTime&gt;1445223740&lt;/nextQuoteTime&gt;&lt;lastClearPrice&gt;364.0000&lt;/lastClearPrice&gt;&lt;lastClearTime&gt;1445223670&lt;/lastClearTime&gt;&lt;finalClearTime&gt;1445223900&lt;/finalClearTime&gt;&lt;nextClearTime&gt;0&lt;/nextClearTime&gt;&lt;hypotheticalQuantityWon&gt; &lt;/hypotheticalQuantityWon&gt;&lt;auctionStatus&gt;1&lt;/auctionStatus&gt;&lt;commandStatus&gt;0&lt;/commandStatus&gt;&lt;/getQuote&gt;' responseTime: 81 avg: 109.0 count: 684</message>
</record>
<record>
  <date>2015-10-19T04:03:06</date>
  <millis>1445223786611</millis>
  <sequence>5558</sequence>
  <logger>se.sics.tac.aw.TACMessage</logger>
  <level>FINEST</level>
  <class>se.sics.tac.aw.TACMessage</class>
  <method>setReceivedMessage</method>
  <thread>23</thread>
  <message>requesting quotes for auction 2 (Inflight 3)</message>
</record>
<record>
  <date>2015-10-19T04:03:06</date>
  <millis>1445223786612</millis>
  <sequence>5559</sequence>
  <logger>se.sics.tac.aw.TACMessage</logger>
  <level>FINEST</level>
  <class>se.sics.tac.aw.TACMessage</class>
  <method>setReceivedMessage</method>
  <thread>23</thread>
  <message>XML out: '&lt;getQuote&gt;&lt;auctionID&gt;18399&lt;/auctionID&gt;&lt;/getQuote&gt;'</message>
</record>
<record>
  <date>2015-10-19T04:03:06</date>
  <millis>1445223786612</millis>
  <sequence>5560</sequence>
  <logger>se.sics.tac.aw.TACMessage</logger>
  <level>FINEST</level>
  <class>se.sics.tac.aw.TACMessage</class>
  <method>setReceivedMessage</method>
  <thread>23</thread>
  <message>XML in: '&lt;?xml version="1.0"?&gt;&lt;getQuote&gt;&lt;lastAskPrice&gt;226.0000&lt;/lastAskPrice&gt;&lt;lastBidPrice&gt;0.0000&lt;/lastBidPrice&gt;&lt;lastQuoteTime&gt;1445223730&lt;/lastQuoteTime&gt;&lt;nextQuoteTime&gt;1445223740&lt;/nextQuoteTime&gt;&lt;lastClearPrice&gt;277.0000&lt;/lastClearPrice&gt;&lt;lastClearTime&gt;1445223361&lt;/lastClearTime&gt;&lt;finalClearTime&gt;1445223900&lt;/finalClearTime&gt;&lt;nextClearTime&gt;0&lt;/nextClearTime&gt;&lt;hypotheticalQuantityWon&gt; &lt;/hypotheticalQuantityWon&gt;&lt;auctionStatus&gt;1&lt;/auctionStatus&gt;&lt;commandStatus&gt;0&lt;/commandStatus&gt;&lt;/getQuote&gt;' responseTime: 81 avg: 109.0 count: 685</message>
</record>
<record>
  <date>2015-10-19T04:03:06</date>
  <millis>1445223786612</millis>
  <sequence>5561</sequence>
  <logger>se.sics.tac.aw.TACMessage</logger>
  <level>FINEST</level>
  <class>se.sics.tac.aw.TACMessage</class>
  <method>setReceivedMessage</method>
  <thread>23</thread>
  <message>requesting quotes for auction 3 (Inflight 4)</message>
</record>
<record>
  <date>2015-10-19T04:03:06</date>
  <millis>1445223786612</millis>
  <sequence>5562</sequence>
  <logger>se.sics.tac.aw.TACMessage</logger>
  <level>FINEST</level>
  <class>se.sics.tac.aw.TACMessage</class>
  <method>setReceivedMessage</method>
  <thread>23</thread>
  <message>XML out: '&lt;getQuote&gt;&lt;auctionID&gt;18400&lt;/auctionID&gt;&lt;/getQuote&gt;'</message>
</record>
<record>
  <date>2015-10-19T04:03:06</date>
  <millis>1445223786612</millis>
  <sequence>5563</sequence>
  <logger>se.sics.tac.aw.TACMessage</logger>
  <level>FINEST</level>
  <class>se.sics.tac.aw.TACMessage</class>
  <method>setReceivedMessage</method>
  <thread>23</thread>
  <message>XML in: '&lt;?xml version="1.0"?&gt;&lt;getQuote&gt;&lt;lastAskPrice&gt;286.0000&lt;/lastAskPrice&gt;&lt;lastBidPrice&gt;0.0000&lt;/lastBidPrice&gt;&lt;lastQuoteTime&gt;1445223730&lt;/lastQuoteTime&gt;&lt;nextQuoteTime&gt;1445223740&lt;/nextQuoteTime&gt;&lt;lastClearPrice&gt;267.0000&lt;/lastClearPrice&gt;&lt;lastClearTime&gt;1445223361&lt;/lastClearTime&gt;&lt;finalClearTime&gt;1445223900&lt;/finalClearTime&gt;&lt;nextClearTime&gt;0&lt;/nextClearTime&gt;&lt;hypotheticalQuantityWon&gt; &lt;/hypotheticalQuantityWon&gt;&lt;auctionStatus&gt;1&lt;/auctionStatus&gt;&lt;commandStatus&gt;0&lt;/commandStatus&gt;&lt;/getQuote&gt;' responseTime: 82 avg: 109.0 count: 686</message>
</record>
<record>
  <date>2015-10-19T04:03:06</date>
  <millis>1445223786612</millis>
  <sequence>5564</sequence>
  <logger>se.sics.tac.aw.TACMessage</logger>
  <level>FINEST</level>
  <class>se.sics.tac.aw.TACMessage</class>
  <method>setReceivedMessage</method>
  <thread>23</thread>
  <message>requesting quotes for auction 4 (Outflight 2)</message>
</record>
<record>
  <date>2015-10-19T04:03:06</date>
  <millis>1445223786612</millis>
  <sequence>5565</sequence>
  <logger>se.sics.tac.aw.TACMessage</logger>
  <level>FINEST</level>
  <class>se.sics.tac.aw.TACMessage</class>
  <method>setReceivedMessage</method>
  <thread>23</thread>
  <message>XML out: '&lt;getQuote&gt;&lt;auctionID&gt;18401&lt;/auctionID&gt;&lt;/getQuote&gt;'</message>
</record>
<record>
  <date>2015-10-19T04:03:06</date>
  <millis>1445223786612</millis>
  <sequence>5566</sequence>
  <logger>se.sics.tac.aw.TACMessage</logger>
  <level>FINEST</level>
  <class>se.sics.tac.aw.TACMessage</class>
  <method>setReceivedMessage</method>
  <thread>23</thread>
  <message>XML in: '&lt;?xml version="1.0"?&gt;&lt;getQuote&gt;&lt;lastAskPrice&gt;414.0000&lt;/lastAskPrice&gt;&lt;lastBidPrice&gt;0.0000&lt;/lastBidPrice&gt;&lt;lastQuoteTime&gt;1445223730&lt;/lastQuoteTime&gt;&lt;nextQuoteTime&gt;1445223740&lt;/nextQuoteTime&gt;&lt;lastClearPrice&gt;408.0000&lt;/lastClearPrice&gt;&lt;lastClearTime&gt;1445223670&lt;/lastClearTime&gt;&lt;finalClearTime&gt;1445223900&lt;/finalClearTime&gt;&lt;nextClearTime&gt;0&lt;/nextClearTime&gt;&lt;hypotheticalQuantityWon&gt; &lt;/hypotheticalQuantityWon&gt;&lt;auctionStatus&gt;1&lt;/auctionStatus&gt;&lt;commandStatus&gt;0&lt;/commandStatus&gt;&lt;/getQuote&gt;' responseTime: 82 avg: 109.0 count: 687</message>
</record>
<record>
  <date>2015-10-19T04:03:06</date>
  <millis>1445223786636</millis>
  <sequence>5567</sequence>
  <logger>se.sics.tac.aw.TACMessage</logger>
  <level>FINEST</level>
  <class>se.sics.tac.aw.TACMessage</class>
  <method>setReceivedMessage</method>
  <thread>23</thread>
  <message>requesting quotes for auction 5 (Outflight 3)</message>
</record>
<record>
  <date>2015-10-19T04:03:06</date>
  <millis>1445223786636</millis>
  <sequence>5568</sequence>
  <logger>se.sics.tac.aw.TACMessage</logger>
  <level>FINEST</level>
  <class>se.sics.tac.aw.TACMessage</class>
  <method>setReceivedMessage</method>
  <thread>23</thread>
  <message>XML out: '&lt;getQuote&gt;&lt;auctionID&gt;18402&lt;/auctionID&gt;&lt;/getQuote&gt;'</message>
</record>
<record>
  <date>2015-10-19T04:03:06</date>
  <millis>1445223786636</millis>
  <sequence>5569</sequence>
  <logger>se.sics.tac.aw.TACMessage</logger>
  <level>FINEST</level>
  <class>se.sics.tac.aw.TACMessage</class>
  <method>setReceivedMessage</method>
  <thread>23</thread>
  <message>XML in: '&lt;?xml version="1.0"?&gt;&lt;getQuote&gt;&lt;lastAskPrice&gt;304.0000&lt;/lastAskPrice&gt;&lt;lastBidPrice&gt;0.0000&lt;/lastBidPrice&gt;&lt;lastQuoteTime&gt;1445223730&lt;/lastQuoteTime&gt;&lt;nextQuoteTime&gt;1445223740&lt;/nextQuoteTime&gt;&lt;lastClearPrice&gt;316.0000&lt;/lastClearPrice&gt;&lt;lastClearTime&gt;1445223670&lt;/lastClearTime&gt;&lt;finalClearTime&gt;1445223900&lt;/finalClearTime&gt;&lt;nextClearTime&gt;0&lt;/nextClearTime&gt;&lt;hypotheticalQuantityWon&gt; &lt;/hypotheticalQuantityWon&gt;&lt;auctionStatus&gt;1&lt;/auctionStatus&gt;&lt;commandStatus&gt;0&lt;/commandStatus&gt;&lt;/getQuote&gt;' responseTime: 106 avg: 109.0 count: 688</message>
</record>
<record>
  <date>2015-10-19T04:03:06</date>
  <millis>1445223786637</millis>
  <sequence>5570</sequence>
  <logger>se.sics.tac.aw.TACMessage</logger>
  <level>FINEST</level>
  <class>se.sics.tac.aw.TACMessage</class>
  <method>setReceivedMessage</method>
  <thread>23</thread>
  <message>requesting quotes for auction 6 (Outflight 4)</message>
</record>
<record>
  <date>2015-10-19T04:03:06</date>
  <millis>1445223786637</millis>
  <sequence>5571</sequence>
  <logger>se.sics.tac.aw.TACMessage</logger>
  <level>FINEST</level>
  <class>se.sics.tac.aw.TACMessage</class>
  <method>setReceivedMessage</method>
  <thread>23</thread>
  <message>XML out: '&lt;getQuote&gt;&lt;auctionID&gt;18403&lt;/auctionID&gt;&lt;/getQuote&gt;'</message>
</record>
<record>
  <date>2015-10-19T04:03:06</date>
  <millis>1445223786637</millis>
  <sequence>5572</sequence>
  <logger>se.sics.tac.aw.TACMessage</logger>
  <level>FINEST</level>
  <class>se.sics.tac.aw.TACMessage</class>
  <method>setReceivedMessage</method>
  <thread>23</thread>
  <message>XML in: '&lt;?xml version="1.0"?&gt;&lt;getQuote&gt;&lt;lastAskPrice&gt;290.0000&lt;/lastAskPrice&gt;&lt;lastBidPrice&gt;0.0000&lt;/lastBidPrice&gt;&lt;lastQuoteTime&gt;1445223730&lt;/lastQuoteTime&gt;&lt;nextQuoteTime&gt;1445223740&lt;/nextQuoteTime&gt;&lt;lastClearPrice&gt;290.0000&lt;/lastClearPrice&gt;&lt;lastClearTime&gt;1445223730&lt;/lastClearTime&gt;&lt;finalClearTime&gt;1445223900&lt;/finalClearTime&gt;&lt;nextClearTime&gt;0&lt;/nextClearTime&gt;&lt;hypotheticalQuantityWon&gt; &lt;/hypotheticalQuantityWon&gt;&lt;auctionStatus&gt;1&lt;/auctionStatus&gt;&lt;commandStatus&gt;0&lt;/commandStatus&gt;&lt;/getQuote&gt;' responseTime: 107 avg: 109.0 count: 689</message>
</record>
<record>
  <date>2015-10-19T04:03:06</date>
  <millis>1445223786637</millis>
  <sequence>5573</sequence>
  <logger>se.sics.tac.aw.TACMessage</logger>
  <level>FINEST</level>
  <class>se.sics.tac.aw.TACMessage</class>
  <method>setReceivedMessage</method>
  <thread>23</thread>
  <message>requesting quotes for auction 7 (Outflight 5)</message>
</record>
<record>
  <date>2015-10-19T04:03:06</date>
  <millis>1445223786637</millis>
  <sequence>5574</sequence>
  <logger>se.sics.tac.aw.TACMessage</logger>
  <level>FINEST</level>
  <class>se.sics.tac.aw.TACMessage</class>
  <method>setReceivedMessage</method>
  <thread>23</thread>
  <message>XML out: '&lt;getQuote&gt;&lt;auctionID&gt;18404&lt;/auctionID&gt;&lt;/getQuote&gt;'</message>
</record>
<record>
  <date>2015-10-19T04:03:06</date>
  <millis>1445223786637</millis>
  <sequence>5575</sequence>
  <logger>se.sics.tac.aw.TACMessage</logger>
  <level>FINEST</level>
  <class>se.sics.tac.aw.TACMessage</class>
  <method>setReceivedMessage</method>
  <thread>23</thread>
  <message>XML in: '&lt;?xml version="1.0"?&gt;&lt;getQuote&gt;&lt;lastAskPrice&gt;321.0000&lt;/lastAskPrice&gt;&lt;lastBidPrice&gt;0.0000&lt;/lastBidPrice&gt;&lt;lastQuoteTime&gt;1445223730&lt;/lastQuoteTime&gt;&lt;nextQuoteTime&gt;1445223740&lt;/nextQuoteTime&gt;&lt;lastClearPrice&gt;271.0000&lt;/lastClearPrice&gt;&lt;lastClearTime&gt;1445223490&lt;/lastClearTime&gt;&lt;finalClearTime&gt;1445223900&lt;/finalClearTime&gt;&lt;nextClearTime&gt;0&lt;/nextClearTime&gt;&lt;hypotheticalQuantityWon&gt; &lt;/hypotheticalQuantityWon&gt;&lt;auctionStatus&gt;1&lt;/auctionStatus&gt;&lt;commandStatus&gt;0&lt;/commandStatus&gt;&lt;/getQuote&gt;' responseTime: 107 avg: 109.0 count: 690</message>
</record>
<record>
  <date>2015-10-19T04:03:06</date>
  <millis>1445223786637</millis>
  <sequence>5576</sequence>
  <logger>se.sics.tac.aw.DummyAgent</logger>
  <level>FINE</level>
  <class>se.sics.tac.aw.DummyAgent</class>
  <method>quoteUpdated</method>
  <thread>23</thread>
  <message>All quotes for flight has been updated</message>
</record>
<record>
  <date>2015-10-19T04:03:11</date>
  <millis>1445223791570</millis>
  <sequence>5577</sequence>
  <logger>se.sics.tac.aw.TACMessage</logger>
  <level>FINEST</level>
  <class>se.sics.tac.aw.TACMessage</class>
  <method>setReceivedMessage</method>
  <thread>23</thread>
  <message>XML out: '&lt;bidInfo&gt;&lt;bidID&gt;723326&lt;/bidID&gt;&lt;/bidInfo&gt;'</message>
</record>
<record>
  <date>2015-10-19T04:03:11</date>
  <millis>1445223791571</millis>
  <sequence>5578</sequence>
  <logger>se.sics.tac.aw.TACMessage</logger>
  <level>FINEST</level>
  <class>se.sics.tac.aw.TACMessage</class>
  <method>setReceivedMessage</method>
  <thread>23</thread>
  <message>XML in: '&lt;?xml version="1.0"?&gt;&lt;bidInfo&gt;&lt;bidString&gt;((1 200.0000)(1 200.0000))&lt;/bidString&gt;&lt;bidHash&gt;((1 200.0000)(1 200.0000))&lt;/bidHash&gt;&lt;rejectReason&gt;0&lt;/rejectReason&gt;&lt;processingState&gt;2&lt;/processingState&gt;&lt;timeProcessed&gt;1445223361&lt;/timeProcessed&gt;&lt;timeClosed&gt;0&lt;/timeClosed&gt;&lt;withdrawState&gt;0&lt;/withdrawState&gt;&lt;timeWithdrawRequest&gt;0&lt;/timeWithdrawRequest&gt;&lt;timeWithdraw&gt;0&lt;/timeWithdraw&gt;&lt;commandStatus&gt;0&lt;/commandStatus&gt;&lt;/bidInfo&gt;' responseTime: 37 avg: 109.0 count: 691</message>
</record>
<record>
  <date>2015-10-19T04:03:11</date>
  <millis>1445223791571</millis>
  <sequence>5579</sequence>
  <logger>se.sics.tac.aw.DummyAgent</logger>
  <level>FINE</level>
  <class>se.sics.tac.aw.DummyAgent</class>
  <method>bidUpdated</method>
  <thread>23</thread>
  <message>Bid Updated: id=723326 auction=13 state=valid</message>
</record>
<record>
  <date>2015-10-19T04:03:11</date>
  <millis>1445223791571</millis>
  <sequence>5580</sequence>
  <logger>se.sics.tac.aw.DummyAgent</logger>
  <level>FINE</level>
  <class>se.sics.tac.aw.DummyAgent</class>
  <method>bidUpdated</method>
  <thread>23</thread>
  <message>       Hash: ((1 200.0000)(1 200.0000))</message>
</record>
<record>
  <date>2015-10-19T04:03:11</date>
  <millis>1445223791591</millis>
  <sequence>5581</sequence>
  <logger>se.sics.tac.aw.TACMessage</logger>
  <level>FINEST</level>
  <class>se.sics.tac.aw.TACMessage</class>
  <method>setReceivedMessage</method>
  <thread>23</thread>
  <message>XML out: '&lt;bidInfo&gt;&lt;bidID&gt;723329&lt;/bidID&gt;&lt;/bidInfo&gt;'</message>
</record>
<record>
  <date>2015-10-19T04:03:11</date>
  <millis>1445223791591</millis>
  <sequence>5582</sequence>
  <logger>se.sics.tac.aw.TACMessage</logger>
  <level>FINEST</level>
  <class>se.sics.tac.aw.TACMessage</class>
  <method>setReceivedMessage</method>
  <thread>23</thread>
  <message>XML in: '&lt;?xml version="1.0"?&gt;&lt;bidInfo&gt;&lt;bidString&gt;((1 70.0000))&lt;/bidString&gt;&lt;bidHash&gt;((1 70.0000))&lt;/bidHash&gt;&lt;rejectReason&gt;0&lt;/rejectReason&gt;&lt;processingState&gt;2&lt;/processingState&gt;&lt;timeProcessed&gt;1445223361&lt;/timeProcessed&gt;&lt;timeClosed&gt;0&lt;/timeClosed&gt;&lt;withdrawState&gt;0&lt;/withdrawState&gt;&lt;timeWithdrawRequest&gt;0&lt;/timeWithdrawRequest&gt;&lt;timeWithdraw&gt;0&lt;/timeWithdraw&gt;&lt;commandStatus&gt;0&lt;/commandStatus&gt;&lt;/bidInfo&gt;' responseTime: 58 avg: 109.0 count: 692</message>
</record>
<record>
  <date>2015-10-19T04:03:11</date>
  <millis>1445223791591</millis>
  <sequence>5583</sequence>
  <logger>se.sics.tac.aw.DummyAgent</logger>
  <level>FINE</level>
  <class>se.sics.tac.aw.DummyAgent</class>
  <method>bidUpdated</method>
  <thread>23</thread>
  <message>Bid Updated: id=723329 auction=16 state=valid</message>
</record>
<record>
  <date>2015-10-19T04:03:11</date>
  <millis>1445223791591</millis>
  <sequence>5584</sequence>
  <logger>se.sics.tac.aw.DummyAgent</logger>
  <level>FINE</level>
  <class>se.sics.tac.aw.DummyAgent</class>
  <method>bidUpdated</method>
  <thread>23</thread>
  <message>       Hash: ((1 70.0000))</message>
</record>
<record>
  <date>2015-10-19T04:03:11</date>
  <millis>1445223791593</millis>
  <sequence>5585</sequence>
  <logger>se.sics.tac.aw.TACMessage</logger>
  <level>FINEST</level>
  <class>se.sics.tac.aw.TACMessage</class>
  <method>setReceivedMessage</method>
  <thread>23</thread>
  <message>XML out: '&lt;bidInfo&gt;&lt;bidID&gt;723330&lt;/bidID&gt;&lt;/bidInfo&gt;'</message>
</record>
<record>
  <date>2015-10-19T04:03:11</date>
  <millis>1445223791593</millis>
  <sequence>5586</sequence>
  <logger>se.sics.tac.aw.TACMessage</logger>
  <level>FINEST</level>
  <class>se.sics.tac.aw.TACMessage</class>
  <method>setReceivedMessage</method>
  <thread>23</thread>
  <message>XML in: '&lt;?xml version="1.0"?&gt;&lt;bidInfo&gt;&lt;bidString&gt;((1 70.0000))&lt;/bidString&gt;&lt;bidHash&gt;((1 70.0000))&lt;/bidHash&gt;&lt;rejectReason&gt;0&lt;/rejectReason&gt;&lt;processingState&gt;2&lt;/processingState&gt;&lt;timeProcessed&gt;1445223361&lt;/timeProcessed&gt;&lt;timeClosed&gt;0&lt;/timeClosed&gt;&lt;withdrawState&gt;0&lt;/withdrawState&gt;&lt;timeWithdrawRequest&gt;0&lt;/timeWithdrawRequest&gt;&lt;timeWithdraw&gt;0&lt;/timeWithdraw&gt;&lt;commandStatus&gt;0&lt;/commandStatus&gt;&lt;/bidInfo&gt;' responseTime: 60 avg: 109.0 count: 693</message>
</record>
<record>
  <date>2015-10-19T04:03:11</date>
  <millis>1445223791593</millis>
  <sequence>5587</sequence>
  <logger>se.sics.tac.aw.DummyAgent</logger>
  <level>FINE</level>
  <class>se.sics.tac.aw.DummyAgent</class>
  <method>bidUpdated</method>
  <thread>23</thread>
  <message>Bid Updated: id=723330 auction=17 state=valid</message>
</record>
<record>
  <date>2015-10-19T04:03:11</date>
  <millis>1445223791593</millis>
  <sequence>5588</sequence>
  <logger>se.sics.tac.aw.DummyAgent</logger>
  <level>FINE</level>
  <class>se.sics.tac.aw.DummyAgent</class>
  <method>bidUpdated</method>
  <thread>23</thread>
  <message>       Hash: ((1 70.0000))</message>
</record>
<record>
  <date>2015-10-19T04:03:11</date>
  <millis>1445223791594</millis>
  <sequence>5589</sequence>
  <logger>se.sics.tac.aw.TACMessage</logger>
  <level>FINEST</level>
  <class>se.sics.tac.aw.TACMessage</class>
  <method>setReceivedMessage</method>
  <thread>23</thread>
  <message>XML out: '&lt;bidInfo&gt;&lt;bidID&gt;723331&lt;/bidID&gt;&lt;/bidInfo&gt;'</message>
</record>
<record>
  <date>2015-10-19T04:03:11</date>
  <millis>1445223791594</millis>
  <sequence>5590</sequence>
  <logger>se.sics.tac.aw.TACMessage</logger>
  <level>FINEST</level>
  <class>se.sics.tac.aw.TACMessage</class>
  <method>setReceivedMessage</method>
  <thread>23</thread>
  <message>XML in: '&lt;?xml version="1.0"?&gt;&lt;bidInfo&gt;&lt;bidString&gt;((1 70.0000)(1 70.0000)(1 70.0000))&lt;/bidString&gt;&lt;bidHash&gt;((1 70.0000)(1 70.0000)(1 70.0000))&lt;/bidHash&gt;&lt;rejectReason&gt;0&lt;/rejectReason&gt;&lt;processingState&gt;2&lt;/processingState&gt;&lt;timeProcessed&gt;1445223361&lt;/timeProcessed&gt;&lt;timeClosed&gt;0&lt;/timeClosed&gt;&lt;withdrawState&gt;0&lt;/withdrawState&gt;&lt;timeWithdrawRequest&gt;0&lt;/timeWithdrawRequest&gt;&lt;timeWithdraw&gt;0&lt;/timeWithdraw&gt;&lt;commandStatus&gt;0&lt;/commandStatus&gt;&lt;/bidInfo&gt;' responseTime: 61 avg: 109.0 count: 694</message>
</record>
<record>
  <date>2015-10-19T04:03:11</date>
  <millis>1445223791594</millis>
  <sequence>5591</sequence>
  <logger>se.sics.tac.aw.DummyAgent</logger>
  <level>FINE</level>
  <class>se.sics.tac.aw.DummyAgent</class>
  <method>bidUpdated</method>
  <thread>23</thread>
  <message>Bid Updated: id=723331 auction=18 state=valid</message>
</record>
<record>
  <date>2015-10-19T04:03:11</date>
  <millis>1445223791594</millis>
  <sequence>5592</sequence>
  <logger>se.sics.tac.aw.DummyAgent</logger>
  <level>FINE</level>
  <class>se.sics.tac.aw.DummyAgent</class>
  <method>bidUpdated</method>
  <thread>23</thread>
  <message>       Hash: ((1 70.0000)(1 70.0000)(1 70.0000))</message>
</record>
<record>
  <date>2015-10-19T04:03:11</date>
  <millis>1445223791594</millis>
  <sequence>5593</sequence>
  <logger>se.sics.tac.aw.TACMessage</logger>
  <level>FINEST</level>
  <class>se.sics.tac.aw.TACMessage</class>
  <method>setReceivedMessage</method>
  <thread>23</thread>
  <message>XML out: '&lt;bidInfo&gt;&lt;bidID&gt;723332&lt;/bidID&gt;&lt;/bidInfo&gt;'</message>
</record>
<record>
  <date>2015-10-19T04:03:11</date>
  <millis>1445223791594</millis>
  <sequence>5594</sequence>
  <logger>se.sics.tac.aw.TACMessage</logger>
  <level>FINEST</level>
  <class>se.sics.tac.aw.TACMessage</class>
  <method>setReceivedMessage</method>
  <thread>23</thread>
  <message>XML in: '&lt;?xml version="1.0"?&gt;&lt;bidInfo&gt;&lt;bidString&gt;((1 70.0000))&lt;/bidString&gt;&lt;bidHash&gt;((1 70.0000))&lt;/bidHash&gt;&lt;rejectReason&gt;0&lt;/rejectReason&gt;&lt;processingState&gt;2&lt;/processingState&gt;&lt;timeProcessed&gt;1445223361&lt;/timeProcessed&gt;&lt;timeClosed&gt;0&lt;/timeClosed&gt;&lt;withdrawState&gt;0&lt;/withdrawState&gt;&lt;timeWithdrawRequest&gt;0&lt;/timeWithdrawRequest&gt;&lt;timeWithdraw&gt;0&lt;/timeWithdraw&gt;&lt;commandStatus&gt;0&lt;/commandStatus&gt;&lt;/bidInfo&gt;' responseTime: 61 avg: 109.0 count: 695</message>
</record>
<record>
  <date>2015-10-19T04:03:11</date>
  <millis>1445223791594</millis>
  <sequence>5595</sequence>
  <logger>se.sics.tac.aw.DummyAgent</logger>
  <level>FINE</level>
  <class>se.sics.tac.aw.DummyAgent</class>
  <method>bidUpdated</method>
  <thread>23</thread>
  <message>Bid Updated: id=723332 auction=19 state=valid</message>
</record>
<record>
  <date>2015-10-19T04:03:11</date>
  <millis>1445223791594</millis>
  <sequence>5596</sequence>
  <logger>se.sics.tac.aw.DummyAgent</logger>
  <level>FINE</level>
  <class>se.sics.tac.aw.DummyAgent</class>
  <method>bidUpdated</method>
  <thread>23</thread>
  <message>       Hash: ((1 70.0000))</message>
</record>
<record>
  <date>2015-10-19T04:03:11</date>
  <millis>1445223791616</millis>
  <sequence>5597</sequence>
  <logger>se.sics.tac.aw.TACMessage</logger>
  <level>FINEST</level>
  <class>se.sics.tac.aw.TACMessage</class>
  <method>setReceivedMessage</method>
  <thread>23</thread>
  <message>XML out: '&lt;bidInfo&gt;&lt;bidID&gt;723333&lt;/bidID&gt;&lt;/bidInfo&gt;'</message>
</record>
<record>
  <date>2015-10-19T04:03:11</date>
  <millis>1445223791616</millis>
  <sequence>5598</sequence>
  <logger>se.sics.tac.aw.TACMessage</logger>
  <level>FINEST</level>
  <class>se.sics.tac.aw.TACMessage</class>
  <method>setReceivedMessage</method>
  <thread>23</thread>
  <message>XML in: '&lt;?xml version="1.0"?&gt;&lt;bidInfo&gt;&lt;bidString&gt;()&lt;/bidString&gt;&lt;bidHash&gt;()&lt;/bidHash&gt;&lt;rejectReason&gt;0&lt;/rejectReason&gt;&lt;processingState&gt;4&lt;/processingState&gt;&lt;timeProcessed&gt;1445223361&lt;/timeProcessed&gt;&lt;timeClosed&gt;1445223730&lt;/timeClosed&gt;&lt;withdrawState&gt;0&lt;/withdrawState&gt;&lt;timeWithdrawRequest&gt;0&lt;/timeWithdrawRequest&gt;&lt;timeWithdraw&gt;0&lt;/timeWithdraw&gt;&lt;commandStatus&gt;0&lt;/commandStatus&gt;&lt;/bidInfo&gt;' responseTime: 83 avg: 109.0 count: 696</message>
</record>
<record>
  <date>2015-10-19T04:03:11</date>
  <millis>1445223791616</millis>
  <sequence>5599</sequence>
  <logger>se.sics.tac.aw.TACAgent</logger>
  <level>FINEST</level>
  <class>se.sics.tac.aw.TACAgent</class>
  <method>handleBidInfo</method>
  <thread>23</thread>
  <message>Requesting transactions for bid 723333 ClearID=8</message>
</record>
<record>
  <date>2015-10-19T04:03:11</date>
  <millis>1445223791616</millis>
  <sequence>5600</sequence>
  <logger>se.sics.tac.aw.TACMessage</logger>
  <level>FINEST</level>
  <class>se.sics.tac.aw.TACMessage</class>
  <method>setReceivedMessage</method>
  <thread>23</thread>
  <message>XML out: '&lt;bidInfo&gt;&lt;bidID&gt;723334&lt;/bidID&gt;&lt;/bidInfo&gt;'</message>
</record>
<record>
  <date>2015-10-19T04:03:11</date>
  <millis>1445223791616</millis>
  <sequence>5601</sequence>
  <logger>se.sics.tac.aw.TACMessage</logger>
  <level>FINEST</level>
  <class>se.sics.tac.aw.TACMessage</class>
  <method>setReceivedMessage</method>
  <thread>23</thread>
  <message>XML in: '&lt;?xml version="1.0"?&gt;&lt;bidInfo&gt;&lt;bidString&gt;((1 70.0000))&lt;/bidString&gt;&lt;bidHash&gt;((1 70.0000))&lt;/bidHash&gt;&lt;rejectReason&gt;0&lt;/rejectReason&gt;&lt;processingState&gt;2&lt;/processingState&gt;&lt;timeProcessed&gt;1445223361&lt;/timeProcessed&gt;&lt;timeClosed&gt;0&lt;/timeClosed&gt;&lt;withdrawState&gt;0&lt;/withdrawState&gt;&lt;timeWithdrawRequest&gt;0&lt;/timeWithdrawRequest&gt;&lt;timeWithdraw&gt;0&lt;/timeWithdraw&gt;&lt;commandStatus&gt;0&lt;/commandStatus&gt;&lt;/bidInfo&gt;' responseTime: 83 avg: 109.0 count: 697</message>
</record>
<record>
  <date>2015-10-19T04:03:11</date>
  <millis>1445223791616</millis>
  <sequence>5602</sequence>
  <logger>se.sics.tac.aw.DummyAgent</logger>
  <level>FINE</level>
  <class>se.sics.tac.aw.DummyAgent</class>
  <method>bidUpdated</method>
  <thread>23</thread>
  <message>Bid Updated: id=723334 auction=25 state=valid</message>
</record>
<record>
  <date>2015-10-19T04:03:11</date>
  <millis>1445223791616</millis>
  <sequence>5603</sequence>
  <logger>se.sics.tac.aw.DummyAgent</logger>
  <level>FINE</level>
  <class>se.sics.tac.aw.DummyAgent</class>
  <method>bidUpdated</method>
  <thread>23</thread>
  <message>       Hash: ((1 70.0000))</message>
</record>
<record>
  <date>2015-10-19T04:03:11</date>
  <millis>1445223791616</millis>
  <sequence>5604</sequence>
  <logger>se.sics.tac.aw.TACMessage</logger>
  <level>FINEST</level>
  <class>se.sics.tac.aw.TACMessage</class>
  <method>setReceivedMessage</method>
  <thread>23</thread>
  <message>XML out: '&lt;bidInfo&gt;&lt;bidID&gt;723335&lt;/bidID&gt;&lt;/bidInfo&gt;'</message>
</record>
<record>
  <date>2015-10-19T04:03:11</date>
  <millis>1445223791616</millis>
  <sequence>5605</sequence>
  <logger>se.sics.tac.aw.TACMessage</logger>
  <level>FINEST</level>
  <class>se.sics.tac.aw.TACMessage</class>
  <method>setReceivedMessage</method>
  <thread>23</thread>
  <message>XML in: '&lt;?xml version="1.0"?&gt;&lt;bidInfo&gt;&lt;bidString&gt;()&lt;/bidString&gt;&lt;bidHash&gt;()&lt;/bidHash&gt;&lt;rejectReason&gt;0&lt;/rejectReason&gt;&lt;processingState&gt;4&lt;/processingState&gt;&lt;timeProcessed&gt;1445223361&lt;/timeProcessed&gt;&lt;timeClosed&gt;1445223730&lt;/timeClosed&gt;&lt;withdrawState&gt;0&lt;/withdrawState&gt;&lt;timeWithdrawRequest&gt;0&lt;/timeWithdrawRequest&gt;&lt;timeWithdraw&gt;0&lt;/timeWithdraw&gt;&lt;commandStatus&gt;0&lt;/commandStatus&gt;&lt;/bidInfo&gt;' responseTime: 83 avg: 109.0 count: 698</message>
</record>
<record>
  <date>2015-10-19T04:03:11</date>
  <millis>1445223791616</millis>
  <sequence>5606</sequence>
  <logger>se.sics.tac.aw.TACAgent</logger>
  <level>FINEST</level>
  <class>se.sics.tac.aw.TACAgent</class>
  <method>handleBidInfo</method>
  <thread>23</thread>
  <message>Requesting transactions for bid 723335 ClearID=9</message>
</record>
<record>
  <date>2015-10-19T04:03:11</date>
  <millis>1445223791616</millis>
  <sequence>5607</sequence>
  <logger>se.sics.tac.aw.TACMessage</logger>
  <level>FINEST</level>
  <class>se.sics.tac.aw.TACMessage</class>
  <method>setReceivedMessage</method>
  <thread>23</thread>
  <message>XML out: '&lt;bidInfo&gt;&lt;bidID&gt;723336&lt;/bidID&gt;&lt;/bidInfo&gt;'</message>
</record>
<record>
  <date>2015-10-19T04:03:11</date>
  <millis>1445223791617</millis>
  <sequence>5608</sequence>
  <logger>se.sics.tac.aw.TACMessage</logger>
  <level>FINEST</level>
  <class>se.sics.tac.aw.TACMessage</class>
  <method>setReceivedMessage</method>
  <thread>23</thread>
  <message>XML in: '&lt;?xml version="1.0"?&gt;&lt;bidInfo&gt;&lt;bidString&gt;()&lt;/bidString&gt;&lt;bidHash&gt;()&lt;/bidHash&gt;&lt;rejectReason&gt;0&lt;/rejectReason&gt;&lt;processingState&gt;4&lt;/processingState&gt;&lt;timeProcessed&gt;1445223361&lt;/timeProcessed&gt;&lt;timeClosed&gt;1445223730&lt;/timeClosed&gt;&lt;withdrawState&gt;0&lt;/withdrawState&gt;&lt;timeWithdrawRequest&gt;0&lt;/timeWithdrawRequest&gt;&lt;timeWithdraw&gt;0&lt;/timeWithdraw&gt;&lt;commandStatus&gt;0&lt;/commandStatus&gt;&lt;/bidInfo&gt;' responseTime: 83 avg: 109.0 count: 699</message>
</record>
<record>
  <date>2015-10-19T04:03:11</date>
  <millis>1445223791617</millis>
  <sequence>5609</sequence>
  <logger>se.sics.tac.aw.TACAgent</logger>
  <level>FINEST</level>
  <class>se.sics.tac.aw.TACAgent</class>
  <method>handleBidInfo</method>
  <thread>23</thread>
  <message>Requesting transactions for bid 723336 ClearID=10</message>
</record>
<record>
  <date>2015-10-19T04:03:11</date>
  <millis>1445223791617</millis>
  <sequence>5610</sequence>
  <logger>se.sics.tac.aw.TACMessage</logger>
  <level>FINEST</level>
  <class>se.sics.tac.aw.TACMessage</class>
  <method>setReceivedMessage</method>
  <thread>23</thread>
  <message>XML out: '&lt;transIDs&gt;&lt;earliestTransID&gt;122025&lt;/earliestTransID&gt;&lt;/transIDs&gt;'</message>
</record>
<record>
  <date>2015-10-19T04:03:11</date>
  <millis>1445223791617</millis>
  <sequence>5611</sequence>
  <logger>se.sics.tac.aw.TACMessage</logger>
  <level>FINEST</level>
  <class>se.sics.tac.aw.TACMessage</class>
  <method>setReceivedMessage</method>
  <thread>23</thread>
  <message>XML in: '&lt;?xml version="1.0"?&gt;&lt;transIDs&gt;&lt;ids&gt;&lt;list&gt;&lt;transID&gt;122052&lt;/transID&gt;&lt;transID&gt;122054&lt;/transID&gt;&lt;transID&gt;122055&lt;/transID&gt;&lt;transID&gt;122056&lt;/transID&gt;&lt;transID&gt;122057&lt;/transID&gt;&lt;/list&gt;&lt;/ids&gt;&lt;more&gt;0&lt;/more&gt;&lt;commandStatus&gt;0&lt;/commandStatus&gt;&lt;/transIDs&gt;' responseTime: 84 avg: 109.0 count: 700</message>
</record>
<record>
  <date>2015-10-19T04:03:11</date>
  <millis>1445223791638</millis>
  <sequence>5612</sequence>
  <logger>se.sics.tac.aw.TACMessage</logger>
  <level>FINEST</level>
  <class>se.sics.tac.aw.TACMessage</class>
  <method>setReceivedMessage</method>
  <thread>23</thread>
  <message>XML out: '&lt;transInfo&gt;&lt;transID&gt;122052&lt;/transID&gt;&lt;/transInfo&gt;'</message>
</record>
<record>
  <date>2015-10-19T04:03:11</date>
  <millis>1445223791638</millis>
  <sequence>5613</sequence>
  <logger>se.sics.tac.aw.TACMessage</logger>
  <level>FINEST</level>
  <class>se.sics.tac.aw.TACMessage</class>
  <method>setReceivedMessage</method>
  <thread>23</thread>
  <message>XML in: '&lt;?xml version="1.0"?&gt;&lt;transInfo&gt;&lt;auctionID&gt;18423&lt;/auctionID&gt;&lt;clearTime&gt;1445223730&lt;/clearTime&gt;&lt;tradePartyID&gt;-6&lt;/tradePartyID&gt;&lt;price&gt;70.0000&lt;/price&gt;&lt;quantity&gt;1.0&lt;/quantity&gt;&lt;commandStatus&gt;0&lt;/commandStatus&gt;&lt;/transInfo&gt;' responseTime: 21 avg: 108.0 count: 701</message>
</record>
<record>
  <date>2015-10-19T04:03:11</date>
  <millis>1445223791658</millis>
  <sequence>5614</sequence>
  <logger>se.sics.tac.aw.TACMessage</logger>
  <level>FINEST</level>
  <class>se.sics.tac.aw.TACMessage</class>
  <method>setReceivedMessage</method>
  <thread>23</thread>
  <message>XML out: '&lt;transInfo&gt;&lt;transID&gt;122054&lt;/transID&gt;&lt;/transInfo&gt;'</message>
</record>
<record>
  <date>2015-10-19T04:03:11</date>
  <millis>1445223791658</millis>
  <sequence>5615</sequence>
  <logger>se.sics.tac.aw.TACMessage</logger>
  <level>FINEST</level>
  <class>se.sics.tac.aw.TACMessage</class>
  <method>setReceivedMessage</method>
  <thread>23</thread>
  <message>XML in: '&lt;?xml version="1.0"?&gt;&lt;transInfo&gt;&lt;auctionID&gt;18419&lt;/auctionID&gt;&lt;clearTime&gt;1445223730&lt;/clearTime&gt;&lt;tradePartyID&gt;-5&lt;/tradePartyID&gt;&lt;price&gt;70.0000&lt;/price&gt;&lt;quantity&gt;1.0&lt;/quantity&gt;&lt;commandStatus&gt;0&lt;/commandStatus&gt;&lt;/transInfo&gt;' responseTime: 41 avg: 108.0 count: 702</message>
</record>
<record>
  <date>2015-10-19T04:03:11</date>
  <millis>1445223791734</millis>
  <sequence>5616</sequence>
  <logger>se.sics.tac.aw.TACMessage</logger>
  <level>FINEST</level>
  <class>se.sics.tac.aw.TACMessage</class>
  <method>setReceivedMessage</method>
  <thread>23</thread>
  <message>XML out: '&lt;transInfo&gt;&lt;transID&gt;122055&lt;/transID&gt;&lt;/transInfo&gt;'</message>
</record>
<record>
  <date>2015-10-19T04:03:11</date>
  <millis>1445223791734</millis>
  <sequence>5617</sequence>
  <logger>se.sics.tac.aw.TACMessage</logger>
  <level>FINEST</level>
  <class>se.sics.tac.aw.TACMessage</class>
  <method>setReceivedMessage</method>
  <thread>23</thread>
  <message>XML in: '&lt;?xml version="1.0"?&gt;&lt;transInfo&gt;&lt;auctionID&gt;18424&lt;/auctionID&gt;&lt;clearTime&gt;1445223730&lt;/clearTime&gt;&lt;tradePartyID&gt;-4&lt;/tradePartyID&gt;&lt;price&gt;70.0000&lt;/price&gt;&lt;quantity&gt;1.0&lt;/quantity&gt;&lt;commandStatus&gt;0&lt;/commandStatus&gt;&lt;/transInfo&gt;' responseTime: 117 avg: 108.0 count: 703</message>
</record>
<record>
  <date>2015-10-19T04:03:11</date>
  <millis>1445223791734</millis>
  <sequence>5618</sequence>
  <logger>se.sics.tac.aw.TACMessage</logger>
  <level>FINEST</level>
  <class>se.sics.tac.aw.TACMessage</class>
  <method>setReceivedMessage</method>
  <thread>23</thread>
  <message>XML out: '&lt;transInfo&gt;&lt;transID&gt;122056&lt;/transID&gt;&lt;/transInfo&gt;'</message>
</record>
<record>
  <date>2015-10-19T04:03:11</date>
  <millis>1445223791734</millis>
  <sequence>5619</sequence>
  <logger>se.sics.tac.aw.TACMessage</logger>
  <level>FINEST</level>
  <class>se.sics.tac.aw.TACMessage</class>
  <method>setReceivedMessage</method>
  <thread>23</thread>
  <message>XML in: '&lt;?xml version="1.0"?&gt;&lt;transInfo&gt;&lt;auctionID&gt;18424&lt;/auctionID&gt;&lt;clearTime&gt;1445223730&lt;/clearTime&gt;&lt;tradePartyID&gt;-4&lt;/tradePartyID&gt;&lt;price&gt;70.0000&lt;/price&gt;&lt;quantity&gt;1.0&lt;/quantity&gt;&lt;commandStatus&gt;0&lt;/commandStatus&gt;&lt;/transInfo&gt;' responseTime: 117 avg: 108.0 count: 704</message>
</record>
<record>
  <date>2015-10-19T04:03:11</date>
  <millis>1445223791734</millis>
  <sequence>5620</sequence>
  <logger>se.sics.tac.aw.TACMessage</logger>
  <level>FINEST</level>
  <class>se.sics.tac.aw.TACMessage</class>
  <method>setReceivedMessage</method>
  <thread>23</thread>
  <message>XML out: '&lt;transInfo&gt;&lt;transID&gt;122057&lt;/transID&gt;&lt;/transInfo&gt;'</message>
</record>
<record>
  <date>2015-10-19T04:03:11</date>
  <millis>1445223791734</millis>
  <sequence>5621</sequence>
  <logger>se.sics.tac.aw.TACMessage</logger>
  <level>FINEST</level>
  <class>se.sics.tac.aw.TACMessage</class>
  <method>setReceivedMessage</method>
  <thread>23</thread>
  <message>XML in: '&lt;?xml version="1.0"?&gt;&lt;transInfo&gt;&lt;auctionID&gt;18424&lt;/auctionID&gt;&lt;clearTime&gt;1445223730&lt;/clearTime&gt;&lt;tradePartyID&gt;-4&lt;/tradePartyID&gt;&lt;price&gt;70.0000&lt;/price&gt;&lt;quantity&gt;1.0&lt;/quantity&gt;&lt;commandStatus&gt;0&lt;/commandStatus&gt;&lt;/transInfo&gt;' responseTime: 117 avg: 108.0 count: 705</message>
</record>
<record>
  <date>2015-10-19T04:03:11</date>
  <millis>1445223791754</millis>
  <sequence>5622</sequence>
  <logger>se.sics.tac.aw.TACMessage</logger>
  <level>FINEST</level>
  <class>se.sics.tac.aw.TACMessage</class>
  <method>setReceivedMessage</method>
  <thread>23</thread>
  <message>XML out: '&lt;transIDs&gt;&lt;earliestTransID&gt;122057&lt;/earliestTransID&gt;&lt;/transIDs&gt;'</message>
</record>
<record>
  <date>2015-10-19T04:03:11</date>
  <millis>1445223791754</millis>
  <sequence>5623</sequence>
  <logger>se.sics.tac.aw.TACMessage</logger>
  <level>FINEST</level>
  <class>se.sics.tac.aw.TACMessage</class>
  <method>setReceivedMessage</method>
  <thread>23</thread>
  <message>XML in: '&lt;?xml version="1.0"?&gt;&lt;transIDs&gt;&lt;ids&gt;&lt;list&gt;&lt;/list&gt;&lt;/ids&gt;&lt;more&gt;0&lt;/more&gt;&lt;commandStatus&gt;0&lt;/commandStatus&gt;&lt;/transIDs&gt;' responseTime: 20 avg: 108.0 count: 706</message>
</record>
<record>
  <date>2015-10-19T04:03:11</date>
  <millis>1445223791755</millis>
  <sequence>5624</sequence>
  <logger>se.sics.tac.aw.DummyAgent</logger>
  <level>FINE</level>
  <class>se.sics.tac.aw.DummyAgent</class>
  <method>bidUpdated</method>
  <thread>23</thread>
  <message>Bid Updated: id=723333 auction=22 state=transacted</message>
</record>
<record>
  <date>2015-10-19T04:03:11</date>
  <millis>1445223791755</millis>
  <sequence>5625</sequence>
  <logger>se.sics.tac.aw.DummyAgent</logger>
  <level>FINE</level>
  <class>se.sics.tac.aw.DummyAgent</class>
  <method>bidUpdated</method>
  <thread>23</thread>
  <message>       Hash: ()</message>
</record>
<record>
  <date>2015-10-19T04:03:11</date>
  <millis>1445223791755</millis>
  <sequence>5626</sequence>
  <logger>se.sics.tac.aw.DummyAgent</logger>
  <level>FINE</level>
  <class>se.sics.tac.aw.DummyAgent</class>
  <method>bidUpdated</method>
  <thread>23</thread>
  <message>Bid Updated: id=723335 auction=26 state=transacted</message>
</record>
<record>
  <date>2015-10-19T04:03:11</date>
  <millis>1445223791755</millis>
  <sequence>5627</sequence>
  <logger>se.sics.tac.aw.DummyAgent</logger>
  <level>FINE</level>
  <class>se.sics.tac.aw.DummyAgent</class>
  <method>bidUpdated</method>
  <thread>23</thread>
  <message>       Hash: ()</message>
</record>
<record>
  <date>2015-10-19T04:03:11</date>
  <millis>1445223791756</millis>
  <sequence>5628</sequence>
  <logger>se.sics.tac.aw.DummyAgent</logger>
  <level>FINE</level>
  <class>se.sics.tac.aw.DummyAgent</class>
  <method>bidUpdated</method>
  <thread>23</thread>
  <message>Bid Updated: id=723336 auction=27 state=transacted</message>
</record>
<record>
  <date>2015-10-19T04:03:11</date>
  <millis>1445223791756</millis>
  <sequence>5629</sequence>
  <logger>se.sics.tac.aw.DummyAgent</logger>
  <level>FINE</level>
  <class>se.sics.tac.aw.DummyAgent</class>
  <method>bidUpdated</method>
  <thread>23</thread>
  <message>       Hash: ()</message>
</record>
<record>
  <date>2015-10-19T04:03:16</date>
  <millis>1445223796557</millis>
  <sequence>5630</sequence>
  <logger>se.sics.tac.aw.TACMessage</logger>
  <level>FINEST</level>
  <class>se.sics.tac.aw.TACMessage</class>
  <method>setReceivedMessage</method>
  <thread>23</thread>
  <message>requesting quotes for auction 0 (Inflight 1)</message>
</record>
<record>
  <date>2015-10-19T04:03:16</date>
  <millis>1445223796557</millis>
  <sequence>5631</sequence>
  <logger>se.sics.tac.aw.TACMessage</logger>
  <level>FINEST</level>
  <class>se.sics.tac.aw.TACMessage</class>
  <method>setReceivedMessage</method>
  <thread>23</thread>
  <message>XML out: '&lt;getQuote&gt;&lt;auctionID&gt;18397&lt;/auctionID&gt;&lt;/getQuote&gt;'</message>
</record>
<record>
  <date>2015-10-19T04:03:16</date>
  <millis>1445223796557</millis>
  <sequence>5632</sequence>
  <logger>se.sics.tac.aw.TACMessage</logger>
  <level>FINEST</level>
  <class>se.sics.tac.aw.TACMessage</class>
  <method>setReceivedMessage</method>
  <thread>23</thread>
  <message>XML in: '&lt;?xml version="1.0"?&gt;&lt;getQuote&gt;&lt;lastAskPrice&gt;486.0000&lt;/lastAskPrice&gt;&lt;lastBidPrice&gt;0.0000&lt;/lastBidPrice&gt;&lt;lastQuoteTime&gt;1445223740&lt;/lastQuoteTime&gt;&lt;nextQuoteTime&gt;1445223750&lt;/nextQuoteTime&gt;&lt;lastClearPrice&gt;293.0000&lt;/lastClearPrice&gt;&lt;lastClearTime&gt;1445223550&lt;/lastClearTime&gt;&lt;finalClearTime&gt;1445223900&lt;/finalClearTime&gt;&lt;nextClearTime&gt;0&lt;/nextClearTime&gt;&lt;hypotheticalQuantityWon&gt; &lt;/hypotheticalQuantityWon&gt;&lt;auctionStatus&gt;1&lt;/auctionStatus&gt;&lt;commandStatus&gt;0&lt;/commandStatus&gt;&lt;/getQuote&gt;' responseTime: 22 avg: 108.0 count: 707</message>
</record>
<record>
  <date>2015-10-19T04:03:16</date>
  <millis>1445223796578</millis>
  <sequence>5633</sequence>
  <logger>se.sics.tac.aw.TACMessage</logger>
  <level>FINEST</level>
  <class>se.sics.tac.aw.TACMessage</class>
  <method>setReceivedMessage</method>
  <thread>23</thread>
  <message>requesting quotes for auction 1 (Inflight 2)</message>
</record>
<record>
  <date>2015-10-19T04:03:16</date>
  <millis>1445223796578</millis>
  <sequence>5634</sequence>
  <logger>se.sics.tac.aw.TACMessage</logger>
  <level>FINEST</level>
  <class>se.sics.tac.aw.TACMessage</class>
  <method>setReceivedMessage</method>
  <thread>23</thread>
  <message>XML out: '&lt;getQuote&gt;&lt;auctionID&gt;18398&lt;/auctionID&gt;&lt;/getQuote&gt;'</message>
</record>
<record>
  <date>2015-10-19T04:03:16</date>
  <millis>1445223796578</millis>
  <sequence>5635</sequence>
  <logger>se.sics.tac.aw.TACMessage</logger>
  <level>FINEST</level>
  <class>se.sics.tac.aw.TACMessage</class>
  <method>setReceivedMessage</method>
  <thread>23</thread>
  <message>XML in: '&lt;?xml version="1.0"?&gt;&lt;getQuote&gt;&lt;lastAskPrice&gt;348.0000&lt;/lastAskPrice&gt;&lt;lastBidPrice&gt;0.0000&lt;/lastBidPrice&gt;&lt;lastQuoteTime&gt;1445223740&lt;/lastQuoteTime&gt;&lt;nextQuoteTime&gt;1445223750&lt;/nextQuoteTime&gt;&lt;lastClearPrice&gt;364.0000&lt;/lastClearPrice&gt;&lt;lastClearTime&gt;1445223670&lt;/lastClearTime&gt;&lt;finalClearTime&gt;1445223900&lt;/finalClearTime&gt;&lt;nextClearTime&gt;0&lt;/nextClearTime&gt;&lt;hypotheticalQuantityWon&gt; &lt;/hypotheticalQuantityWon&gt;&lt;auctionStatus&gt;1&lt;/auctionStatus&gt;&lt;commandStatus&gt;0&lt;/commandStatus&gt;&lt;/getQuote&gt;' responseTime: 43 avg: 108.0 count: 708</message>
</record>
<record>
  <date>2015-10-19T04:03:16</date>
  <millis>1445223796580</millis>
  <sequence>5636</sequence>
  <logger>se.sics.tac.aw.TACMessage</logger>
  <level>FINEST</level>
  <class>se.sics.tac.aw.TACMessage</class>
  <method>setReceivedMessage</method>
  <thread>23</thread>
  <message>requesting quotes for auction 2 (Inflight 3)</message>
</record>
<record>
  <date>2015-10-19T04:03:16</date>
  <millis>1445223796580</millis>
  <sequence>5637</sequence>
  <logger>se.sics.tac.aw.TACMessage</logger>
  <level>FINEST</level>
  <class>se.sics.tac.aw.TACMessage</class>
  <method>setReceivedMessage</method>
  <thread>23</thread>
  <message>XML out: '&lt;getQuote&gt;&lt;auctionID&gt;18399&lt;/auctionID&gt;&lt;/getQuote&gt;'</message>
</record>
<record>
  <date>2015-10-19T04:03:16</date>
  <millis>1445223796580</millis>
  <sequence>5638</sequence>
  <logger>se.sics.tac.aw.TACMessage</logger>
  <level>FINEST</level>
  <class>se.sics.tac.aw.TACMessage</class>
  <method>setReceivedMessage</method>
  <thread>23</thread>
  <message>XML in: '&lt;?xml version="1.0"?&gt;&lt;getQuote&gt;&lt;lastAskPrice&gt;231.0000&lt;/lastAskPrice&gt;&lt;lastBidPrice&gt;0.0000&lt;/lastBidPrice&gt;&lt;lastQuoteTime&gt;1445223740&lt;/lastQuoteTime&gt;&lt;nextQuoteTime&gt;1445223750&lt;/nextQuoteTime&gt;&lt;lastClearPrice&gt;277.0000&lt;/lastClearPrice&gt;&lt;lastClearTime&gt;1445223361&lt;/lastClearTime&gt;&lt;finalClearTime&gt;1445223900&lt;/finalClearTime&gt;&lt;nextClearTime&gt;0&lt;/nextClearTime&gt;&lt;hypotheticalQuantityWon&gt; &lt;/hypotheticalQuantityWon&gt;&lt;auctionStatus&gt;1&lt;/auctionStatus&gt;&lt;commandStatus&gt;0&lt;/commandStatus&gt;&lt;/getQuote&gt;' responseTime: 45 avg: 108.0 count: 709</message>
</record>
<record>
  <date>2015-10-19T04:03:16</date>
  <millis>1445223796580</millis>
  <sequence>5639</sequence>
  <logger>se.sics.tac.aw.TACMessage</logger>
  <level>FINEST</level>
  <class>se.sics.tac.aw.TACMessage</class>
  <method>setReceivedMessage</method>
  <thread>23</thread>
  <message>requesting quotes for auction 3 (Inflight 4)</message>
</record>
<record>
  <date>2015-10-19T04:03:16</date>
  <millis>1445223796580</millis>
  <sequence>5640</sequence>
  <logger>se.sics.tac.aw.TACMessage</logger>
  <level>FINEST</level>
  <class>se.sics.tac.aw.TACMessage</class>
  <method>setReceivedMessage</method>
  <thread>23</thread>
  <message>XML out: '&lt;getQuote&gt;&lt;auctionID&gt;18400&lt;/auctionID&gt;&lt;/getQuote&gt;'</message>
</record>
<record>
  <date>2015-10-19T04:03:16</date>
  <millis>1445223796580</millis>
  <sequence>5641</sequence>
  <logger>se.sics.tac.aw.TACMessage</logger>
  <level>FINEST</level>
  <class>se.sics.tac.aw.TACMessage</class>
  <method>setReceivedMessage</method>
  <thread>23</thread>
  <message>XML in: '&lt;?xml version="1.0"?&gt;&lt;getQuote&gt;&lt;lastAskPrice&gt;293.0000&lt;/lastAskPrice&gt;&lt;lastBidPrice&gt;0.0000&lt;/lastBidPrice&gt;&lt;lastQuoteTime&gt;1445223740&lt;/lastQuoteTime&gt;&lt;nextQuoteTime&gt;1445223750&lt;/nextQuoteTime&gt;&lt;lastClearPrice&gt;267.0000&lt;/lastClearPrice&gt;&lt;lastClearTime&gt;1445223361&lt;/lastClearTime&gt;&lt;finalClearTime&gt;1445223900&lt;/finalClearTime&gt;&lt;nextClearTime&gt;0&lt;/nextClearTime&gt;&lt;hypotheticalQuantityWon&gt; &lt;/hypotheticalQuantityWon&gt;&lt;auctionStatus&gt;1&lt;/auctionStatus&gt;&lt;commandStatus&gt;0&lt;/commandStatus&gt;&lt;/getQuote&gt;' responseTime: 45 avg: 108.0 count: 710</message>
</record>
<record>
  <date>2015-10-19T04:03:16</date>
  <millis>1445223796580</millis>
  <sequence>5642</sequence>
  <logger>se.sics.tac.aw.TACMessage</logger>
  <level>FINEST</level>
  <class>se.sics.tac.aw.TACMessage</class>
  <method>setReceivedMessage</method>
  <thread>23</thread>
  <message>requesting quotes for auction 4 (Outflight 2)</message>
</record>
<record>
  <date>2015-10-19T04:03:16</date>
  <millis>1445223796580</millis>
  <sequence>5643</sequence>
  <logger>se.sics.tac.aw.TACMessage</logger>
  <level>FINEST</level>
  <class>se.sics.tac.aw.TACMessage</class>
  <method>setReceivedMessage</method>
  <thread>23</thread>
  <message>XML out: '&lt;getQuote&gt;&lt;auctionID&gt;18401&lt;/auctionID&gt;&lt;/getQuote&gt;'</message>
</record>
<record>
  <date>2015-10-19T04:03:16</date>
  <millis>1445223796580</millis>
  <sequence>5644</sequence>
  <logger>se.sics.tac.aw.TACMessage</logger>
  <level>FINEST</level>
  <class>se.sics.tac.aw.TACMessage</class>
  <method>setReceivedMessage</method>
  <thread>23</thread>
  <message>XML in: '&lt;?xml version="1.0"?&gt;&lt;getQuote&gt;&lt;lastAskPrice&gt;427.0000&lt;/lastAskPrice&gt;&lt;lastBidPrice&gt;0.0000&lt;/lastBidPrice&gt;&lt;lastQuoteTime&gt;1445223740&lt;/lastQuoteTime&gt;&lt;nextQuoteTime&gt;1445223750&lt;/nextQuoteTime&gt;&lt;lastClearPrice&gt;408.0000&lt;/lastClearPrice&gt;&lt;lastClearTime&gt;1445223670&lt;/lastClearTime&gt;&lt;finalClearTime&gt;1445223900&lt;/finalClearTime&gt;&lt;nextClearTime&gt;0&lt;/nextClearTime&gt;&lt;hypotheticalQuantityWon&gt; &lt;/hypotheticalQuantityWon&gt;&lt;auctionStatus&gt;1&lt;/auctionStatus&gt;&lt;commandStatus&gt;0&lt;/commandStatus&gt;&lt;/getQuote&gt;' responseTime: 45 avg: 108.0 count: 711</message>
</record>
<record>
  <date>2015-10-19T04:03:16</date>
  <millis>1445223796599</millis>
  <sequence>5645</sequence>
  <logger>se.sics.tac.aw.TACMessage</logger>
  <level>FINEST</level>
  <class>se.sics.tac.aw.TACMessage</class>
  <method>setReceivedMessage</method>
  <thread>23</thread>
  <message>requesting quotes for auction 5 (Outflight 3)</message>
</record>
<record>
  <date>2015-10-19T04:03:16</date>
  <millis>1445223796599</millis>
  <sequence>5646</sequence>
  <logger>se.sics.tac.aw.TACMessage</logger>
  <level>FINEST</level>
  <class>se.sics.tac.aw.TACMessage</class>
  <method>setReceivedMessage</method>
  <thread>23</thread>
  <message>XML out: '&lt;getQuote&gt;&lt;auctionID&gt;18402&lt;/auctionID&gt;&lt;/getQuote&gt;'</message>
</record>
<record>
  <date>2015-10-19T04:03:16</date>
  <millis>1445223796599</millis>
  <sequence>5647</sequence>
  <logger>se.sics.tac.aw.TACMessage</logger>
  <level>FINEST</level>
  <class>se.sics.tac.aw.TACMessage</class>
  <method>setReceivedMessage</method>
  <thread>23</thread>
  <message>XML in: '&lt;?xml version="1.0"?&gt;&lt;getQuote&gt;&lt;lastAskPrice&gt;297.0000&lt;/lastAskPrice&gt;&lt;lastBidPrice&gt;0.0000&lt;/lastBidPrice&gt;&lt;lastQuoteTime&gt;1445223740&lt;/lastQuoteTime&gt;&lt;nextQuoteTime&gt;1445223750&lt;/nextQuoteTime&gt;&lt;lastClearPrice&gt;316.0000&lt;/lastClearPrice&gt;&lt;lastClearTime&gt;1445223670&lt;/lastClearTime&gt;&lt;finalClearTime&gt;1445223900&lt;/finalClearTime&gt;&lt;nextClearTime&gt;0&lt;/nextClearTime&gt;&lt;hypotheticalQuantityWon&gt; &lt;/hypotheticalQuantityWon&gt;&lt;auctionStatus&gt;1&lt;/auctionStatus&gt;&lt;commandStatus&gt;0&lt;/commandStatus&gt;&lt;/getQuote&gt;' responseTime: 64 avg: 108.0 count: 712</message>
</record>
<record>
  <date>2015-10-19T04:03:16</date>
  <millis>1445223796599</millis>
  <sequence>5648</sequence>
  <logger>se.sics.tac.aw.TACMessage</logger>
  <level>FINEST</level>
  <class>se.sics.tac.aw.TACMessage</class>
  <method>setReceivedMessage</method>
  <thread>23</thread>
  <message>requesting quotes for auction 6 (Outflight 4)</message>
</record>
<record>
  <date>2015-10-19T04:03:16</date>
  <millis>1445223796599</millis>
  <sequence>5649</sequence>
  <logger>se.sics.tac.aw.TACMessage</logger>
  <level>FINEST</level>
  <class>se.sics.tac.aw.TACMessage</class>
  <method>setReceivedMessage</method>
  <thread>23</thread>
  <message>XML out: '&lt;getQuote&gt;&lt;auctionID&gt;18403&lt;/auctionID&gt;&lt;/getQuote&gt;'</message>
</record>
<record>
  <date>2015-10-19T04:03:16</date>
  <millis>1445223796599</millis>
  <sequence>5650</sequence>
  <logger>se.sics.tac.aw.TACMessage</logger>
  <level>FINEST</level>
  <class>se.sics.tac.aw.TACMessage</class>
  <method>setReceivedMessage</method>
  <thread>23</thread>
  <message>XML in: '&lt;?xml version="1.0"?&gt;&lt;getQuote&gt;&lt;lastAskPrice&gt;303.0000&lt;/lastAskPrice&gt;&lt;lastBidPrice&gt;0.0000&lt;/lastBidPrice&gt;&lt;lastQuoteTime&gt;1445223740&lt;/lastQuoteTime&gt;&lt;nextQuoteTime&gt;1445223750&lt;/nextQuoteTime&gt;&lt;lastClearPrice&gt;290.0000&lt;/lastClearPrice&gt;&lt;lastClearTime&gt;1445223730&lt;/lastClearTime&gt;&lt;finalClearTime&gt;1445223900&lt;/finalClearTime&gt;&lt;nextClearTime&gt;0&lt;/nextClearTime&gt;&lt;hypotheticalQuantityWon&gt; &lt;/hypotheticalQuantityWon&gt;&lt;auctionStatus&gt;1&lt;/auctionStatus&gt;&lt;commandStatus&gt;0&lt;/commandStatus&gt;&lt;/getQuote&gt;' responseTime: 64 avg: 108.0 count: 713</message>
</record>
<record>
  <date>2015-10-19T04:03:16</date>
  <millis>1445223796600</millis>
  <sequence>5651</sequence>
  <logger>se.sics.tac.aw.TACMessage</logger>
  <level>FINEST</level>
  <class>se.sics.tac.aw.TACMessage</class>
  <method>setReceivedMessage</method>
  <thread>23</thread>
  <message>requesting quotes for auction 7 (Outflight 5)</message>
</record>
<record>
  <date>2015-10-19T04:03:16</date>
  <millis>1445223796600</millis>
  <sequence>5652</sequence>
  <logger>se.sics.tac.aw.TACMessage</logger>
  <level>FINEST</level>
  <class>se.sics.tac.aw.TACMessage</class>
  <method>setReceivedMessage</method>
  <thread>23</thread>
  <message>XML out: '&lt;getQuote&gt;&lt;auctionID&gt;18404&lt;/auctionID&gt;&lt;/getQuote&gt;'</message>
</record>
<record>
  <date>2015-10-19T04:03:16</date>
  <millis>1445223796600</millis>
  <sequence>5653</sequence>
  <logger>se.sics.tac.aw.TACMessage</logger>
  <level>FINEST</level>
  <class>se.sics.tac.aw.TACMessage</class>
  <method>setReceivedMessage</method>
  <thread>23</thread>
  <message>XML in: '&lt;?xml version="1.0"?&gt;&lt;getQuote&gt;&lt;lastAskPrice&gt;312.0000&lt;/lastAskPrice&gt;&lt;lastBidPrice&gt;0.0000&lt;/lastBidPrice&gt;&lt;lastQuoteTime&gt;1445223740&lt;/lastQuoteTime&gt;&lt;nextQuoteTime&gt;1445223750&lt;/nextQuoteTime&gt;&lt;lastClearPrice&gt;271.0000&lt;/lastClearPrice&gt;&lt;lastClearTime&gt;1445223490&lt;/lastClearTime&gt;&lt;finalClearTime&gt;1445223900&lt;/finalClearTime&gt;&lt;nextClearTime&gt;0&lt;/nextClearTime&gt;&lt;hypotheticalQuantityWon&gt; &lt;/hypotheticalQuantityWon&gt;&lt;auctionStatus&gt;1&lt;/auctionStatus&gt;&lt;commandStatus&gt;0&lt;/commandStatus&gt;&lt;/getQuote&gt;' responseTime: 65 avg: 108.0 count: 714</message>
</record>
<record>
  <date>2015-10-19T04:03:16</date>
  <millis>1445223796600</millis>
  <sequence>5654</sequence>
  <logger>se.sics.tac.aw.DummyAgent</logger>
  <level>FINE</level>
  <class>se.sics.tac.aw.DummyAgent</class>
  <method>quoteUpdated</method>
  <thread>23</thread>
  <message>All quotes for flight has been updated</message>
</record>
<record>
  <date>2015-10-19T04:03:26</date>
  <millis>1445223806560</millis>
  <sequence>5655</sequence>
  <logger>se.sics.tac.aw.TACMessage</logger>
  <level>FINEST</level>
  <class>se.sics.tac.aw.TACMessage</class>
  <method>setReceivedMessage</method>
  <thread>23</thread>
  <message>requesting quotes for auction 16 (Alligator 1)</message>
</record>
<record>
  <date>2015-10-19T04:03:26</date>
  <millis>1445223806560</millis>
  <sequence>5656</sequence>
  <logger>se.sics.tac.aw.TACMessage</logger>
  <level>FINEST</level>
  <class>se.sics.tac.aw.TACMessage</class>
  <method>setReceivedMessage</method>
  <thread>23</thread>
  <message>XML out: '&lt;getQuote&gt;&lt;auctionID&gt;18413&lt;/auctionID&gt;&lt;bidID&gt;723329&lt;/bidID&gt;&lt;/getQuote&gt;'</message>
</record>
<record>
  <date>2015-10-19T04:03:26</date>
  <millis>1445223806560</millis>
  <sequence>5657</sequence>
  <logger>se.sics.tac.aw.TACMessage</logger>
  <level>FINEST</level>
  <class>se.sics.tac.aw.TACMessage</class>
  <method>setReceivedMessage</method>
  <thread>23</thread>
  <message>XML in: '&lt;?xml version="1.0"?&gt;&lt;getQuote&gt;&lt;lastAskPrice&gt;0.0000&lt;/lastAskPrice&gt;&lt;lastBidPrice&gt;81.2046&lt;/lastBidPrice&gt;&lt;lastQuoteTime&gt;1445223736&lt;/lastQuoteTime&gt;&lt;nextQuoteTime&gt;1445223781&lt;/nextQuoteTime&gt;&lt;lastClearPrice&gt;84.4630&lt;/lastClearPrice&gt;&lt;lastClearTime&gt;1445223736&lt;/lastClearTime&gt;&lt;finalClearTime&gt;1445223900&lt;/finalClearTime&gt;&lt;nextClearTime&gt;0&lt;/nextClearTime&gt;&lt;hypotheticalQuantityWon&gt; &lt;/hypotheticalQuantityWon&gt;&lt;auctionStatus&gt;1&lt;/auctionStatus&gt;&lt;commandStatus&gt;0&lt;/commandStatus&gt;&lt;/getQuote&gt;' responseTime: 19 avg: 107.0 count: 715</message>
</record>
<record>
  <date>2015-10-19T04:03:26</date>
  <millis>1445223806580</millis>
  <sequence>5658</sequence>
  <logger>se.sics.tac.aw.TACMessage</logger>
  <level>FINEST</level>
  <class>se.sics.tac.aw.TACMessage</class>
  <method>setReceivedMessage</method>
  <thread>23</thread>
  <message>requesting quotes for auction 17 (Alligator 2)</message>
</record>
<record>
  <date>2015-10-19T04:03:26</date>
  <millis>1445223806580</millis>
  <sequence>5659</sequence>
  <logger>se.sics.tac.aw.TACMessage</logger>
  <level>FINEST</level>
  <class>se.sics.tac.aw.TACMessage</class>
  <method>setReceivedMessage</method>
  <thread>23</thread>
  <message>XML out: '&lt;getQuote&gt;&lt;auctionID&gt;18414&lt;/auctionID&gt;&lt;bidID&gt;723330&lt;/bidID&gt;&lt;/getQuote&gt;'</message>
</record>
<record>
  <date>2015-10-19T04:03:26</date>
  <millis>1445223806580</millis>
  <sequence>5660</sequence>
  <logger>se.sics.tac.aw.TACMessage</logger>
  <level>FINEST</level>
  <class>se.sics.tac.aw.TACMessage</class>
  <method>setReceivedMessage</method>
  <thread>23</thread>
  <message>XML in: '&lt;?xml version="1.0"?&gt;&lt;getQuote&gt;&lt;lastAskPrice&gt;109.0000&lt;/lastAskPrice&gt;&lt;lastBidPrice&gt;94.7631&lt;/lastBidPrice&gt;&lt;lastQuoteTime&gt;1445223751&lt;/lastQuoteTime&gt;&lt;nextQuoteTime&gt;1445223781&lt;/nextQuoteTime&gt;&lt;lastClearPrice&gt;0.0000&lt;/lastClearPrice&gt;&lt;lastClearTime&gt;0&lt;/lastClearTime&gt;&lt;finalClearTime&gt;1445223900&lt;/finalClearTime&gt;&lt;nextClearTime&gt;0&lt;/nextClearTime&gt;&lt;hypotheticalQuantityWon&gt; &lt;/hypotheticalQuantityWon&gt;&lt;auctionStatus&gt;1&lt;/auctionStatus&gt;&lt;commandStatus&gt;0&lt;/commandStatus&gt;&lt;/getQuote&gt;' responseTime: 39 avg: 107.0 count: 716</message>
</record>
<record>
  <date>2015-10-19T04:03:26</date>
  <millis>1445223806581</millis>
  <sequence>5661</sequence>
  <logger>se.sics.tac.aw.TACMessage</logger>
  <level>FINEST</level>
  <class>se.sics.tac.aw.TACMessage</class>
  <method>setReceivedMessage</method>
  <thread>23</thread>
  <message>requesting quotes for auction 18 (Alligator 3)</message>
</record>
<record>
  <date>2015-10-19T04:03:26</date>
  <millis>1445223806581</millis>
  <sequence>5662</sequence>
  <logger>se.sics.tac.aw.TACMessage</logger>
  <level>FINEST</level>
  <class>se.sics.tac.aw.TACMessage</class>
  <method>setReceivedMessage</method>
  <thread>23</thread>
  <message>XML out: '&lt;getQuote&gt;&lt;auctionID&gt;18415&lt;/auctionID&gt;&lt;bidID&gt;723331&lt;/bidID&gt;&lt;/getQuote&gt;'</message>
</record>
<record>
  <date>2015-10-19T04:03:26</date>
  <millis>1445223806581</millis>
  <sequence>5663</sequence>
  <logger>se.sics.tac.aw.TACMessage</logger>
  <level>FINEST</level>
  <class>se.sics.tac.aw.TACMessage</class>
  <method>setReceivedMessage</method>
  <thread>23</thread>
  <message>XML in: '&lt;?xml version="1.0"?&gt;&lt;getQuote&gt;&lt;lastAskPrice&gt;0.0000&lt;/lastAskPrice&gt;&lt;lastBidPrice&gt;94.9805&lt;/lastBidPrice&gt;&lt;lastQuoteTime&gt;1445223730&lt;/lastQuoteTime&gt;&lt;nextQuoteTime&gt;1445223781&lt;/nextQuoteTime&gt;&lt;lastClearPrice&gt;72.8015&lt;/lastClearPrice&gt;&lt;lastClearTime&gt;1445223730&lt;/lastClearTime&gt;&lt;finalClearTime&gt;1445223900&lt;/finalClearTime&gt;&lt;nextClearTime&gt;0&lt;/nextClearTime&gt;&lt;hypotheticalQuantityWon&gt; &lt;/hypotheticalQuantityWon&gt;&lt;auctionStatus&gt;1&lt;/auctionStatus&gt;&lt;commandStatus&gt;0&lt;/commandStatus&gt;&lt;/getQuote&gt;' responseTime: 40 avg: 107.0 count: 717</message>
</record>
<record>
  <date>2015-10-19T04:03:26</date>
  <millis>1445223806581</millis>
  <sequence>5664</sequence>
  <logger>se.sics.tac.aw.TACMessage</logger>
  <level>FINEST</level>
  <class>se.sics.tac.aw.TACMessage</class>
  <method>setReceivedMessage</method>
  <thread>23</thread>
  <message>requesting quotes for auction 19 (Alligator 4)</message>
</record>
<record>
  <date>2015-10-19T04:03:26</date>
  <millis>1445223806581</millis>
  <sequence>5665</sequence>
  <logger>se.sics.tac.aw.TACMessage</logger>
  <level>FINEST</level>
  <class>se.sics.tac.aw.TACMessage</class>
  <method>setReceivedMessage</method>
  <thread>23</thread>
  <message>XML out: '&lt;getQuote&gt;&lt;auctionID&gt;18416&lt;/auctionID&gt;&lt;bidID&gt;723332&lt;/bidID&gt;&lt;/getQuote&gt;'</message>
</record>
<record>
  <date>2015-10-19T04:03:26</date>
  <millis>1445223806581</millis>
  <sequence>5666</sequence>
  <logger>se.sics.tac.aw.TACMessage</logger>
  <level>FINEST</level>
  <class>se.sics.tac.aw.TACMessage</class>
  <method>setReceivedMessage</method>
  <thread>23</thread>
  <message>XML in: '&lt;?xml version="1.0"?&gt;&lt;getQuote&gt;&lt;lastAskPrice&gt;90.5719&lt;/lastAskPrice&gt;&lt;lastBidPrice&gt;70.0000&lt;/lastBidPrice&gt;&lt;lastQuoteTime&gt;1445223730&lt;/lastQuoteTime&gt;&lt;nextQuoteTime&gt;1445223781&lt;/nextQuoteTime&gt;&lt;lastClearPrice&gt;90.5719&lt;/lastClearPrice&gt;&lt;lastClearTime&gt;1445223730&lt;/lastClearTime&gt;&lt;finalClearTime&gt;1445223900&lt;/finalClearTime&gt;&lt;nextClearTime&gt;0&lt;/nextClearTime&gt;&lt;hypotheticalQuantityWon&gt; &lt;/hypotheticalQuantityWon&gt;&lt;auctionStatus&gt;1&lt;/auctionStatus&gt;&lt;commandStatus&gt;0&lt;/commandStatus&gt;&lt;/getQuote&gt;' responseTime: 40 avg: 107.0 count: 718</message>
</record>
<record>
  <date>2015-10-19T04:03:26</date>
  <millis>1445223806581</millis>
  <sequence>5667</sequence>
  <logger>se.sics.tac.aw.TACMessage</logger>
  <level>FINEST</level>
  <class>se.sics.tac.aw.TACMessage</class>
  <method>setReceivedMessage</method>
  <thread>23</thread>
  <message>requesting quotes for auction 20 (Amusement 1)</message>
</record>
<record>
  <date>2015-10-19T04:03:26</date>
  <millis>1445223806581</millis>
  <sequence>5668</sequence>
  <logger>se.sics.tac.aw.TACMessage</logger>
  <level>FINEST</level>
  <class>se.sics.tac.aw.TACMessage</class>
  <method>setReceivedMessage</method>
  <thread>23</thread>
  <message>XML out: '&lt;getQuote&gt;&lt;auctionID&gt;18417&lt;/auctionID&gt;&lt;/getQuote&gt;'</message>
</record>
<record>
  <date>2015-10-19T04:03:26</date>
  <millis>1445223806581</millis>
  <sequence>5669</sequence>
  <logger>se.sics.tac.aw.TACMessage</logger>
  <level>FINEST</level>
  <class>se.sics.tac.aw.TACMessage</class>
  <method>setReceivedMessage</method>
  <thread>23</thread>
  <message>XML in: '&lt;?xml version="1.0"?&gt;&lt;getQuote&gt;&lt;lastAskPrice&gt;85.2123&lt;/lastAskPrice&gt;&lt;lastBidPrice&gt;0.0000&lt;/lastBidPrice&gt;&lt;lastQuoteTime&gt;1445223730&lt;/lastQuoteTime&gt;&lt;nextQuoteTime&gt;1445223781&lt;/nextQuoteTime&gt;&lt;lastClearPrice&gt;84.0000&lt;/lastClearPrice&gt;&lt;lastClearTime&gt;1445223571&lt;/lastClearTime&gt;&lt;finalClearTime&gt;1445223900&lt;/finalClearTime&gt;&lt;nextClearTime&gt;0&lt;/nextClearTime&gt;&lt;hypotheticalQuantityWon&gt; &lt;/hypotheticalQuantityWon&gt;&lt;auctionStatus&gt;1&lt;/auctionStatus&gt;&lt;commandStatus&gt;0&lt;/commandStatus&gt;&lt;/getQuote&gt;' responseTime: 40 avg: 107.0 count: 719</message>
</record>
<record>
  <date>2015-10-19T04:03:26</date>
  <millis>1445223806581</millis>
  <sequence>5670</sequence>
  <logger>se.sics.tac.aw.TACMessage</logger>
  <level>FINEST</level>
  <class>se.sics.tac.aw.TACMessage</class>
  <method>setReceivedMessage</method>
  <thread>23</thread>
  <message>requesting quotes for auction 21 (Amusement 2)</message>
</record>
<record>
  <date>2015-10-19T04:03:26</date>
  <millis>1445223806581</millis>
  <sequence>5671</sequence>
  <logger>se.sics.tac.aw.TACMessage</logger>
  <level>FINEST</level>
  <class>se.sics.tac.aw.TACMessage</class>
  <method>setReceivedMessage</method>
  <thread>23</thread>
  <message>XML out: '&lt;getQuote&gt;&lt;auctionID&gt;18418&lt;/auctionID&gt;&lt;/getQuote&gt;'</message>
</record>
<record>
  <date>2015-10-19T04:03:26</date>
  <millis>1445223806581</millis>
  <sequence>5672</sequence>
  <logger>se.sics.tac.aw.TACMessage</logger>
  <level>FINEST</level>
  <class>se.sics.tac.aw.TACMessage</class>
  <method>setReceivedMessage</method>
  <thread>23</thread>
  <message>XML in: '&lt;?xml version="1.0"?&gt;&lt;getQuote&gt;&lt;lastAskPrice&gt;0.0000&lt;/lastAskPrice&gt;&lt;lastBidPrice&gt;97.5076&lt;/lastBidPrice&gt;&lt;lastQuoteTime&gt;1445223730&lt;/lastQuoteTime&gt;&lt;nextQuoteTime&gt;1445223781&lt;/nextQuoteTime&gt;&lt;lastClearPrice&gt;86.0000&lt;/lastClearPrice&gt;&lt;lastClearTime&gt;1445223729&lt;/lastClearTime&gt;&lt;finalClearTime&gt;1445223900&lt;/finalClearTime&gt;&lt;nextClearTime&gt;0&lt;/nextClearTime&gt;&lt;hypotheticalQuantityWon&gt; &lt;/hypotheticalQuantityWon&gt;&lt;auctionStatus&gt;1&lt;/auctionStatus&gt;&lt;commandStatus&gt;0&lt;/commandStatus&gt;&lt;/getQuote&gt;' responseTime: 40 avg: 107.0 count: 720</message>
</record>
<record>
  <date>2015-10-19T04:03:26</date>
  <millis>1445223806582</millis>
  <sequence>5673</sequence>
  <logger>se.sics.tac.aw.TACMessage</logger>
  <level>FINEST</level>
  <class>se.sics.tac.aw.TACMessage</class>
  <method>setReceivedMessage</method>
  <thread>23</thread>
  <message>requesting quotes for auction 22 (Amusement 3)</message>
</record>
<record>
  <date>2015-10-19T04:03:26</date>
  <millis>1445223806582</millis>
  <sequence>5674</sequence>
  <logger>se.sics.tac.aw.TACMessage</logger>
  <level>FINEST</level>
  <class>se.sics.tac.aw.TACMessage</class>
  <method>setReceivedMessage</method>
  <thread>23</thread>
  <message>XML out: '&lt;getQuote&gt;&lt;auctionID&gt;18419&lt;/auctionID&gt;&lt;/getQuote&gt;'</message>
</record>
<record>
  <date>2015-10-19T04:03:26</date>
  <millis>1445223806582</millis>
  <sequence>5675</sequence>
  <logger>se.sics.tac.aw.TACMessage</logger>
  <level>FINEST</level>
  <class>se.sics.tac.aw.TACMessage</class>
  <method>setReceivedMessage</method>
  <thread>23</thread>
  <message>XML in: '&lt;?xml version="1.0"?&gt;&lt;getQuote&gt;&lt;lastAskPrice&gt;68.8690&lt;/lastAskPrice&gt;&lt;lastBidPrice&gt;0.0000&lt;/lastBidPrice&gt;&lt;lastQuoteTime&gt;1445223730&lt;/lastQuoteTime&gt;&lt;nextQuoteTime&gt;1445223781&lt;/nextQuoteTime&gt;&lt;lastClearPrice&gt;70.0000&lt;/lastClearPrice&gt;&lt;lastClearTime&gt;1445223730&lt;/lastClearTime&gt;&lt;finalClearTime&gt;1445223900&lt;/finalClearTime&gt;&lt;nextClearTime&gt;0&lt;/nextClearTime&gt;&lt;hypotheticalQuantityWon&gt; &lt;/hypotheticalQuantityWon&gt;&lt;auctionStatus&gt;1&lt;/auctionStatus&gt;&lt;commandStatus&gt;0&lt;/commandStatus&gt;&lt;/getQuote&gt;' responseTime: 41 avg: 107.0 count: 721</message>
</record>
<record>
  <date>2015-10-19T04:03:26</date>
  <millis>1445223806582</millis>
  <sequence>5676</sequence>
  <logger>se.sics.tac.aw.TACMessage</logger>
  <level>FINEST</level>
  <class>se.sics.tac.aw.TACMessage</class>
  <method>setReceivedMessage</method>
  <thread>23</thread>
  <message>requesting quotes for auction 23 (Amusement 4)</message>
</record>
<record>
  <date>2015-10-19T04:03:26</date>
  <millis>1445223806582</millis>
  <sequence>5677</sequence>
  <logger>se.sics.tac.aw.TACMessage</logger>
  <level>FINEST</level>
  <class>se.sics.tac.aw.TACMessage</class>
  <method>setReceivedMessage</method>
  <thread>23</thread>
  <message>XML out: '&lt;getQuote&gt;&lt;auctionID&gt;18420&lt;/auctionID&gt;&lt;/getQuote&gt;'</message>
</record>
<record>
  <date>2015-10-19T04:03:26</date>
  <millis>1445223806582</millis>
  <sequence>5678</sequence>
  <logger>se.sics.tac.aw.TACMessage</logger>
  <level>FINEST</level>
  <class>se.sics.tac.aw.TACMessage</class>
  <method>setReceivedMessage</method>
  <thread>23</thread>
  <message>XML in: '&lt;?xml version="1.0"?&gt;&lt;getQuote&gt;&lt;lastAskPrice&gt;87.5333&lt;/lastAskPrice&gt;&lt;lastBidPrice&gt;82.0899&lt;/lastBidPrice&gt;&lt;lastQuoteTime&gt;1445223730&lt;/lastQuoteTime&gt;&lt;nextQuoteTime&gt;1445223781&lt;/nextQuoteTime&gt;&lt;lastClearPrice&gt;82.0899&lt;/lastClearPrice&gt;&lt;lastClearTime&gt;1445223730&lt;/lastClearTime&gt;&lt;finalClearTime&gt;1445223900&lt;/finalClearTime&gt;&lt;nextClearTime&gt;0&lt;/nextClearTime&gt;&lt;hypotheticalQuantityWon&gt; &lt;/hypotheticalQuantityWon&gt;&lt;auctionStatus&gt;1&lt;/auctionStatus&gt;&lt;commandStatus&gt;0&lt;/commandStatus&gt;&lt;/getQuote&gt;' responseTime: 41 avg: 107.0 count: 722</message>
</record>
<record>
  <date>2015-10-19T04:03:26</date>
  <millis>1445223806582</millis>
  <sequence>5679</sequence>
  <logger>se.sics.tac.aw.TACMessage</logger>
  <level>FINEST</level>
  <class>se.sics.tac.aw.TACMessage</class>
  <method>setReceivedMessage</method>
  <thread>23</thread>
  <message>requesting quotes for auction 24 (Museum 1)</message>
</record>
<record>
  <date>2015-10-19T04:03:26</date>
  <millis>1445223806582</millis>
  <sequence>5680</sequence>
  <logger>se.sics.tac.aw.TACMessage</logger>
  <level>FINEST</level>
  <class>se.sics.tac.aw.TACMessage</class>
  <method>setReceivedMessage</method>
  <thread>23</thread>
  <message>XML out: '&lt;getQuote&gt;&lt;auctionID&gt;18421&lt;/auctionID&gt;&lt;/getQuote&gt;'</message>
</record>
<record>
  <date>2015-10-19T04:03:26</date>
  <millis>1445223806582</millis>
  <sequence>5681</sequence>
  <logger>se.sics.tac.aw.TACMessage</logger>
  <level>FINEST</level>
  <class>se.sics.tac.aw.TACMessage</class>
  <method>setReceivedMessage</method>
  <thread>23</thread>
  <message>XML in: '&lt;?xml version="1.0"?&gt;&lt;getQuote&gt;&lt;lastAskPrice&gt;81.0352&lt;/lastAskPrice&gt;&lt;lastBidPrice&gt;0.0000&lt;/lastBidPrice&gt;&lt;lastQuoteTime&gt;1445223730&lt;/lastQuoteTime&gt;&lt;nextQuoteTime&gt;1445223781&lt;/nextQuoteTime&gt;&lt;lastClearPrice&gt;0.0000&lt;/lastClearPrice&gt;&lt;lastClearTime&gt;0&lt;/lastClearTime&gt;&lt;finalClearTime&gt;1445223900&lt;/finalClearTime&gt;&lt;nextClearTime&gt;0&lt;/nextClearTime&gt;&lt;hypotheticalQuantityWon&gt; &lt;/hypotheticalQuantityWon&gt;&lt;auctionStatus&gt;1&lt;/auctionStatus&gt;&lt;commandStatus&gt;0&lt;/commandStatus&gt;&lt;/getQuote&gt;' responseTime: 41 avg: 107.0 count: 723</message>
</record>
<record>
  <date>2015-10-19T04:03:26</date>
  <millis>1445223806582</millis>
  <sequence>5682</sequence>
  <logger>se.sics.tac.aw.TACMessage</logger>
  <level>FINEST</level>
  <class>se.sics.tac.aw.TACMessage</class>
  <method>setReceivedMessage</method>
  <thread>23</thread>
  <message>requesting quotes for auction 25 (Museum 2)</message>
</record>
<record>
  <date>2015-10-19T04:03:26</date>
  <millis>1445223806582</millis>
  <sequence>5683</sequence>
  <logger>se.sics.tac.aw.TACMessage</logger>
  <level>FINEST</level>
  <class>se.sics.tac.aw.TACMessage</class>
  <method>setReceivedMessage</method>
  <thread>23</thread>
  <message>XML out: '&lt;getQuote&gt;&lt;auctionID&gt;18422&lt;/auctionID&gt;&lt;bidID&gt;723334&lt;/bidID&gt;&lt;/getQuote&gt;'</message>
</record>
<record>
  <date>2015-10-19T04:03:26</date>
  <millis>1445223806582</millis>
  <sequence>5684</sequence>
  <logger>se.sics.tac.aw.TACMessage</logger>
  <level>FINEST</level>
  <class>se.sics.tac.aw.TACMessage</class>
  <method>setReceivedMessage</method>
  <thread>23</thread>
  <message>XML in: '&lt;?xml version="1.0"?&gt;&lt;getQuote&gt;&lt;lastAskPrice&gt;70.7172&lt;/lastAskPrice&gt;&lt;lastBidPrice&gt;70.0000&lt;/lastBidPrice&gt;&lt;lastQuoteTime&gt;1445223730&lt;/lastQuoteTime&gt;&lt;nextQuoteTime&gt;1445223781&lt;/nextQuoteTime&gt;&lt;lastClearPrice&gt;88.0000&lt;/lastClearPrice&gt;&lt;lastClearTime&gt;1445223601&lt;/lastClearTime&gt;&lt;finalClearTime&gt;1445223900&lt;/finalClearTime&gt;&lt;nextClearTime&gt;0&lt;/nextClearTime&gt;&lt;hypotheticalQuantityWon&gt; &lt;/hypotheticalQuantityWon&gt;&lt;auctionStatus&gt;1&lt;/auctionStatus&gt;&lt;commandStatus&gt;0&lt;/commandStatus&gt;&lt;/getQuote&gt;' responseTime: 41 avg: 107.0 count: 724</message>
</record>
<record>
  <date>2015-10-19T04:03:26</date>
  <millis>1445223806582</millis>
  <sequence>5685</sequence>
  <logger>se.sics.tac.aw.TACMessage</logger>
  <level>FINEST</level>
  <class>se.sics.tac.aw.TACMessage</class>
  <method>setReceivedMessage</method>
  <thread>23</thread>
  <message>requesting quotes for auction 26 (Museum 3)</message>
</record>
<record>
  <date>2015-10-19T04:03:26</date>
  <millis>1445223806582</millis>
  <sequence>5686</sequence>
  <logger>se.sics.tac.aw.TACMessage</logger>
  <level>FINEST</level>
  <class>se.sics.tac.aw.TACMessage</class>
  <method>setReceivedMessage</method>
  <thread>23</thread>
  <message>XML out: '&lt;getQuote&gt;&lt;auctionID&gt;18423&lt;/auctionID&gt;&lt;/getQuote&gt;'</message>
</record>
<record>
  <date>2015-10-19T04:03:26</date>
  <millis>1445223806582</millis>
  <sequence>5687</sequence>
  <logger>se.sics.tac.aw.TACMessage</logger>
  <level>FINEST</level>
  <class>se.sics.tac.aw.TACMessage</class>
  <method>setReceivedMessage</method>
  <thread>23</thread>
  <message>XML in: '&lt;?xml version="1.0"?&gt;&lt;getQuote&gt;&lt;lastAskPrice&gt;75.8045&lt;/lastAskPrice&gt;&lt;lastBidPrice&gt;71.1498&lt;/lastBidPrice&gt;&lt;lastQuoteTime&gt;1445223730&lt;/lastQuoteTime&gt;&lt;nextQuoteTime&gt;1445223781&lt;/nextQuoteTime&gt;&lt;lastClearPrice&gt;70.0000&lt;/lastClearPrice&gt;&lt;lastClearTime&gt;1445223730&lt;/lastClearTime&gt;&lt;finalClearTime&gt;1445223900&lt;/finalClearTime&gt;&lt;nextClearTime&gt;0&lt;/nextClearTime&gt;&lt;hypotheticalQuantityWon&gt; &lt;/hypotheticalQuantityWon&gt;&lt;auctionStatus&gt;1&lt;/auctionStatus&gt;&lt;commandStatus&gt;0&lt;/commandStatus&gt;&lt;/getQuote&gt;' responseTime: 41 avg: 106.0 count: 725</message>
</record>
<record>
  <date>2015-10-19T04:03:26</date>
  <millis>1445223806583</millis>
  <sequence>5688</sequence>
  <logger>se.sics.tac.aw.TACMessage</logger>
  <level>FINEST</level>
  <class>se.sics.tac.aw.TACMessage</class>
  <method>setReceivedMessage</method>
  <thread>23</thread>
  <message>requesting quotes for auction 27 (Museum 4)</message>
</record>
<record>
  <date>2015-10-19T04:03:26</date>
  <millis>1445223806583</millis>
  <sequence>5689</sequence>
  <logger>se.sics.tac.aw.TACMessage</logger>
  <level>FINEST</level>
  <class>se.sics.tac.aw.TACMessage</class>
  <method>setReceivedMessage</method>
  <thread>23</thread>
  <message>XML out: '&lt;getQuote&gt;&lt;auctionID&gt;18424&lt;/auctionID&gt;&lt;/getQuote&gt;'</message>
</record>
<record>
  <date>2015-10-19T04:03:26</date>
  <millis>1445223806583</millis>
  <sequence>5690</sequence>
  <logger>se.sics.tac.aw.TACMessage</logger>
  <level>FINEST</level>
  <class>se.sics.tac.aw.TACMessage</class>
  <method>setReceivedMessage</method>
  <thread>23</thread>
  <message>XML in: '&lt;?xml version="1.0"?&gt;&lt;getQuote&gt;&lt;lastAskPrice&gt;66.0880&lt;/lastAskPrice&gt;&lt;lastBidPrice&gt;54.7937&lt;/lastBidPrice&gt;&lt;lastQuoteTime&gt;1445223730&lt;/lastQuoteTime&gt;&lt;nextQuoteTime&gt;1445223781&lt;/nextQuoteTime&gt;&lt;lastClearPrice&gt;70.0000&lt;/lastClearPrice&gt;&lt;lastClearTime&gt;1445223730&lt;/lastClearTime&gt;&lt;finalClearTime&gt;1445223900&lt;/finalClearTime&gt;&lt;nextClearTime&gt;0&lt;/nextClearTime&gt;&lt;hypotheticalQuantityWon&gt; &lt;/hypotheticalQuantityWon&gt;&lt;auctionStatus&gt;1&lt;/auctionStatus&gt;&lt;commandStatus&gt;0&lt;/commandStatus&gt;&lt;/getQuote&gt;' responseTime: 42 avg: 106.0 count: 726</message>
</record>
<record>
  <date>2015-10-19T04:03:26</date>
  <millis>1445223806583</millis>
  <sequence>5691</sequence>
  <logger>se.sics.tac.aw.DummyAgent</logger>
  <level>FINE</level>
  <class>se.sics.tac.aw.DummyAgent</class>
  <method>quoteUpdated</method>
  <thread>23</thread>
  <message>All quotes for entertainment has been updated</message>
</record>
<record>
  <date>2015-10-19T04:03:26</date>
  <millis>1445223806594</millis>
  <sequence>5692</sequence>
  <logger>se.sics.tac.aw.TACMessage</logger>
  <level>FINEST</level>
  <class>se.sics.tac.aw.TACMessage</class>
  <method>setReceivedMessage</method>
  <thread>23</thread>
  <message>requesting quotes for auction 0 (Inflight 1)</message>
</record>
<record>
  <date>2015-10-19T04:03:26</date>
  <millis>1445223806594</millis>
  <sequence>5693</sequence>
  <logger>se.sics.tac.aw.TACMessage</logger>
  <level>FINEST</level>
  <class>se.sics.tac.aw.TACMessage</class>
  <method>setReceivedMessage</method>
  <thread>23</thread>
  <message>XML out: '&lt;getQuote&gt;&lt;auctionID&gt;18397&lt;/auctionID&gt;&lt;/getQuote&gt;'</message>
</record>
<record>
  <date>2015-10-19T04:03:26</date>
  <millis>1445223806594</millis>
  <sequence>5694</sequence>
  <logger>se.sics.tac.aw.TACMessage</logger>
  <level>FINEST</level>
  <class>se.sics.tac.aw.TACMessage</class>
  <method>setReceivedMessage</method>
  <thread>23</thread>
  <message>XML in: '&lt;?xml version="1.0"?&gt;&lt;getQuote&gt;&lt;lastAskPrice&gt;504.0000&lt;/lastAskPrice&gt;&lt;lastBidPrice&gt;0.0000&lt;/lastBidPrice&gt;&lt;lastQuoteTime&gt;1445223750&lt;/lastQuoteTime&gt;&lt;nextQuoteTime&gt;1445223760&lt;/nextQuoteTime&gt;&lt;lastClearPrice&gt;293.0000&lt;/lastClearPrice&gt;&lt;lastClearTime&gt;1445223550&lt;/lastClearTime&gt;&lt;finalClearTime&gt;1445223900&lt;/finalClearTime&gt;&lt;nextClearTime&gt;0&lt;/nextClearTime&gt;&lt;hypotheticalQuantityWon&gt; &lt;/hypotheticalQuantityWon&gt;&lt;auctionStatus&gt;1&lt;/auctionStatus&gt;&lt;commandStatus&gt;0&lt;/commandStatus&gt;&lt;/getQuote&gt;' responseTime: 53 avg: 106.0 count: 727</message>
</record>
<record>
  <date>2015-10-19T04:03:26</date>
  <millis>1445223806594</millis>
  <sequence>5695</sequence>
  <logger>se.sics.tac.aw.TACMessage</logger>
  <level>FINEST</level>
  <class>se.sics.tac.aw.TACMessage</class>
  <method>setReceivedMessage</method>
  <thread>23</thread>
  <message>requesting quotes for auction 1 (Inflight 2)</message>
</record>
<record>
  <date>2015-10-19T04:03:26</date>
  <millis>1445223806594</millis>
  <sequence>5696</sequence>
  <logger>se.sics.tac.aw.TACMessage</logger>
  <level>FINEST</level>
  <class>se.sics.tac.aw.TACMessage</class>
  <method>setReceivedMessage</method>
  <thread>23</thread>
  <message>XML out: '&lt;getQuote&gt;&lt;auctionID&gt;18398&lt;/auctionID&gt;&lt;/getQuote&gt;'</message>
</record>
<record>
  <date>2015-10-19T04:03:26</date>
  <millis>1445223806594</millis>
  <sequence>5697</sequence>
  <logger>se.sics.tac.aw.TACMessage</logger>
  <level>FINEST</level>
  <class>se.sics.tac.aw.TACMessage</class>
  <method>setReceivedMessage</method>
  <thread>23</thread>
  <message>XML in: '&lt;?xml version="1.0"?&gt;&lt;getQuote&gt;&lt;lastAskPrice&gt;347.0000&lt;/lastAskPrice&gt;&lt;lastBidPrice&gt;0.0000&lt;/lastBidPrice&gt;&lt;lastQuoteTime&gt;1445223750&lt;/lastQuoteTime&gt;&lt;nextQuoteTime&gt;1445223760&lt;/nextQuoteTime&gt;&lt;lastClearPrice&gt;364.0000&lt;/lastClearPrice&gt;&lt;lastClearTime&gt;1445223670&lt;/lastClearTime&gt;&lt;finalClearTime&gt;1445223900&lt;/finalClearTime&gt;&lt;nextClearTime&gt;0&lt;/nextClearTime&gt;&lt;hypotheticalQuantityWon&gt; &lt;/hypotheticalQuantityWon&gt;&lt;auctionStatus&gt;1&lt;/auctionStatus&gt;&lt;commandStatus&gt;0&lt;/commandStatus&gt;&lt;/getQuote&gt;' responseTime: 53 avg: 106.0 count: 728</message>
</record>
<record>
  <date>2015-10-19T04:03:26</date>
  <millis>1445223806594</millis>
  <sequence>5698</sequence>
  <logger>se.sics.tac.aw.TACMessage</logger>
  <level>FINEST</level>
  <class>se.sics.tac.aw.TACMessage</class>
  <method>setReceivedMessage</method>
  <thread>23</thread>
  <message>requesting quotes for auction 2 (Inflight 3)</message>
</record>
<record>
  <date>2015-10-19T04:03:26</date>
  <millis>1445223806594</millis>
  <sequence>5699</sequence>
  <logger>se.sics.tac.aw.TACMessage</logger>
  <level>FINEST</level>
  <class>se.sics.tac.aw.TACMessage</class>
  <method>setReceivedMessage</method>
  <thread>23</thread>
  <message>XML out: '&lt;getQuote&gt;&lt;auctionID&gt;18399&lt;/auctionID&gt;&lt;/getQuote&gt;'</message>
</record>
<record>
  <date>2015-10-19T04:03:26</date>
  <millis>1445223806594</millis>
  <sequence>5700</sequence>
  <logger>se.sics.tac.aw.TACMessage</logger>
  <level>FINEST</level>
  <class>se.sics.tac.aw.TACMessage</class>
  <method>setReceivedMessage</method>
  <thread>23</thread>
  <message>XML in: '&lt;?xml version="1.0"?&gt;&lt;getQuote&gt;&lt;lastAskPrice&gt;236.0000&lt;/lastAskPrice&gt;&lt;lastBidPrice&gt;0.0000&lt;/lastBidPrice&gt;&lt;lastQuoteTime&gt;1445223750&lt;/lastQuoteTime&gt;&lt;nextQuoteTime&gt;1445223760&lt;/nextQuoteTime&gt;&lt;lastClearPrice&gt;277.0000&lt;/lastClearPrice&gt;&lt;lastClearTime&gt;1445223361&lt;/lastClearTime&gt;&lt;finalClearTime&gt;1445223900&lt;/finalClearTime&gt;&lt;nextClearTime&gt;0&lt;/nextClearTime&gt;&lt;hypotheticalQuantityWon&gt; &lt;/hypotheticalQuantityWon&gt;&lt;auctionStatus&gt;1&lt;/auctionStatus&gt;&lt;commandStatus&gt;0&lt;/commandStatus&gt;&lt;/getQuote&gt;' responseTime: 53 avg: 106.0 count: 729</message>
</record>
<record>
  <date>2015-10-19T04:03:26</date>
  <millis>1445223806594</millis>
  <sequence>5701</sequence>
  <logger>se.sics.tac.aw.TACMessage</logger>
  <level>FINEST</level>
  <class>se.sics.tac.aw.TACMessage</class>
  <method>setReceivedMessage</method>
  <thread>23</thread>
  <message>requesting quotes for auction 3 (Inflight 4)</message>
</record>
<record>
  <date>2015-10-19T04:03:26</date>
  <millis>1445223806594</millis>
  <sequence>5702</sequence>
  <logger>se.sics.tac.aw.TACMessage</logger>
  <level>FINEST</level>
  <class>se.sics.tac.aw.TACMessage</class>
  <method>setReceivedMessage</method>
  <thread>23</thread>
  <message>XML out: '&lt;getQuote&gt;&lt;auctionID&gt;18400&lt;/auctionID&gt;&lt;/getQuote&gt;'</message>
</record>
<record>
  <date>2015-10-19T04:03:26</date>
  <millis>1445223806595</millis>
  <sequence>5703</sequence>
  <logger>se.sics.tac.aw.TACMessage</logger>
  <level>FINEST</level>
  <class>se.sics.tac.aw.TACMessage</class>
  <method>setReceivedMessage</method>
  <thread>23</thread>
  <message>XML in: '&lt;?xml version="1.0"?&gt;&lt;getQuote&gt;&lt;lastAskPrice&gt;289.0000&lt;/lastAskPrice&gt;&lt;lastBidPrice&gt;0.0000&lt;/lastBidPrice&gt;&lt;lastQuoteTime&gt;1445223750&lt;/lastQuoteTime&gt;&lt;nextQuoteTime&gt;1445223760&lt;/nextQuoteTime&gt;&lt;lastClearPrice&gt;267.0000&lt;/lastClearPrice&gt;&lt;lastClearTime&gt;1445223361&lt;/lastClearTime&gt;&lt;finalClearTime&gt;1445223900&lt;/finalClearTime&gt;&lt;nextClearTime&gt;0&lt;/nextClearTime&gt;&lt;hypotheticalQuantityWon&gt; &lt;/hypotheticalQuantityWon&gt;&lt;auctionStatus&gt;1&lt;/auctionStatus&gt;&lt;commandStatus&gt;0&lt;/commandStatus&gt;&lt;/getQuote&gt;' responseTime: 53 avg: 106.0 count: 730</message>
</record>
<record>
  <date>2015-10-19T04:03:26</date>
  <millis>1445223806595</millis>
  <sequence>5704</sequence>
  <logger>se.sics.tac.aw.TACMessage</logger>
  <level>FINEST</level>
  <class>se.sics.tac.aw.TACMessage</class>
  <method>setReceivedMessage</method>
  <thread>23</thread>
  <message>requesting quotes for auction 4 (Outflight 2)</message>
</record>
<record>
  <date>2015-10-19T04:03:26</date>
  <millis>1445223806595</millis>
  <sequence>5705</sequence>
  <logger>se.sics.tac.aw.TACMessage</logger>
  <level>FINEST</level>
  <class>se.sics.tac.aw.TACMessage</class>
  <method>setReceivedMessage</method>
  <thread>23</thread>
  <message>XML out: '&lt;getQuote&gt;&lt;auctionID&gt;18401&lt;/auctionID&gt;&lt;/getQuote&gt;'</message>
</record>
<record>
  <date>2015-10-19T04:03:26</date>
  <millis>1445223806595</millis>
  <sequence>5706</sequence>
  <logger>se.sics.tac.aw.TACMessage</logger>
  <level>FINEST</level>
  <class>se.sics.tac.aw.TACMessage</class>
  <method>setReceivedMessage</method>
  <thread>23</thread>
  <message>XML in: '&lt;?xml version="1.0"?&gt;&lt;getQuote&gt;&lt;lastAskPrice&gt;431.0000&lt;/lastAskPrice&gt;&lt;lastBidPrice&gt;0.0000&lt;/lastBidPrice&gt;&lt;lastQuoteTime&gt;1445223750&lt;/lastQuoteTime&gt;&lt;nextQuoteTime&gt;1445223760&lt;/nextQuoteTime&gt;&lt;lastClearPrice&gt;408.0000&lt;/lastClearPrice&gt;&lt;lastClearTime&gt;1445223670&lt;/lastClearTime&gt;&lt;finalClearTime&gt;1445223900&lt;/finalClearTime&gt;&lt;nextClearTime&gt;0&lt;/nextClearTime&gt;&lt;hypotheticalQuantityWon&gt; &lt;/hypotheticalQuantityWon&gt;&lt;auctionStatus&gt;1&lt;/auctionStatus&gt;&lt;commandStatus&gt;0&lt;/commandStatus&gt;&lt;/getQuote&gt;' responseTime: 54 avg: 106.0 count: 731</message>
</record>
<record>
  <date>2015-10-19T04:03:26</date>
  <millis>1445223806600</millis>
  <sequence>5707</sequence>
  <logger>se.sics.tac.aw.TACMessage</logger>
  <level>FINEST</level>
  <class>se.sics.tac.aw.TACMessage</class>
  <method>setReceivedMessage</method>
  <thread>23</thread>
  <message>requesting quotes for auction 5 (Outflight 3)</message>
</record>
<record>
  <date>2015-10-19T04:03:26</date>
  <millis>1445223806601</millis>
  <sequence>5708</sequence>
  <logger>se.sics.tac.aw.TACMessage</logger>
  <level>FINEST</level>
  <class>se.sics.tac.aw.TACMessage</class>
  <method>setReceivedMessage</method>
  <thread>23</thread>
  <message>XML out: '&lt;getQuote&gt;&lt;auctionID&gt;18402&lt;/auctionID&gt;&lt;/getQuote&gt;'</message>
</record>
<record>
  <date>2015-10-19T04:03:26</date>
  <millis>1445223806601</millis>
  <sequence>5709</sequence>
  <logger>se.sics.tac.aw.TACMessage</logger>
  <level>FINEST</level>
  <class>se.sics.tac.aw.TACMessage</class>
  <method>setReceivedMessage</method>
  <thread>23</thread>
  <message>XML in: '&lt;?xml version="1.0"?&gt;&lt;getQuote&gt;&lt;lastAskPrice&gt;295.0000&lt;/lastAskPrice&gt;&lt;lastBidPrice&gt;0.0000&lt;/lastBidPrice&gt;&lt;lastQuoteTime&gt;1445223750&lt;/lastQuoteTime&gt;&lt;nextQuoteTime&gt;1445223760&lt;/nextQuoteTime&gt;&lt;lastClearPrice&gt;316.0000&lt;/lastClearPrice&gt;&lt;lastClearTime&gt;1445223670&lt;/lastClearTime&gt;&lt;finalClearTime&gt;1445223900&lt;/finalClearTime&gt;&lt;nextClearTime&gt;0&lt;/nextClearTime&gt;&lt;hypotheticalQuantityWon&gt; &lt;/hypotheticalQuantityWon&gt;&lt;auctionStatus&gt;1&lt;/auctionStatus&gt;&lt;commandStatus&gt;0&lt;/commandStatus&gt;&lt;/getQuote&gt;' responseTime: 59 avg: 106.0 count: 732</message>
</record>
<record>
  <date>2015-10-19T04:03:26</date>
  <millis>1445223806601</millis>
  <sequence>5710</sequence>
  <logger>se.sics.tac.aw.TACMessage</logger>
  <level>FINEST</level>
  <class>se.sics.tac.aw.TACMessage</class>
  <method>setReceivedMessage</method>
  <thread>23</thread>
  <message>requesting quotes for auction 6 (Outflight 4)</message>
</record>
<record>
  <date>2015-10-19T04:03:26</date>
  <millis>1445223806601</millis>
  <sequence>5711</sequence>
  <logger>se.sics.tac.aw.TACMessage</logger>
  <level>FINEST</level>
  <class>se.sics.tac.aw.TACMessage</class>
  <method>setReceivedMessage</method>
  <thread>23</thread>
  <message>XML out: '&lt;getQuote&gt;&lt;auctionID&gt;18403&lt;/auctionID&gt;&lt;/getQuote&gt;'</message>
</record>
<record>
  <date>2015-10-19T04:03:26</date>
  <millis>1445223806601</millis>
  <sequence>5712</sequence>
  <logger>se.sics.tac.aw.TACMessage</logger>
  <level>FINEST</level>
  <class>se.sics.tac.aw.TACMessage</class>
  <method>setReceivedMessage</method>
  <thread>23</thread>
  <message>XML in: '&lt;?xml version="1.0"?&gt;&lt;getQuote&gt;&lt;lastAskPrice&gt;313.0000&lt;/lastAskPrice&gt;&lt;lastBidPrice&gt;0.0000&lt;/lastBidPrice&gt;&lt;lastQuoteTime&gt;1445223750&lt;/lastQuoteTime&gt;&lt;nextQuoteTime&gt;1445223760&lt;/nextQuoteTime&gt;&lt;lastClearPrice&gt;290.0000&lt;/lastClearPrice&gt;&lt;lastClearTime&gt;1445223730&lt;/lastClearTime&gt;&lt;finalClearTime&gt;1445223900&lt;/finalClearTime&gt;&lt;nextClearTime&gt;0&lt;/nextClearTime&gt;&lt;hypotheticalQuantityWon&gt; &lt;/hypotheticalQuantityWon&gt;&lt;auctionStatus&gt;1&lt;/auctionStatus&gt;&lt;commandStatus&gt;0&lt;/commandStatus&gt;&lt;/getQuote&gt;' responseTime: 60 avg: 106.0 count: 733</message>
</record>
<record>
  <date>2015-10-19T04:03:26</date>
  <millis>1445223806601</millis>
  <sequence>5713</sequence>
  <logger>se.sics.tac.aw.TACMessage</logger>
  <level>FINEST</level>
  <class>se.sics.tac.aw.TACMessage</class>
  <method>setReceivedMessage</method>
  <thread>23</thread>
  <message>requesting quotes for auction 7 (Outflight 5)</message>
</record>
<record>
  <date>2015-10-19T04:03:26</date>
  <millis>1445223806601</millis>
  <sequence>5714</sequence>
  <logger>se.sics.tac.aw.TACMessage</logger>
  <level>FINEST</level>
  <class>se.sics.tac.aw.TACMessage</class>
  <method>setReceivedMessage</method>
  <thread>23</thread>
  <message>XML out: '&lt;getQuote&gt;&lt;auctionID&gt;18404&lt;/auctionID&gt;&lt;/getQuote&gt;'</message>
</record>
<record>
  <date>2015-10-19T04:03:26</date>
  <millis>1445223806601</millis>
  <sequence>5715</sequence>
  <logger>se.sics.tac.aw.TACMessage</logger>
  <level>FINEST</level>
  <class>se.sics.tac.aw.TACMessage</class>
  <method>setReceivedMessage</method>
  <thread>23</thread>
  <message>XML in: '&lt;?xml version="1.0"?&gt;&lt;getQuote&gt;&lt;lastAskPrice&gt;312.0000&lt;/lastAskPrice&gt;&lt;lastBidPrice&gt;0.0000&lt;/lastBidPrice&gt;&lt;lastQuoteTime&gt;1445223750&lt;/lastQuoteTime&gt;&lt;nextQuoteTime&gt;1445223760&lt;/nextQuoteTime&gt;&lt;lastClearPrice&gt;271.0000&lt;/lastClearPrice&gt;&lt;lastClearTime&gt;1445223490&lt;/lastClearTime&gt;&lt;finalClearTime&gt;1445223900&lt;/finalClearTime&gt;&lt;nextClearTime&gt;0&lt;/nextClearTime&gt;&lt;hypotheticalQuantityWon&gt; &lt;/hypotheticalQuantityWon&gt;&lt;auctionStatus&gt;1&lt;/auctionStatus&gt;&lt;commandStatus&gt;0&lt;/commandStatus&gt;&lt;/getQuote&gt;' responseTime: 60 avg: 106.0 count: 734</message>
</record>
<record>
  <date>2015-10-19T04:03:26</date>
  <millis>1445223806601</millis>
  <sequence>5716</sequence>
  <logger>se.sics.tac.aw.DummyAgent</logger>
  <level>FINE</level>
  <class>se.sics.tac.aw.DummyAgent</class>
  <method>quoteUpdated</method>
  <thread>23</thread>
  <message>All quotes for flight has been updated</message>
</record>
