<?xml version="1.0" encoding="windows-1252" standalone="no"?>
<!DOCTYPE log SYSTEM "logger.dtd">
<log>
<record>
  <date>2015-10-19T08:22:19</date>
  <millis>1445239339035</millis>
  <sequence>3775</sequence>
  <logger>se.sics.tac.aw.TACMessage</logger>
  <level>FINEST</level>
  <class>se.sics.tac.aw.TACMessage</class>
  <method>setReceivedMessage</method>
  <thread>22</thread>
  <message>XML in: '&lt;?xml version="1.0"?&gt;&lt;getQuote&gt;&lt;lastAskPrice&gt;357.0000&lt;/lastAskPrice&gt;&lt;lastBidPrice&gt;0.0000&lt;/lastBidPrice&gt;&lt;lastQuoteTime&gt;1445239280&lt;/lastQuoteTime&gt;&lt;nextQuoteTime&gt;1445239290&lt;/nextQuoteTime&gt;&lt;lastClearPrice&gt;349.0000&lt;/lastClearPrice&gt;&lt;lastClearTime&gt;1445239210&lt;/lastClearTime&gt;&lt;finalClearTime&gt;1445239320&lt;/finalClearTime&gt;&lt;nextClearTime&gt;0&lt;/nextClearTime&gt;&lt;hypotheticalQuantityWon&gt; &lt;/hypotheticalQuantityWon&gt;&lt;auctionStatus&gt;1&lt;/auctionStatus&gt;&lt;commandStatus&gt;0&lt;/commandStatus&gt;&lt;/getQuote&gt;' responseTime: 588 avg: 275.0 count: 949</message>
</record>
<record>
  <date>2015-10-19T08:22:19</date>
  <millis>1445239339036</millis>
  <sequence>3776</sequence>
  <logger>se.sics.tac.aw.TACMessage</logger>
  <level>FINEST</level>
  <class>se.sics.tac.aw.TACMessage</class>
  <method>setReceivedMessage</method>
  <thread>22</thread>
  <message>requesting quotes for auction 7 (Outflight 5)</message>
</record>
<record>
  <date>2015-10-19T08:22:19</date>
  <millis>1445239339036</millis>
  <sequence>3777</sequence>
  <logger>se.sics.tac.aw.TACMessage</logger>
  <level>FINEST</level>
  <class>se.sics.tac.aw.TACMessage</class>
  <method>setReceivedMessage</method>
  <thread>22</thread>
  <message>XML out: '&lt;getQuote&gt;&lt;auctionID&gt;19048&lt;/auctionID&gt;&lt;/getQuote&gt;'</message>
</record>
<record>
  <date>2015-10-19T08:22:19</date>
  <millis>1445239339036</millis>
  <sequence>3778</sequence>
  <logger>se.sics.tac.aw.TACMessage</logger>
  <level>FINEST</level>
  <class>se.sics.tac.aw.TACMessage</class>
  <method>setReceivedMessage</method>
  <thread>22</thread>
  <message>XML in: '&lt;?xml version="1.0"?&gt;&lt;getQuote&gt;&lt;lastAskPrice&gt;621.0000&lt;/lastAskPrice&gt;&lt;lastBidPrice&gt;0.0000&lt;/lastBidPrice&gt;&lt;lastQuoteTime&gt;1445239280&lt;/lastQuoteTime&gt;&lt;nextQuoteTime&gt;1445239290&lt;/nextQuoteTime&gt;&lt;lastClearPrice&gt;588.0000&lt;/lastClearPrice&gt;&lt;lastClearTime&gt;1445239210&lt;/lastClearTime&gt;&lt;finalClearTime&gt;1445239320&lt;/finalClearTime&gt;&lt;nextClearTime&gt;0&lt;/nextClearTime&gt;&lt;hypotheticalQuantityWon&gt; &lt;/hypotheticalQuantityWon&gt;&lt;auctionStatus&gt;1&lt;/auctionStatus&gt;&lt;commandStatus&gt;0&lt;/commandStatus&gt;&lt;/getQuote&gt;' responseTime: 610 avg: 275.0 count: 950</message>
</record>
<record>
  <date>2015-10-19T08:22:19</date>
  <millis>1445239339036</millis>
  <sequence>3779</sequence>
  <logger>se.sics.tac.aw.DummyAgent</logger>
  <level>FINE</level>
  <class>se.sics.tac.aw.DummyAgent</class>
  <method>quoteUpdated</method>
  <thread>22</thread>
  <message>All quotes for flight has been updated</message>
</record>
<record>
  <date>2015-10-19T08:22:28</date>
  <millis>1445239348455</millis>
  <sequence>3780</sequence>
  <logger>se.sics.tac.aw.TACMessage</logger>
  <level>FINEST</level>
  <class>se.sics.tac.aw.TACMessage</class>
  <method>setReceivedMessage</method>
  <thread>22</thread>
  <message>requesting quotes for auction 16 (Alligator 1)</message>
</record>
<record>
  <date>2015-10-19T08:22:28</date>
  <millis>1445239348455</millis>
  <sequence>3781</sequence>
  <logger>se.sics.tac.aw.TACMessage</logger>
  <level>FINEST</level>
  <class>se.sics.tac.aw.TACMessage</class>
  <method>setReceivedMessage</method>
  <thread>22</thread>
  <message>XML out: '&lt;getQuote&gt;&lt;auctionID&gt;19057&lt;/auctionID&gt;&lt;/getQuote&gt;'</message>
</record>
<record>
  <date>2015-10-19T08:22:28</date>
  <millis>1445239348455</millis>
  <sequence>3782</sequence>
  <logger>se.sics.tac.aw.TACMessage</logger>
  <level>FINEST</level>
  <class>se.sics.tac.aw.TACMessage</class>
  <method>setReceivedMessage</method>
  <thread>22</thread>
  <message>XML in: '&lt;?xml version="1.0"?&gt;&lt;getQuote&gt;&lt;lastAskPrice&gt;0.0000&lt;/lastAskPrice&gt;&lt;lastBidPrice&gt;77.0158&lt;/lastBidPrice&gt;&lt;lastQuoteTime&gt;1445239270&lt;/lastQuoteTime&gt;&lt;nextQuoteTime&gt;1445239322&lt;/nextQuoteTime&gt;&lt;lastClearPrice&gt;88.0000&lt;/lastClearPrice&gt;&lt;lastClearTime&gt;1445239021&lt;/lastClearTime&gt;&lt;finalClearTime&gt;1445239320&lt;/finalClearTime&gt;&lt;nextClearTime&gt;0&lt;/nextClearTime&gt;&lt;hypotheticalQuantityWon&gt; &lt;/hypotheticalQuantityWon&gt;&lt;auctionStatus&gt;1&lt;/auctionStatus&gt;&lt;commandStatus&gt;0&lt;/commandStatus&gt;&lt;/getQuote&gt;' responseTime: 23 avg: 275.0 count: 951</message>
</record>
<record>
  <date>2015-10-19T08:22:28</date>
  <millis>1445239348476</millis>
  <sequence>3783</sequence>
  <logger>se.sics.tac.aw.TACMessage</logger>
  <level>FINEST</level>
  <class>se.sics.tac.aw.TACMessage</class>
  <method>setReceivedMessage</method>
  <thread>22</thread>
  <message>requesting quotes for auction 17 (Alligator 2)</message>
</record>
<record>
  <date>2015-10-19T08:22:28</date>
  <millis>1445239348476</millis>
  <sequence>3784</sequence>
  <logger>se.sics.tac.aw.TACMessage</logger>
  <level>FINEST</level>
  <class>se.sics.tac.aw.TACMessage</class>
  <method>setReceivedMessage</method>
  <thread>22</thread>
  <message>XML out: '&lt;getQuote&gt;&lt;auctionID&gt;19058&lt;/auctionID&gt;&lt;bidID&gt;765536&lt;/bidID&gt;&lt;/getQuote&gt;'</message>
</record>
<record>
  <date>2015-10-19T08:22:28</date>
  <millis>1445239348476</millis>
  <sequence>3785</sequence>
  <logger>se.sics.tac.aw.TACMessage</logger>
  <level>FINEST</level>
  <class>se.sics.tac.aw.TACMessage</class>
  <method>setReceivedMessage</method>
  <thread>22</thread>
  <message>XML in: '&lt;?xml version="1.0"?&gt;&lt;getQuote&gt;&lt;lastAskPrice&gt;0.0000&lt;/lastAskPrice&gt;&lt;lastBidPrice&gt;100.7852&lt;/lastBidPrice&gt;&lt;lastQuoteTime&gt;1445239270&lt;/lastQuoteTime&gt;&lt;nextQuoteTime&gt;1445239322&lt;/nextQuoteTime&gt;&lt;lastClearPrice&gt;70.0000&lt;/lastClearPrice&gt;&lt;lastClearTime&gt;1445239270&lt;/lastClearTime&gt;&lt;finalClearTime&gt;1445239320&lt;/finalClearTime&gt;&lt;nextClearTime&gt;0&lt;/nextClearTime&gt;&lt;hypotheticalQuantityWon&gt; &lt;/hypotheticalQuantityWon&gt;&lt;auctionStatus&gt;1&lt;/auctionStatus&gt;&lt;commandStatus&gt;0&lt;/commandStatus&gt;&lt;/getQuote&gt;' responseTime: 44 avg: 275.0 count: 952</message>
</record>
<record>
  <date>2015-10-19T08:22:28</date>
  <millis>1445239348477</millis>
  <sequence>3786</sequence>
  <logger>se.sics.tac.aw.TACMessage</logger>
  <level>FINEST</level>
  <class>se.sics.tac.aw.TACMessage</class>
  <method>setReceivedMessage</method>
  <thread>22</thread>
  <message>requesting quotes for auction 18 (Alligator 3)</message>
</record>
<record>
  <date>2015-10-19T08:22:28</date>
  <millis>1445239348477</millis>
  <sequence>3787</sequence>
  <logger>se.sics.tac.aw.TACMessage</logger>
  <level>FINEST</level>
  <class>se.sics.tac.aw.TACMessage</class>
  <method>setReceivedMessage</method>
  <thread>22</thread>
  <message>XML out: '&lt;getQuote&gt;&lt;auctionID&gt;19059&lt;/auctionID&gt;&lt;bidID&gt;765537&lt;/bidID&gt;&lt;/getQuote&gt;'</message>
</record>
<record>
  <date>2015-10-19T08:22:28</date>
  <millis>1445239348477</millis>
  <sequence>3788</sequence>
  <logger>se.sics.tac.aw.TACMessage</logger>
  <level>FINEST</level>
  <class>se.sics.tac.aw.TACMessage</class>
  <method>setReceivedMessage</method>
  <thread>22</thread>
  <message>XML in: '&lt;?xml version="1.0"?&gt;&lt;getQuote&gt;&lt;lastAskPrice&gt;99.1256&lt;/lastAskPrice&gt;&lt;lastBidPrice&gt;70.0000&lt;/lastBidPrice&gt;&lt;lastQuoteTime&gt;1445239210&lt;/lastQuoteTime&gt;&lt;nextQuoteTime&gt;1445239322&lt;/nextQuoteTime&gt;&lt;lastClearPrice&gt;87.4827&lt;/lastClearPrice&gt;&lt;lastClearTime&gt;1445239210&lt;/lastClearTime&gt;&lt;finalClearTime&gt;1445239320&lt;/finalClearTime&gt;&lt;nextClearTime&gt;0&lt;/nextClearTime&gt;&lt;hypotheticalQuantityWon&gt; &lt;/hypotheticalQuantityWon&gt;&lt;auctionStatus&gt;1&lt;/auctionStatus&gt;&lt;commandStatus&gt;0&lt;/commandStatus&gt;&lt;/getQuote&gt;' responseTime: 45 avg: 275.0 count: 953</message>
</record>
<record>
  <date>2015-10-19T08:22:28</date>
  <millis>1445239348477</millis>
  <sequence>3789</sequence>
  <logger>se.sics.tac.aw.TACMessage</logger>
  <level>FINEST</level>
  <class>se.sics.tac.aw.TACMessage</class>
  <method>setReceivedMessage</method>
  <thread>22</thread>
  <message>requesting quotes for auction 19 (Alligator 4)</message>
</record>
<record>
  <date>2015-10-19T08:22:28</date>
  <millis>1445239348477</millis>
  <sequence>3790</sequence>
  <logger>se.sics.tac.aw.TACMessage</logger>
  <level>FINEST</level>
  <class>se.sics.tac.aw.TACMessage</class>
  <method>setReceivedMessage</method>
  <thread>22</thread>
  <message>XML out: '&lt;getQuote&gt;&lt;auctionID&gt;19060&lt;/auctionID&gt;&lt;/getQuote&gt;'</message>
</record>
<record>
  <date>2015-10-19T08:22:28</date>
  <millis>1445239348477</millis>
  <sequence>3791</sequence>
  <logger>se.sics.tac.aw.TACMessage</logger>
  <level>FINEST</level>
  <class>se.sics.tac.aw.TACMessage</class>
  <method>setReceivedMessage</method>
  <thread>22</thread>
  <message>XML in: '&lt;?xml version="1.0"?&gt;&lt;getQuote&gt;&lt;lastAskPrice&gt;57.1042&lt;/lastAskPrice&gt;&lt;lastBidPrice&gt;0.0000&lt;/lastBidPrice&gt;&lt;lastQuoteTime&gt;1445239270&lt;/lastQuoteTime&gt;&lt;nextQuoteTime&gt;1445239322&lt;/nextQuoteTime&gt;&lt;lastClearPrice&gt;60.6794&lt;/lastClearPrice&gt;&lt;lastClearTime&gt;1445239270&lt;/lastClearTime&gt;&lt;finalClearTime&gt;1445239320&lt;/finalClearTime&gt;&lt;nextClearTime&gt;0&lt;/nextClearTime&gt;&lt;hypotheticalQuantityWon&gt; &lt;/hypotheticalQuantityWon&gt;&lt;auctionStatus&gt;1&lt;/auctionStatus&gt;&lt;commandStatus&gt;0&lt;/commandStatus&gt;&lt;/getQuote&gt;' responseTime: 45 avg: 274.0 count: 954</message>
</record>
<record>
  <date>2015-10-19T08:22:28</date>
  <millis>1445239348477</millis>
  <sequence>3792</sequence>
  <logger>se.sics.tac.aw.TACMessage</logger>
  <level>FINEST</level>
  <class>se.sics.tac.aw.TACMessage</class>
  <method>setReceivedMessage</method>
  <thread>22</thread>
  <message>requesting quotes for auction 20 (Amusement 1)</message>
</record>
<record>
  <date>2015-10-19T08:22:28</date>
  <millis>1445239348477</millis>
  <sequence>3793</sequence>
  <logger>se.sics.tac.aw.TACMessage</logger>
  <level>FINEST</level>
  <class>se.sics.tac.aw.TACMessage</class>
  <method>setReceivedMessage</method>
  <thread>22</thread>
  <message>XML out: '&lt;getQuote&gt;&lt;auctionID&gt;19061&lt;/auctionID&gt;&lt;/getQuote&gt;'</message>
</record>
<record>
  <date>2015-10-19T08:22:28</date>
  <millis>1445239348477</millis>
  <sequence>3794</sequence>
  <logger>se.sics.tac.aw.TACMessage</logger>
  <level>FINEST</level>
  <class>se.sics.tac.aw.TACMessage</class>
  <method>setReceivedMessage</method>
  <thread>22</thread>
  <message>XML in: '&lt;?xml version="1.0"?&gt;&lt;getQuote&gt;&lt;lastAskPrice&gt;57.1165&lt;/lastAskPrice&gt;&lt;lastBidPrice&gt;0.0000&lt;/lastBidPrice&gt;&lt;lastQuoteTime&gt;1445239270&lt;/lastQuoteTime&gt;&lt;nextQuoteTime&gt;1445239322&lt;/nextQuoteTime&gt;&lt;lastClearPrice&gt;70.0000&lt;/lastClearPrice&gt;&lt;lastClearTime&gt;1445239150&lt;/lastClearTime&gt;&lt;finalClearTime&gt;1445239320&lt;/finalClearTime&gt;&lt;nextClearTime&gt;0&lt;/nextClearTime&gt;&lt;hypotheticalQuantityWon&gt; &lt;/hypotheticalQuantityWon&gt;&lt;auctionStatus&gt;1&lt;/auctionStatus&gt;&lt;commandStatus&gt;0&lt;/commandStatus&gt;&lt;/getQuote&gt;' responseTime: 45 avg: 274.0 count: 955</message>
</record>
<record>
  <date>2015-10-19T08:22:28</date>
  <millis>1445239348478</millis>
  <sequence>3795</sequence>
  <logger>se.sics.tac.aw.TACMessage</logger>
  <level>FINEST</level>
  <class>se.sics.tac.aw.TACMessage</class>
  <method>setReceivedMessage</method>
  <thread>22</thread>
  <message>requesting quotes for auction 21 (Amusement 2)</message>
</record>
<record>
  <date>2015-10-19T08:22:28</date>
  <millis>1445239348478</millis>
  <sequence>3796</sequence>
  <logger>se.sics.tac.aw.TACMessage</logger>
  <level>FINEST</level>
  <class>se.sics.tac.aw.TACMessage</class>
  <method>setReceivedMessage</method>
  <thread>22</thread>
  <message>XML out: '&lt;getQuote&gt;&lt;auctionID&gt;19062&lt;/auctionID&gt;&lt;/getQuote&gt;'</message>
</record>
<record>
  <date>2015-10-19T08:22:28</date>
  <millis>1445239348478</millis>
  <sequence>3797</sequence>
  <logger>se.sics.tac.aw.TACMessage</logger>
  <level>FINEST</level>
  <class>se.sics.tac.aw.TACMessage</class>
  <method>setReceivedMessage</method>
  <thread>22</thread>
  <message>XML in: '&lt;?xml version="1.0"?&gt;&lt;getQuote&gt;&lt;lastAskPrice&gt;0.0000&lt;/lastAskPrice&gt;&lt;lastBidPrice&gt;83.5349&lt;/lastBidPrice&gt;&lt;lastQuoteTime&gt;1445239270&lt;/lastQuoteTime&gt;&lt;nextQuoteTime&gt;1445239322&lt;/nextQuoteTime&gt;&lt;lastClearPrice&gt;70.0000&lt;/lastClearPrice&gt;&lt;lastClearTime&gt;1445239210&lt;/lastClearTime&gt;&lt;finalClearTime&gt;1445239320&lt;/finalClearTime&gt;&lt;nextClearTime&gt;0&lt;/nextClearTime&gt;&lt;hypotheticalQuantityWon&gt; &lt;/hypotheticalQuantityWon&gt;&lt;auctionStatus&gt;1&lt;/auctionStatus&gt;&lt;commandStatus&gt;0&lt;/commandStatus&gt;&lt;/getQuote&gt;' responseTime: 46 avg: 274.0 count: 956</message>
</record>
<record>
  <date>2015-10-19T08:22:28</date>
  <millis>1445239348478</millis>
  <sequence>3798</sequence>
  <logger>se.sics.tac.aw.TACMessage</logger>
  <level>FINEST</level>
  <class>se.sics.tac.aw.TACMessage</class>
  <method>setReceivedMessage</method>
  <thread>22</thread>
  <message>requesting quotes for auction 22 (Amusement 3)</message>
</record>
<record>
  <date>2015-10-19T08:22:28</date>
  <millis>1445239348478</millis>
  <sequence>3799</sequence>
  <logger>se.sics.tac.aw.TACMessage</logger>
  <level>FINEST</level>
  <class>se.sics.tac.aw.TACMessage</class>
  <method>setReceivedMessage</method>
  <thread>22</thread>
  <message>XML out: '&lt;getQuote&gt;&lt;auctionID&gt;19063&lt;/auctionID&gt;&lt;/getQuote&gt;'</message>
</record>
<record>
  <date>2015-10-19T08:22:28</date>
  <millis>1445239348478</millis>
  <sequence>3800</sequence>
  <logger>se.sics.tac.aw.TACMessage</logger>
  <level>FINEST</level>
  <class>se.sics.tac.aw.TACMessage</class>
  <method>setReceivedMessage</method>
  <thread>22</thread>
  <message>XML in: '&lt;?xml version="1.0"?&gt;&lt;getQuote&gt;&lt;lastAskPrice&gt;61.2840&lt;/lastAskPrice&gt;&lt;lastBidPrice&gt;0.0000&lt;/lastBidPrice&gt;&lt;lastQuoteTime&gt;1445239270&lt;/lastQuoteTime&gt;&lt;nextQuoteTime&gt;1445239322&lt;/nextQuoteTime&gt;&lt;lastClearPrice&gt;66.3061&lt;/lastClearPrice&gt;&lt;lastClearTime&gt;1445239210&lt;/lastClearTime&gt;&lt;finalClearTime&gt;1445239320&lt;/finalClearTime&gt;&lt;nextClearTime&gt;0&lt;/nextClearTime&gt;&lt;hypotheticalQuantityWon&gt; &lt;/hypotheticalQuantityWon&gt;&lt;auctionStatus&gt;1&lt;/auctionStatus&gt;&lt;commandStatus&gt;0&lt;/commandStatus&gt;&lt;/getQuote&gt;' responseTime: 46 avg: 274.0 count: 957</message>
</record>
<record>
  <date>2015-10-19T08:22:28</date>
  <millis>1445239348478</millis>
  <sequence>3801</sequence>
  <logger>se.sics.tac.aw.TACMessage</logger>
  <level>FINEST</level>
  <class>se.sics.tac.aw.TACMessage</class>
  <method>setReceivedMessage</method>
  <thread>22</thread>
  <message>requesting quotes for auction 23 (Amusement 4)</message>
</record>
<record>
  <date>2015-10-19T08:22:28</date>
  <millis>1445239348478</millis>
  <sequence>3802</sequence>
  <logger>se.sics.tac.aw.TACMessage</logger>
  <level>FINEST</level>
  <class>se.sics.tac.aw.TACMessage</class>
  <method>setReceivedMessage</method>
  <thread>22</thread>
  <message>XML out: '&lt;getQuote&gt;&lt;auctionID&gt;19064&lt;/auctionID&gt;&lt;/getQuote&gt;'</message>
</record>
<record>
  <date>2015-10-19T08:22:28</date>
  <millis>1445239348478</millis>
  <sequence>3803</sequence>
  <logger>se.sics.tac.aw.TACMessage</logger>
  <level>FINEST</level>
  <class>se.sics.tac.aw.TACMessage</class>
  <method>setReceivedMessage</method>
  <thread>22</thread>
  <message>XML in: '&lt;?xml version="1.0"?&gt;&lt;getQuote&gt;&lt;lastAskPrice&gt;0.0000&lt;/lastAskPrice&gt;&lt;lastBidPrice&gt;62.3874&lt;/lastBidPrice&gt;&lt;lastQuoteTime&gt;1445239270&lt;/lastQuoteTime&gt;&lt;nextQuoteTime&gt;1445239322&lt;/nextQuoteTime&gt;&lt;lastClearPrice&gt;69.8964&lt;/lastClearPrice&gt;&lt;lastClearTime&gt;1445239270&lt;/lastClearTime&gt;&lt;finalClearTime&gt;1445239320&lt;/finalClearTime&gt;&lt;nextClearTime&gt;0&lt;/nextClearTime&gt;&lt;hypotheticalQuantityWon&gt; &lt;/hypotheticalQuantityWon&gt;&lt;auctionStatus&gt;1&lt;/auctionStatus&gt;&lt;commandStatus&gt;0&lt;/commandStatus&gt;&lt;/getQuote&gt;' responseTime: 46 avg: 273.0 count: 958</message>
</record>
<record>
  <date>2015-10-19T08:22:28</date>
  <millis>1445239348496</millis>
  <sequence>3804</sequence>
  <logger>se.sics.tac.aw.TACMessage</logger>
  <level>FINEST</level>
  <class>se.sics.tac.aw.TACMessage</class>
  <method>setReceivedMessage</method>
  <thread>22</thread>
  <message>requesting quotes for auction 24 (Museum 1)</message>
</record>
<record>
  <date>2015-10-19T08:22:28</date>
  <millis>1445239348496</millis>
  <sequence>3805</sequence>
  <logger>se.sics.tac.aw.TACMessage</logger>
  <level>FINEST</level>
  <class>se.sics.tac.aw.TACMessage</class>
  <method>setReceivedMessage</method>
  <thread>22</thread>
  <message>XML out: '&lt;getQuote&gt;&lt;auctionID&gt;19065&lt;/auctionID&gt;&lt;/getQuote&gt;'</message>
</record>
<record>
  <date>2015-10-19T08:22:28</date>
  <millis>1445239348496</millis>
  <sequence>3806</sequence>
  <logger>se.sics.tac.aw.TACMessage</logger>
  <level>FINEST</level>
  <class>se.sics.tac.aw.TACMessage</class>
  <method>setReceivedMessage</method>
  <thread>22</thread>
  <message>XML in: '&lt;?xml version="1.0"?&gt;&lt;getQuote&gt;&lt;lastAskPrice&gt;57.6187&lt;/lastAskPrice&gt;&lt;lastBidPrice&gt;0.0000&lt;/lastBidPrice&gt;&lt;lastQuoteTime&gt;1445239270&lt;/lastQuoteTime&gt;&lt;nextQuoteTime&gt;1445239322&lt;/nextQuoteTime&gt;&lt;lastClearPrice&gt;70.0000&lt;/lastClearPrice&gt;&lt;lastClearTime&gt;1445239210&lt;/lastClearTime&gt;&lt;finalClearTime&gt;1445239320&lt;/finalClearTime&gt;&lt;nextClearTime&gt;0&lt;/nextClearTime&gt;&lt;hypotheticalQuantityWon&gt; &lt;/hypotheticalQuantityWon&gt;&lt;auctionStatus&gt;1&lt;/auctionStatus&gt;&lt;commandStatus&gt;0&lt;/commandStatus&gt;&lt;/getQuote&gt;' responseTime: 64 avg: 273.0 count: 959</message>
</record>
<record>
  <date>2015-10-19T08:22:28</date>
  <millis>1445239348496</millis>
  <sequence>3807</sequence>
  <logger>se.sics.tac.aw.TACMessage</logger>
  <level>FINEST</level>
  <class>se.sics.tac.aw.TACMessage</class>
  <method>setReceivedMessage</method>
  <thread>22</thread>
  <message>requesting quotes for auction 25 (Museum 2)</message>
</record>
<record>
  <date>2015-10-19T08:22:28</date>
  <millis>1445239348496</millis>
  <sequence>3808</sequence>
  <logger>se.sics.tac.aw.TACMessage</logger>
  <level>FINEST</level>
  <class>se.sics.tac.aw.TACMessage</class>
  <method>setReceivedMessage</method>
  <thread>22</thread>
  <message>XML out: '&lt;getQuote&gt;&lt;auctionID&gt;19066&lt;/auctionID&gt;&lt;/getQuote&gt;'</message>
</record>
<record>
  <date>2015-10-19T08:22:28</date>
  <millis>1445239348496</millis>
  <sequence>3809</sequence>
  <logger>se.sics.tac.aw.TACMessage</logger>
  <level>FINEST</level>
  <class>se.sics.tac.aw.TACMessage</class>
  <method>setReceivedMessage</method>
  <thread>22</thread>
  <message>XML in: '&lt;?xml version="1.0"?&gt;&lt;getQuote&gt;&lt;lastAskPrice&gt;57.5986&lt;/lastAskPrice&gt;&lt;lastBidPrice&gt;0.0000&lt;/lastBidPrice&gt;&lt;lastQuoteTime&gt;1445239270&lt;/lastQuoteTime&gt;&lt;nextQuoteTime&gt;1445239322&lt;/nextQuoteTime&gt;&lt;lastClearPrice&gt;70.0000&lt;/lastClearPrice&gt;&lt;lastClearTime&gt;1445239210&lt;/lastClearTime&gt;&lt;finalClearTime&gt;1445239320&lt;/finalClearTime&gt;&lt;nextClearTime&gt;0&lt;/nextClearTime&gt;&lt;hypotheticalQuantityWon&gt; &lt;/hypotheticalQuantityWon&gt;&lt;auctionStatus&gt;1&lt;/auctionStatus&gt;&lt;commandStatus&gt;0&lt;/commandStatus&gt;&lt;/getQuote&gt;' responseTime: 64 avg: 273.0 count: 960</message>
</record>
<record>
  <date>2015-10-19T08:22:28</date>
  <millis>1445239348496</millis>
  <sequence>3810</sequence>
  <logger>se.sics.tac.aw.TACMessage</logger>
  <level>FINEST</level>
  <class>se.sics.tac.aw.TACMessage</class>
  <method>setReceivedMessage</method>
  <thread>22</thread>
  <message>requesting quotes for auction 26 (Museum 3)</message>
</record>
<record>
  <date>2015-10-19T08:22:28</date>
  <millis>1445239348496</millis>
  <sequence>3811</sequence>
  <logger>se.sics.tac.aw.TACMessage</logger>
  <level>FINEST</level>
  <class>se.sics.tac.aw.TACMessage</class>
  <method>setReceivedMessage</method>
  <thread>22</thread>
  <message>XML out: '&lt;getQuote&gt;&lt;auctionID&gt;19067&lt;/auctionID&gt;&lt;/getQuote&gt;'</message>
</record>
<record>
  <date>2015-10-19T08:22:28</date>
  <millis>1445239348496</millis>
  <sequence>3812</sequence>
  <logger>se.sics.tac.aw.TACMessage</logger>
  <level>FINEST</level>
  <class>se.sics.tac.aw.TACMessage</class>
  <method>setReceivedMessage</method>
  <thread>22</thread>
  <message>XML in: '&lt;?xml version="1.0"?&gt;&lt;getQuote&gt;&lt;lastAskPrice&gt;56.5046&lt;/lastAskPrice&gt;&lt;lastBidPrice&gt;0.0000&lt;/lastBidPrice&gt;&lt;lastQuoteTime&gt;1445239270&lt;/lastQuoteTime&gt;&lt;nextQuoteTime&gt;1445239322&lt;/nextQuoteTime&gt;&lt;lastClearPrice&gt;61.6890&lt;/lastClearPrice&gt;&lt;lastClearTime&gt;1445239270&lt;/lastClearTime&gt;&lt;finalClearTime&gt;1445239320&lt;/finalClearTime&gt;&lt;nextClearTime&gt;0&lt;/nextClearTime&gt;&lt;hypotheticalQuantityWon&gt; &lt;/hypotheticalQuantityWon&gt;&lt;auctionStatus&gt;1&lt;/auctionStatus&gt;&lt;commandStatus&gt;0&lt;/commandStatus&gt;&lt;/getQuote&gt;' responseTime: 64 avg: 273.0 count: 961</message>
</record>
<record>
  <date>2015-10-19T08:22:28</date>
  <millis>1445239348498</millis>
  <sequence>3813</sequence>
  <logger>se.sics.tac.aw.TACMessage</logger>
  <level>FINEST</level>
  <class>se.sics.tac.aw.TACMessage</class>
  <method>setReceivedMessage</method>
  <thread>22</thread>
  <message>requesting quotes for auction 27 (Museum 4)</message>
</record>
<record>
  <date>2015-10-19T08:22:28</date>
  <millis>1445239348498</millis>
  <sequence>3814</sequence>
  <logger>se.sics.tac.aw.TACMessage</logger>
  <level>FINEST</level>
  <class>se.sics.tac.aw.TACMessage</class>
  <method>setReceivedMessage</method>
  <thread>22</thread>
  <message>XML out: '&lt;getQuote&gt;&lt;auctionID&gt;19068&lt;/auctionID&gt;&lt;/getQuote&gt;'</message>
</record>
<record>
  <date>2015-10-19T08:22:28</date>
  <millis>1445239348498</millis>
  <sequence>3815</sequence>
  <logger>se.sics.tac.aw.TACMessage</logger>
  <level>FINEST</level>
  <class>se.sics.tac.aw.TACMessage</class>
  <method>setReceivedMessage</method>
  <thread>22</thread>
  <message>XML in: '&lt;?xml version="1.0"?&gt;&lt;getQuote&gt;&lt;lastAskPrice&gt;51.0000&lt;/lastAskPrice&gt;&lt;lastBidPrice&gt;0.0000&lt;/lastBidPrice&gt;&lt;lastQuoteTime&gt;1445239291&lt;/lastQuoteTime&gt;&lt;nextQuoteTime&gt;1445239322&lt;/nextQuoteTime&gt;&lt;lastClearPrice&gt;68.9071&lt;/lastClearPrice&gt;&lt;lastClearTime&gt;1445239210&lt;/lastClearTime&gt;&lt;finalClearTime&gt;1445239320&lt;/finalClearTime&gt;&lt;nextClearTime&gt;0&lt;/nextClearTime&gt;&lt;hypotheticalQuantityWon&gt; &lt;/hypotheticalQuantityWon&gt;&lt;auctionStatus&gt;1&lt;/auctionStatus&gt;&lt;commandStatus&gt;0&lt;/commandStatus&gt;&lt;/getQuote&gt;' responseTime: 66 avg: 273.0 count: 962</message>
</record>
<record>
  <date>2015-10-19T08:22:28</date>
  <millis>1445239348498</millis>
  <sequence>3816</sequence>
  <logger>se.sics.tac.aw.DummyAgent</logger>
  <level>FINE</level>
  <class>se.sics.tac.aw.DummyAgent</class>
  <method>quoteUpdated</method>
  <thread>22</thread>
  <message>All quotes for entertainment has been updated</message>
</record>
<record>
  <date>2015-10-19T08:22:28</date>
  <millis>1445239348499</millis>
  <sequence>3817</sequence>
  <logger>se.sics.tac.aw.TACMessage</logger>
  <level>FINEST</level>
  <class>se.sics.tac.aw.TACMessage</class>
  <method>setReceivedMessage</method>
  <thread>22</thread>
  <message>requesting quotes for auction 0 (Inflight 1)</message>
</record>
<record>
  <date>2015-10-19T08:22:28</date>
  <millis>1445239348499</millis>
  <sequence>3818</sequence>
  <logger>se.sics.tac.aw.TACMessage</logger>
  <level>FINEST</level>
  <class>se.sics.tac.aw.TACMessage</class>
  <method>setReceivedMessage</method>
  <thread>22</thread>
  <message>XML out: '&lt;getQuote&gt;&lt;auctionID&gt;19041&lt;/auctionID&gt;&lt;/getQuote&gt;'</message>
</record>
<record>
  <date>2015-10-19T08:22:28</date>
  <millis>1445239348499</millis>
  <sequence>3819</sequence>
  <logger>se.sics.tac.aw.TACMessage</logger>
  <level>FINEST</level>
  <class>se.sics.tac.aw.TACMessage</class>
  <method>setReceivedMessage</method>
  <thread>22</thread>
  <message>XML in: '&lt;?xml version="1.0"?&gt;&lt;getQuote&gt;&lt;lastAskPrice&gt;603.0000&lt;/lastAskPrice&gt;&lt;lastBidPrice&gt;0.0000&lt;/lastBidPrice&gt;&lt;lastQuoteTime&gt;1445239290&lt;/lastQuoteTime&gt;&lt;nextQuoteTime&gt;1445239300&lt;/nextQuoteTime&gt;&lt;lastClearPrice&gt;368.0000&lt;/lastClearPrice&gt;&lt;lastClearTime&gt;1445238910&lt;/lastClearTime&gt;&lt;finalClearTime&gt;1445239320&lt;/finalClearTime&gt;&lt;nextClearTime&gt;0&lt;/nextClearTime&gt;&lt;hypotheticalQuantityWon&gt; &lt;/hypotheticalQuantityWon&gt;&lt;auctionStatus&gt;1&lt;/auctionStatus&gt;&lt;commandStatus&gt;0&lt;/commandStatus&gt;&lt;/getQuote&gt;' responseTime: 67 avg: 272.0 count: 963</message>
</record>
<record>
  <date>2015-10-19T08:22:28</date>
  <millis>1445239348499</millis>
  <sequence>3820</sequence>
  <logger>se.sics.tac.aw.TACMessage</logger>
  <level>FINEST</level>
  <class>se.sics.tac.aw.TACMessage</class>
  <method>setReceivedMessage</method>
  <thread>22</thread>
  <message>requesting quotes for auction 1 (Inflight 2)</message>
</record>
<record>
  <date>2015-10-19T08:22:28</date>
  <millis>1445239348499</millis>
  <sequence>3821</sequence>
  <logger>se.sics.tac.aw.TACMessage</logger>
  <level>FINEST</level>
  <class>se.sics.tac.aw.TACMessage</class>
  <method>setReceivedMessage</method>
  <thread>22</thread>
  <message>XML out: '&lt;getQuote&gt;&lt;auctionID&gt;19042&lt;/auctionID&gt;&lt;/getQuote&gt;'</message>
</record>
<record>
  <date>2015-10-19T08:22:28</date>
  <millis>1445239348499</millis>
  <sequence>3822</sequence>
  <logger>se.sics.tac.aw.TACMessage</logger>
  <level>FINEST</level>
  <class>se.sics.tac.aw.TACMessage</class>
  <method>setReceivedMessage</method>
  <thread>22</thread>
  <message>XML in: '&lt;?xml version="1.0"?&gt;&lt;getQuote&gt;&lt;lastAskPrice&gt;462.0000&lt;/lastAskPrice&gt;&lt;lastBidPrice&gt;0.0000&lt;/lastBidPrice&gt;&lt;lastQuoteTime&gt;1445239290&lt;/lastQuoteTime&gt;&lt;nextQuoteTime&gt;1445239300&lt;/nextQuoteTime&gt;&lt;lastClearPrice&gt;407.0000&lt;/lastClearPrice&gt;&lt;lastClearTime&gt;1445239210&lt;/lastClearTime&gt;&lt;finalClearTime&gt;1445239320&lt;/finalClearTime&gt;&lt;nextClearTime&gt;0&lt;/nextClearTime&gt;&lt;hypotheticalQuantityWon&gt; &lt;/hypotheticalQuantityWon&gt;&lt;auctionStatus&gt;1&lt;/auctionStatus&gt;&lt;commandStatus&gt;0&lt;/commandStatus&gt;&lt;/getQuote&gt;' responseTime: 67 avg: 272.0 count: 964</message>
</record>
<record>
  <date>2015-10-19T08:22:28</date>
  <millis>1445239348499</millis>
  <sequence>3823</sequence>
  <logger>se.sics.tac.aw.TACMessage</logger>
  <level>FINEST</level>
  <class>se.sics.tac.aw.TACMessage</class>
  <method>setReceivedMessage</method>
  <thread>22</thread>
  <message>requesting quotes for auction 2 (Inflight 3)</message>
</record>
<record>
  <date>2015-10-19T08:22:28</date>
  <millis>1445239348499</millis>
  <sequence>3824</sequence>
  <logger>se.sics.tac.aw.TACMessage</logger>
  <level>FINEST</level>
  <class>se.sics.tac.aw.TACMessage</class>
  <method>setReceivedMessage</method>
  <thread>22</thread>
  <message>XML out: '&lt;getQuote&gt;&lt;auctionID&gt;19043&lt;/auctionID&gt;&lt;/getQuote&gt;'</message>
</record>
<record>
  <date>2015-10-19T08:22:28</date>
  <millis>1445239348499</millis>
  <sequence>3825</sequence>
  <logger>se.sics.tac.aw.TACMessage</logger>
  <level>FINEST</level>
  <class>se.sics.tac.aw.TACMessage</class>
  <method>setReceivedMessage</method>
  <thread>22</thread>
  <message>XML in: '&lt;?xml version="1.0"?&gt;&lt;getQuote&gt;&lt;lastAskPrice&gt;513.0000&lt;/lastAskPrice&gt;&lt;lastBidPrice&gt;0.0000&lt;/lastBidPrice&gt;&lt;lastQuoteTime&gt;1445239290&lt;/lastQuoteTime&gt;&lt;nextQuoteTime&gt;1445239300&lt;/nextQuoteTime&gt;&lt;lastClearPrice&gt;450.0000&lt;/lastClearPrice&gt;&lt;lastClearTime&gt;1445239210&lt;/lastClearTime&gt;&lt;finalClearTime&gt;1445239320&lt;/finalClearTime&gt;&lt;nextClearTime&gt;0&lt;/nextClearTime&gt;&lt;hypotheticalQuantityWon&gt; &lt;/hypotheticalQuantityWon&gt;&lt;auctionStatus&gt;1&lt;/auctionStatus&gt;&lt;commandStatus&gt;0&lt;/commandStatus&gt;&lt;/getQuote&gt;' responseTime: 67 avg: 272.0 count: 965</message>
</record>
<record>
  <date>2015-10-19T08:22:28</date>
  <millis>1445239348499</millis>
  <sequence>3826</sequence>
  <logger>se.sics.tac.aw.TACMessage</logger>
  <level>FINEST</level>
  <class>se.sics.tac.aw.TACMessage</class>
  <method>setReceivedMessage</method>
  <thread>22</thread>
  <message>requesting quotes for auction 3 (Inflight 4)</message>
</record>
<record>
  <date>2015-10-19T08:22:28</date>
  <millis>1445239348499</millis>
  <sequence>3827</sequence>
  <logger>se.sics.tac.aw.TACMessage</logger>
  <level>FINEST</level>
  <class>se.sics.tac.aw.TACMessage</class>
  <method>setReceivedMessage</method>
  <thread>22</thread>
  <message>XML out: '&lt;getQuote&gt;&lt;auctionID&gt;19044&lt;/auctionID&gt;&lt;/getQuote&gt;'</message>
</record>
<record>
  <date>2015-10-19T08:22:28</date>
  <millis>1445239348499</millis>
  <sequence>3828</sequence>
  <logger>se.sics.tac.aw.TACMessage</logger>
  <level>FINEST</level>
  <class>se.sics.tac.aw.TACMessage</class>
  <method>setReceivedMessage</method>
  <thread>22</thread>
  <message>XML in: '&lt;?xml version="1.0"?&gt;&lt;getQuote&gt;&lt;lastAskPrice&gt;406.0000&lt;/lastAskPrice&gt;&lt;lastBidPrice&gt;0.0000&lt;/lastBidPrice&gt;&lt;lastQuoteTime&gt;1445239290&lt;/lastQuoteTime&gt;&lt;nextQuoteTime&gt;1445239300&lt;/nextQuoteTime&gt;&lt;lastClearPrice&gt;351.0000&lt;/lastClearPrice&gt;&lt;lastClearTime&gt;1445238782&lt;/lastClearTime&gt;&lt;finalClearTime&gt;1445239320&lt;/finalClearTime&gt;&lt;nextClearTime&gt;0&lt;/nextClearTime&gt;&lt;hypotheticalQuantityWon&gt; &lt;/hypotheticalQuantityWon&gt;&lt;auctionStatus&gt;1&lt;/auctionStatus&gt;&lt;commandStatus&gt;0&lt;/commandStatus&gt;&lt;/getQuote&gt;' responseTime: 67 avg: 272.0 count: 966</message>
</record>
<record>
  <date>2015-10-19T08:22:28</date>
  <millis>1445239348499</millis>
  <sequence>3829</sequence>
  <logger>se.sics.tac.aw.TACMessage</logger>
  <level>FINEST</level>
  <class>se.sics.tac.aw.TACMessage</class>
  <method>setReceivedMessage</method>
  <thread>22</thread>
  <message>requesting quotes for auction 4 (Outflight 2)</message>
</record>
<record>
  <date>2015-10-19T08:22:28</date>
  <millis>1445239348499</millis>
  <sequence>3830</sequence>
  <logger>se.sics.tac.aw.TACMessage</logger>
  <level>FINEST</level>
  <class>se.sics.tac.aw.TACMessage</class>
  <method>setReceivedMessage</method>
  <thread>22</thread>
  <message>XML out: '&lt;getQuote&gt;&lt;auctionID&gt;19045&lt;/auctionID&gt;&lt;/getQuote&gt;'</message>
</record>
<record>
  <date>2015-10-19T08:22:28</date>
  <millis>1445239348499</millis>
  <sequence>3831</sequence>
  <logger>se.sics.tac.aw.TACMessage</logger>
  <level>FINEST</level>
  <class>se.sics.tac.aw.TACMessage</class>
  <method>setReceivedMessage</method>
  <thread>22</thread>
  <message>XML in: '&lt;?xml version="1.0"?&gt;&lt;getQuote&gt;&lt;lastAskPrice&gt;347.0000&lt;/lastAskPrice&gt;&lt;lastBidPrice&gt;0.0000&lt;/lastBidPrice&gt;&lt;lastQuoteTime&gt;1445239290&lt;/lastQuoteTime&gt;&lt;nextQuoteTime&gt;1445239300&lt;/nextQuoteTime&gt;&lt;lastClearPrice&gt;344.0000&lt;/lastClearPrice&gt;&lt;lastClearTime&gt;1445239270&lt;/lastClearTime&gt;&lt;finalClearTime&gt;1445239320&lt;/finalClearTime&gt;&lt;nextClearTime&gt;0&lt;/nextClearTime&gt;&lt;hypotheticalQuantityWon&gt; &lt;/hypotheticalQuantityWon&gt;&lt;auctionStatus&gt;1&lt;/auctionStatus&gt;&lt;commandStatus&gt;0&lt;/commandStatus&gt;&lt;/getQuote&gt;' responseTime: 67 avg: 271.0 count: 967</message>
</record>
<record>
  <date>2015-10-19T08:22:28</date>
  <millis>1445239348499</millis>
  <sequence>3832</sequence>
  <logger>se.sics.tac.aw.TACMessage</logger>
  <level>FINEST</level>
  <class>se.sics.tac.aw.TACMessage</class>
  <method>setReceivedMessage</method>
  <thread>22</thread>
  <message>requesting quotes for auction 5 (Outflight 3)</message>
</record>
<record>
  <date>2015-10-19T08:22:28</date>
  <millis>1445239348499</millis>
  <sequence>3833</sequence>
  <logger>se.sics.tac.aw.TACMessage</logger>
  <level>FINEST</level>
  <class>se.sics.tac.aw.TACMessage</class>
  <method>setReceivedMessage</method>
  <thread>22</thread>
  <message>XML out: '&lt;getQuote&gt;&lt;auctionID&gt;19046&lt;/auctionID&gt;&lt;/getQuote&gt;'</message>
</record>
<record>
  <date>2015-10-19T08:22:28</date>
  <millis>1445239348499</millis>
  <sequence>3834</sequence>
  <logger>se.sics.tac.aw.TACMessage</logger>
  <level>FINEST</level>
  <class>se.sics.tac.aw.TACMessage</class>
  <method>setReceivedMessage</method>
  <thread>22</thread>
  <message>XML in: '&lt;?xml version="1.0"?&gt;&lt;getQuote&gt;&lt;lastAskPrice&gt;478.0000&lt;/lastAskPrice&gt;&lt;lastBidPrice&gt;0.0000&lt;/lastBidPrice&gt;&lt;lastQuoteTime&gt;1445239290&lt;/lastQuoteTime&gt;&lt;nextQuoteTime&gt;1445239300&lt;/nextQuoteTime&gt;&lt;lastClearPrice&gt;405.0000&lt;/lastClearPrice&gt;&lt;lastClearTime&gt;1445239210&lt;/lastClearTime&gt;&lt;finalClearTime&gt;1445239320&lt;/finalClearTime&gt;&lt;nextClearTime&gt;0&lt;/nextClearTime&gt;&lt;hypotheticalQuantityWon&gt; &lt;/hypotheticalQuantityWon&gt;&lt;auctionStatus&gt;1&lt;/auctionStatus&gt;&lt;commandStatus&gt;0&lt;/commandStatus&gt;&lt;/getQuote&gt;' responseTime: 67 avg: 271.0 count: 968</message>
</record>
<record>
  <date>2015-10-19T08:22:28</date>
  <millis>1445239348499</millis>
  <sequence>3835</sequence>
  <logger>se.sics.tac.aw.TACMessage</logger>
  <level>FINEST</level>
  <class>se.sics.tac.aw.TACMessage</class>
  <method>setReceivedMessage</method>
  <thread>22</thread>
  <message>requesting quotes for auction 6 (Outflight 4)</message>
</record>
<record>
  <date>2015-10-19T08:22:28</date>
  <millis>1445239348499</millis>
  <sequence>3836</sequence>
  <logger>se.sics.tac.aw.TACMessage</logger>
  <level>FINEST</level>
  <class>se.sics.tac.aw.TACMessage</class>
  <method>setReceivedMessage</method>
  <thread>22</thread>
  <message>XML out: '&lt;getQuote&gt;&lt;auctionID&gt;19047&lt;/auctionID&gt;&lt;/getQuote&gt;'</message>
</record>
<record>
  <date>2015-10-19T08:22:28</date>
  <millis>1445239348499</millis>
  <sequence>3837</sequence>
  <logger>se.sics.tac.aw.TACMessage</logger>
  <level>FINEST</level>
  <class>se.sics.tac.aw.TACMessage</class>
  <method>setReceivedMessage</method>
  <thread>22</thread>
  <message>XML in: '&lt;?xml version="1.0"?&gt;&lt;getQuote&gt;&lt;lastAskPrice&gt;354.0000&lt;/lastAskPrice&gt;&lt;lastBidPrice&gt;0.0000&lt;/lastBidPrice&gt;&lt;lastQuoteTime&gt;1445239290&lt;/lastQuoteTime&gt;&lt;nextQuoteTime&gt;1445239300&lt;/nextQuoteTime&gt;&lt;lastClearPrice&gt;349.0000&lt;/lastClearPrice&gt;&lt;lastClearTime&gt;1445239210&lt;/lastClearTime&gt;&lt;finalClearTime&gt;1445239320&lt;/finalClearTime&gt;&lt;nextClearTime&gt;0&lt;/nextClearTime&gt;&lt;hypotheticalQuantityWon&gt; &lt;/hypotheticalQuantityWon&gt;&lt;auctionStatus&gt;1&lt;/auctionStatus&gt;&lt;commandStatus&gt;0&lt;/commandStatus&gt;&lt;/getQuote&gt;' responseTime: 67 avg: 271.0 count: 969</message>
</record>
<record>
  <date>2015-10-19T08:22:28</date>
  <millis>1445239348500</millis>
  <sequence>3838</sequence>
  <logger>se.sics.tac.aw.TACMessage</logger>
  <level>FINEST</level>
  <class>se.sics.tac.aw.TACMessage</class>
  <method>setReceivedMessage</method>
  <thread>22</thread>
  <message>requesting quotes for auction 7 (Outflight 5)</message>
</record>
<record>
  <date>2015-10-19T08:22:28</date>
  <millis>1445239348500</millis>
  <sequence>3839</sequence>
  <logger>se.sics.tac.aw.TACMessage</logger>
  <level>FINEST</level>
  <class>se.sics.tac.aw.TACMessage</class>
  <method>setReceivedMessage</method>
  <thread>22</thread>
  <message>XML out: '&lt;getQuote&gt;&lt;auctionID&gt;19048&lt;/auctionID&gt;&lt;/getQuote&gt;'</message>
</record>
<record>
  <date>2015-10-19T08:22:28</date>
  <millis>1445239348500</millis>
  <sequence>3840</sequence>
  <logger>se.sics.tac.aw.TACMessage</logger>
  <level>FINEST</level>
  <class>se.sics.tac.aw.TACMessage</class>
  <method>setReceivedMessage</method>
  <thread>22</thread>
  <message>XML in: '&lt;?xml version="1.0"?&gt;&lt;getQuote&gt;&lt;lastAskPrice&gt;634.0000&lt;/lastAskPrice&gt;&lt;lastBidPrice&gt;0.0000&lt;/lastBidPrice&gt;&lt;lastQuoteTime&gt;1445239290&lt;/lastQuoteTime&gt;&lt;nextQuoteTime&gt;1445239300&lt;/nextQuoteTime&gt;&lt;lastClearPrice&gt;588.0000&lt;/lastClearPrice&gt;&lt;lastClearTime&gt;1445239210&lt;/lastClearTime&gt;&lt;finalClearTime&gt;1445239320&lt;/finalClearTime&gt;&lt;nextClearTime&gt;0&lt;/nextClearTime&gt;&lt;hypotheticalQuantityWon&gt; &lt;/hypotheticalQuantityWon&gt;&lt;auctionStatus&gt;1&lt;/auctionStatus&gt;&lt;commandStatus&gt;0&lt;/commandStatus&gt;&lt;/getQuote&gt;' responseTime: 68 avg: 271.0 count: 970</message>
</record>
<record>
  <date>2015-10-19T08:22:28</date>
  <millis>1445239348500</millis>
  <sequence>3841</sequence>
  <logger>se.sics.tac.aw.DummyAgent</logger>
  <level>FINE</level>
  <class>se.sics.tac.aw.DummyAgent</class>
  <method>quoteUpdated</method>
  <thread>22</thread>
  <message>All quotes for flight has been updated</message>
</record>
<record>
  <date>2015-10-19T08:22:38</date>
  <millis>1445239358455</millis>
  <sequence>3842</sequence>
  <logger>se.sics.tac.aw.TACMessage</logger>
  <level>FINEST</level>
  <class>se.sics.tac.aw.TACMessage</class>
  <method>setReceivedMessage</method>
  <thread>22</thread>
  <message>requesting quotes for auction 0 (Inflight 1)</message>
</record>
<record>
  <date>2015-10-19T08:22:38</date>
  <millis>1445239358456</millis>
  <sequence>3843</sequence>
  <logger>se.sics.tac.aw.TACMessage</logger>
  <level>FINEST</level>
  <class>se.sics.tac.aw.TACMessage</class>
  <method>setReceivedMessage</method>
  <thread>22</thread>
  <message>XML out: '&lt;getQuote&gt;&lt;auctionID&gt;19041&lt;/auctionID&gt;&lt;/getQuote&gt;'</message>
</record>
<record>
  <date>2015-10-19T08:22:38</date>
  <millis>1445239358456</millis>
  <sequence>3844</sequence>
  <logger>se.sics.tac.aw.TACMessage</logger>
  <level>FINEST</level>
  <class>se.sics.tac.aw.TACMessage</class>
  <method>setReceivedMessage</method>
  <thread>22</thread>
  <message>XML in: '&lt;?xml version="1.0"?&gt;&lt;getQuote&gt;&lt;lastAskPrice&gt;619.0000&lt;/lastAskPrice&gt;&lt;lastBidPrice&gt;0.0000&lt;/lastBidPrice&gt;&lt;lastQuoteTime&gt;1445239300&lt;/lastQuoteTime&gt;&lt;nextQuoteTime&gt;1445239310&lt;/nextQuoteTime&gt;&lt;lastClearPrice&gt;368.0000&lt;/lastClearPrice&gt;&lt;lastClearTime&gt;1445238910&lt;/lastClearTime&gt;&lt;finalClearTime&gt;1445239320&lt;/finalClearTime&gt;&lt;nextClearTime&gt;0&lt;/nextClearTime&gt;&lt;hypotheticalQuantityWon&gt; &lt;/hypotheticalQuantityWon&gt;&lt;auctionStatus&gt;1&lt;/auctionStatus&gt;&lt;commandStatus&gt;0&lt;/commandStatus&gt;&lt;/getQuote&gt;' responseTime: 21 avg: 271.0 count: 971</message>
</record>
<record>
  <date>2015-10-19T08:22:38</date>
  <millis>1445239358475</millis>
  <sequence>3845</sequence>
  <logger>se.sics.tac.aw.TACMessage</logger>
  <level>FINEST</level>
  <class>se.sics.tac.aw.TACMessage</class>
  <method>setReceivedMessage</method>
  <thread>22</thread>
  <message>requesting quotes for auction 1 (Inflight 2)</message>
</record>
<record>
  <date>2015-10-19T08:22:38</date>
  <millis>1445239358475</millis>
  <sequence>3846</sequence>
  <logger>se.sics.tac.aw.TACMessage</logger>
  <level>FINEST</level>
  <class>se.sics.tac.aw.TACMessage</class>
  <method>setReceivedMessage</method>
  <thread>22</thread>
  <message>XML out: '&lt;getQuote&gt;&lt;auctionID&gt;19042&lt;/auctionID&gt;&lt;/getQuote&gt;'</message>
</record>
<record>
  <date>2015-10-19T08:22:38</date>
  <millis>1445239358475</millis>
  <sequence>3847</sequence>
  <logger>se.sics.tac.aw.TACMessage</logger>
  <level>FINEST</level>
  <class>se.sics.tac.aw.TACMessage</class>
  <method>setReceivedMessage</method>
  <thread>22</thread>
  <message>XML in: '&lt;?xml version="1.0"?&gt;&lt;getQuote&gt;&lt;lastAskPrice&gt;469.0000&lt;/lastAskPrice&gt;&lt;lastBidPrice&gt;0.0000&lt;/lastBidPrice&gt;&lt;lastQuoteTime&gt;1445239300&lt;/lastQuoteTime&gt;&lt;nextQuoteTime&gt;1445239310&lt;/nextQuoteTime&gt;&lt;lastClearPrice&gt;407.0000&lt;/lastClearPrice&gt;&lt;lastClearTime&gt;1445239210&lt;/lastClearTime&gt;&lt;finalClearTime&gt;1445239320&lt;/finalClearTime&gt;&lt;nextClearTime&gt;0&lt;/nextClearTime&gt;&lt;hypotheticalQuantityWon&gt; &lt;/hypotheticalQuantityWon&gt;&lt;auctionStatus&gt;1&lt;/auctionStatus&gt;&lt;commandStatus&gt;0&lt;/commandStatus&gt;&lt;/getQuote&gt;' responseTime: 41 avg: 270.0 count: 972</message>
</record>
<record>
  <date>2015-10-19T08:22:38</date>
  <millis>1445239358476</millis>
  <sequence>3848</sequence>
  <logger>se.sics.tac.aw.TACMessage</logger>
  <level>FINEST</level>
  <class>se.sics.tac.aw.TACMessage</class>
  <method>setReceivedMessage</method>
  <thread>22</thread>
  <message>requesting quotes for auction 2 (Inflight 3)</message>
</record>
<record>
  <date>2015-10-19T08:22:38</date>
  <millis>1445239358476</millis>
  <sequence>3849</sequence>
  <logger>se.sics.tac.aw.TACMessage</logger>
  <level>FINEST</level>
  <class>se.sics.tac.aw.TACMessage</class>
  <method>setReceivedMessage</method>
  <thread>22</thread>
  <message>XML out: '&lt;getQuote&gt;&lt;auctionID&gt;19043&lt;/auctionID&gt;&lt;/getQuote&gt;'</message>
</record>
<record>
  <date>2015-10-19T08:22:38</date>
  <millis>1445239358476</millis>
  <sequence>3850</sequence>
  <logger>se.sics.tac.aw.TACMessage</logger>
  <level>FINEST</level>
  <class>se.sics.tac.aw.TACMessage</class>
  <method>setReceivedMessage</method>
  <thread>22</thread>
  <message>XML in: '&lt;?xml version="1.0"?&gt;&lt;getQuote&gt;&lt;lastAskPrice&gt;534.0000&lt;/lastAskPrice&gt;&lt;lastBidPrice&gt;0.0000&lt;/lastBidPrice&gt;&lt;lastQuoteTime&gt;1445239300&lt;/lastQuoteTime&gt;&lt;nextQuoteTime&gt;1445239310&lt;/nextQuoteTime&gt;&lt;lastClearPrice&gt;450.0000&lt;/lastClearPrice&gt;&lt;lastClearTime&gt;1445239210&lt;/lastClearTime&gt;&lt;finalClearTime&gt;1445239320&lt;/finalClearTime&gt;&lt;nextClearTime&gt;0&lt;/nextClearTime&gt;&lt;hypotheticalQuantityWon&gt; &lt;/hypotheticalQuantityWon&gt;&lt;auctionStatus&gt;1&lt;/auctionStatus&gt;&lt;commandStatus&gt;0&lt;/commandStatus&gt;&lt;/getQuote&gt;' responseTime: 42 avg: 270.0 count: 973</message>
</record>
<record>
  <date>2015-10-19T08:22:38</date>
  <millis>1445239358476</millis>
  <sequence>3851</sequence>
  <logger>se.sics.tac.aw.TACMessage</logger>
  <level>FINEST</level>
  <class>se.sics.tac.aw.TACMessage</class>
  <method>setReceivedMessage</method>
  <thread>22</thread>
  <message>requesting quotes for auction 3 (Inflight 4)</message>
</record>
<record>
  <date>2015-10-19T08:22:38</date>
  <millis>1445239358476</millis>
  <sequence>3852</sequence>
  <logger>se.sics.tac.aw.TACMessage</logger>
  <level>FINEST</level>
  <class>se.sics.tac.aw.TACMessage</class>
  <method>setReceivedMessage</method>
  <thread>22</thread>
  <message>XML out: '&lt;getQuote&gt;&lt;auctionID&gt;19044&lt;/auctionID&gt;&lt;/getQuote&gt;'</message>
</record>
<record>
  <date>2015-10-19T08:22:38</date>
  <millis>1445239358476</millis>
  <sequence>3853</sequence>
  <logger>se.sics.tac.aw.TACMessage</logger>
  <level>FINEST</level>
  <class>se.sics.tac.aw.TACMessage</class>
  <method>setReceivedMessage</method>
  <thread>22</thread>
  <message>XML in: '&lt;?xml version="1.0"?&gt;&lt;getQuote&gt;&lt;lastAskPrice&gt;409.0000&lt;/lastAskPrice&gt;&lt;lastBidPrice&gt;0.0000&lt;/lastBidPrice&gt;&lt;lastQuoteTime&gt;1445239300&lt;/lastQuoteTime&gt;&lt;nextQuoteTime&gt;1445239310&lt;/nextQuoteTime&gt;&lt;lastClearPrice&gt;351.0000&lt;/lastClearPrice&gt;&lt;lastClearTime&gt;1445238782&lt;/lastClearTime&gt;&lt;finalClearTime&gt;1445239320&lt;/finalClearTime&gt;&lt;nextClearTime&gt;0&lt;/nextClearTime&gt;&lt;hypotheticalQuantityWon&gt; &lt;/hypotheticalQuantityWon&gt;&lt;auctionStatus&gt;1&lt;/auctionStatus&gt;&lt;commandStatus&gt;0&lt;/commandStatus&gt;&lt;/getQuote&gt;' responseTime: 42 avg: 270.0 count: 974</message>
</record>
<record>
  <date>2015-10-19T08:22:38</date>
  <millis>1445239358476</millis>
  <sequence>3854</sequence>
  <logger>se.sics.tac.aw.TACMessage</logger>
  <level>FINEST</level>
  <class>se.sics.tac.aw.TACMessage</class>
  <method>setReceivedMessage</method>
  <thread>22</thread>
  <message>requesting quotes for auction 4 (Outflight 2)</message>
</record>
<record>
  <date>2015-10-19T08:22:38</date>
  <millis>1445239358476</millis>
  <sequence>3855</sequence>
  <logger>se.sics.tac.aw.TACMessage</logger>
  <level>FINEST</level>
  <class>se.sics.tac.aw.TACMessage</class>
  <method>setReceivedMessage</method>
  <thread>22</thread>
  <message>XML out: '&lt;getQuote&gt;&lt;auctionID&gt;19045&lt;/auctionID&gt;&lt;/getQuote&gt;'</message>
</record>
<record>
  <date>2015-10-19T08:22:38</date>
  <millis>1445239358476</millis>
  <sequence>3856</sequence>
  <logger>se.sics.tac.aw.TACMessage</logger>
  <level>FINEST</level>
  <class>se.sics.tac.aw.TACMessage</class>
  <method>setReceivedMessage</method>
  <thread>22</thread>
  <message>XML in: '&lt;?xml version="1.0"?&gt;&lt;getQuote&gt;&lt;lastAskPrice&gt;352.0000&lt;/lastAskPrice&gt;&lt;lastBidPrice&gt;0.0000&lt;/lastBidPrice&gt;&lt;lastQuoteTime&gt;1445239300&lt;/lastQuoteTime&gt;&lt;nextQuoteTime&gt;1445239310&lt;/nextQuoteTime&gt;&lt;lastClearPrice&gt;344.0000&lt;/lastClearPrice&gt;&lt;lastClearTime&gt;1445239270&lt;/lastClearTime&gt;&lt;finalClearTime&gt;1445239320&lt;/finalClearTime&gt;&lt;nextClearTime&gt;0&lt;/nextClearTime&gt;&lt;hypotheticalQuantityWon&gt; &lt;/hypotheticalQuantityWon&gt;&lt;auctionStatus&gt;1&lt;/auctionStatus&gt;&lt;commandStatus&gt;0&lt;/commandStatus&gt;&lt;/getQuote&gt;' responseTime: 42 avg: 270.0 count: 975</message>
</record>
<record>
  <date>2015-10-19T08:22:38</date>
  <millis>1445239358493</millis>
  <sequence>3857</sequence>
  <logger>se.sics.tac.aw.TACMessage</logger>
  <level>FINEST</level>
  <class>se.sics.tac.aw.TACMessage</class>
  <method>setReceivedMessage</method>
  <thread>22</thread>
  <message>requesting quotes for auction 5 (Outflight 3)</message>
</record>
<record>
  <date>2015-10-19T08:22:38</date>
  <millis>1445239358494</millis>
  <sequence>3858</sequence>
  <logger>se.sics.tac.aw.TACMessage</logger>
  <level>FINEST</level>
  <class>se.sics.tac.aw.TACMessage</class>
  <method>setReceivedMessage</method>
  <thread>22</thread>
  <message>XML out: '&lt;getQuote&gt;&lt;auctionID&gt;19046&lt;/auctionID&gt;&lt;/getQuote&gt;'</message>
</record>
<record>
  <date>2015-10-19T08:22:38</date>
  <millis>1445239358494</millis>
  <sequence>3859</sequence>
  <logger>se.sics.tac.aw.TACMessage</logger>
  <level>FINEST</level>
  <class>se.sics.tac.aw.TACMessage</class>
  <method>setReceivedMessage</method>
  <thread>22</thread>
  <message>XML in: '&lt;?xml version="1.0"?&gt;&lt;getQuote&gt;&lt;lastAskPrice&gt;480.0000&lt;/lastAskPrice&gt;&lt;lastBidPrice&gt;0.0000&lt;/lastBidPrice&gt;&lt;lastQuoteTime&gt;1445239300&lt;/lastQuoteTime&gt;&lt;nextQuoteTime&gt;1445239310&lt;/nextQuoteTime&gt;&lt;lastClearPrice&gt;405.0000&lt;/lastClearPrice&gt;&lt;lastClearTime&gt;1445239210&lt;/lastClearTime&gt;&lt;finalClearTime&gt;1445239320&lt;/finalClearTime&gt;&lt;nextClearTime&gt;0&lt;/nextClearTime&gt;&lt;hypotheticalQuantityWon&gt; &lt;/hypotheticalQuantityWon&gt;&lt;auctionStatus&gt;1&lt;/auctionStatus&gt;&lt;commandStatus&gt;0&lt;/commandStatus&gt;&lt;/getQuote&gt;' responseTime: 59 avg: 269.0 count: 976</message>
</record>
<record>
  <date>2015-10-19T08:22:38</date>
  <millis>1445239358494</millis>
  <sequence>3860</sequence>
  <logger>se.sics.tac.aw.TACMessage</logger>
  <level>FINEST</level>
  <class>se.sics.tac.aw.TACMessage</class>
  <method>setReceivedMessage</method>
  <thread>22</thread>
  <message>requesting quotes for auction 6 (Outflight 4)</message>
</record>
<record>
  <date>2015-10-19T08:22:38</date>
  <millis>1445239358494</millis>
  <sequence>3861</sequence>
  <logger>se.sics.tac.aw.TACMessage</logger>
  <level>FINEST</level>
  <class>se.sics.tac.aw.TACMessage</class>
  <method>setReceivedMessage</method>
  <thread>22</thread>
  <message>XML out: '&lt;getQuote&gt;&lt;auctionID&gt;19047&lt;/auctionID&gt;&lt;/getQuote&gt;'</message>
</record>
<record>
  <date>2015-10-19T08:22:38</date>
  <millis>1445239358494</millis>
  <sequence>3862</sequence>
  <logger>se.sics.tac.aw.TACMessage</logger>
  <level>FINEST</level>
  <class>se.sics.tac.aw.TACMessage</class>
  <method>setReceivedMessage</method>
  <thread>22</thread>
  <message>XML in: '&lt;?xml version="1.0"?&gt;&lt;getQuote&gt;&lt;lastAskPrice&gt;354.0000&lt;/lastAskPrice&gt;&lt;lastBidPrice&gt;0.0000&lt;/lastBidPrice&gt;&lt;lastQuoteTime&gt;1445239300&lt;/lastQuoteTime&gt;&lt;nextQuoteTime&gt;1445239310&lt;/nextQuoteTime&gt;&lt;lastClearPrice&gt;349.0000&lt;/lastClearPrice&gt;&lt;lastClearTime&gt;1445239210&lt;/lastClearTime&gt;&lt;finalClearTime&gt;1445239320&lt;/finalClearTime&gt;&lt;nextClearTime&gt;0&lt;/nextClearTime&gt;&lt;hypotheticalQuantityWon&gt; &lt;/hypotheticalQuantityWon&gt;&lt;auctionStatus&gt;1&lt;/auctionStatus&gt;&lt;commandStatus&gt;0&lt;/commandStatus&gt;&lt;/getQuote&gt;' responseTime: 60 avg: 269.0 count: 977</message>
</record>
<record>
  <date>2015-10-19T08:22:38</date>
  <millis>1445239358494</millis>
  <sequence>3863</sequence>
  <logger>se.sics.tac.aw.TACMessage</logger>
  <level>FINEST</level>
  <class>se.sics.tac.aw.TACMessage</class>
  <method>setReceivedMessage</method>
  <thread>22</thread>
  <message>requesting quotes for auction 7 (Outflight 5)</message>
</record>
<record>
  <date>2015-10-19T08:22:38</date>
  <millis>1445239358494</millis>
  <sequence>3864</sequence>
  <logger>se.sics.tac.aw.TACMessage</logger>
  <level>FINEST</level>
  <class>se.sics.tac.aw.TACMessage</class>
  <method>setReceivedMessage</method>
  <thread>22</thread>
  <message>XML out: '&lt;getQuote&gt;&lt;auctionID&gt;19048&lt;/auctionID&gt;&lt;/getQuote&gt;'</message>
</record>
<record>
  <date>2015-10-19T08:22:38</date>
  <millis>1445239358494</millis>
  <sequence>3865</sequence>
  <logger>se.sics.tac.aw.TACMessage</logger>
  <level>FINEST</level>
  <class>se.sics.tac.aw.TACMessage</class>
  <method>setReceivedMessage</method>
  <thread>22</thread>
  <message>XML in: '&lt;?xml version="1.0"?&gt;&lt;getQuote&gt;&lt;lastAskPrice&gt;648.0000&lt;/lastAskPrice&gt;&lt;lastBidPrice&gt;0.0000&lt;/lastBidPrice&gt;&lt;lastQuoteTime&gt;1445239300&lt;/lastQuoteTime&gt;&lt;nextQuoteTime&gt;1445239310&lt;/nextQuoteTime&gt;&lt;lastClearPrice&gt;588.0000&lt;/lastClearPrice&gt;&lt;lastClearTime&gt;1445239210&lt;/lastClearTime&gt;&lt;finalClearTime&gt;1445239320&lt;/finalClearTime&gt;&lt;nextClearTime&gt;0&lt;/nextClearTime&gt;&lt;hypotheticalQuantityWon&gt; &lt;/hypotheticalQuantityWon&gt;&lt;auctionStatus&gt;1&lt;/auctionStatus&gt;&lt;commandStatus&gt;0&lt;/commandStatus&gt;&lt;/getQuote&gt;' responseTime: 60 avg: 269.0 count: 978</message>
</record>
<record>
  <date>2015-10-19T08:22:38</date>
  <millis>1445239358494</millis>
  <sequence>3866</sequence>
  <logger>se.sics.tac.aw.DummyAgent</logger>
  <level>FINE</level>
  <class>se.sics.tac.aw.DummyAgent</class>
  <method>quoteUpdated</method>
  <thread>22</thread>
  <message>All quotes for flight has been updated</message>
</record>
<record>
  <date>2015-10-19T08:22:43</date>
  <millis>1445239363456</millis>
  <sequence>3867</sequence>
  <logger>se.sics.tac.aw.TACMessage</logger>
  <level>FINEST</level>
  <class>se.sics.tac.aw.TACMessage</class>
  <method>setReceivedMessage</method>
  <thread>22</thread>
  <message>XML out: '&lt;bidInfo&gt;&lt;bidID&gt;765536&lt;/bidID&gt;&lt;/bidInfo&gt;'</message>
</record>
<record>
  <date>2015-10-19T08:22:43</date>
  <millis>1445239363456</millis>
  <sequence>3868</sequence>
  <logger>se.sics.tac.aw.TACMessage</logger>
  <level>FINEST</level>
  <class>se.sics.tac.aw.TACMessage</class>
  <method>setReceivedMessage</method>
  <thread>22</thread>
  <message>XML in: '&lt;?xml version="1.0"?&gt;&lt;bidInfo&gt;&lt;bidString&gt;((1 70.0000))&lt;/bidString&gt;&lt;bidHash&gt;((1 70.0000))&lt;/bidHash&gt;&lt;rejectReason&gt;0&lt;/rejectReason&gt;&lt;processingState&gt;4&lt;/processingState&gt;&lt;timeProcessed&gt;1445238782&lt;/timeProcessed&gt;&lt;timeClosed&gt;0&lt;/timeClosed&gt;&lt;withdrawState&gt;0&lt;/withdrawState&gt;&lt;timeWithdrawRequest&gt;0&lt;/timeWithdrawRequest&gt;&lt;timeWithdraw&gt;0&lt;/timeWithdraw&gt;&lt;commandStatus&gt;0&lt;/commandStatus&gt;&lt;/bidInfo&gt;' responseTime: 19 avg: 269.0 count: 979</message>
</record>
<record>
  <date>2015-10-19T08:22:43</date>
  <millis>1445239363457</millis>
  <sequence>3869</sequence>
  <logger>se.sics.tac.aw.DummyAgent</logger>
  <level>FINE</level>
  <class>se.sics.tac.aw.DummyAgent</class>
  <method>bidUpdated</method>
  <thread>22</thread>
  <message>Bid Updated: id=765536 auction=17 state=transacted</message>
</record>
<record>
  <date>2015-10-19T08:22:43</date>
  <millis>1445239363457</millis>
  <sequence>3870</sequence>
  <logger>se.sics.tac.aw.DummyAgent</logger>
  <level>FINE</level>
  <class>se.sics.tac.aw.DummyAgent</class>
  <method>bidUpdated</method>
  <thread>22</thread>
  <message>       Hash: ((1 70.0000))</message>
</record>
<record>
  <date>2015-10-19T08:22:43</date>
  <millis>1445239363476</millis>
  <sequence>3871</sequence>
  <logger>se.sics.tac.aw.TACMessage</logger>
  <level>FINEST</level>
  <class>se.sics.tac.aw.TACMessage</class>
  <method>setReceivedMessage</method>
  <thread>22</thread>
  <message>XML out: '&lt;bidInfo&gt;&lt;bidID&gt;765537&lt;/bidID&gt;&lt;/bidInfo&gt;'</message>
</record>
<record>
  <date>2015-10-19T08:22:43</date>
  <millis>1445239363476</millis>
  <sequence>3872</sequence>
  <logger>se.sics.tac.aw.TACMessage</logger>
  <level>FINEST</level>
  <class>se.sics.tac.aw.TACMessage</class>
  <method>setReceivedMessage</method>
  <thread>22</thread>
  <message>XML in: '&lt;?xml version="1.0"?&gt;&lt;bidInfo&gt;&lt;bidString&gt;((1 70.0000))&lt;/bidString&gt;&lt;bidHash&gt;((1 70.0000))&lt;/bidHash&gt;&lt;rejectReason&gt;0&lt;/rejectReason&gt;&lt;processingState&gt;2&lt;/processingState&gt;&lt;timeProcessed&gt;1445238782&lt;/timeProcessed&gt;&lt;timeClosed&gt;0&lt;/timeClosed&gt;&lt;withdrawState&gt;0&lt;/withdrawState&gt;&lt;timeWithdrawRequest&gt;0&lt;/timeWithdrawRequest&gt;&lt;timeWithdraw&gt;0&lt;/timeWithdraw&gt;&lt;commandStatus&gt;0&lt;/commandStatus&gt;&lt;/bidInfo&gt;' responseTime: 39 avg: 269.0 count: 980</message>
</record>
<record>
  <date>2015-10-19T08:22:43</date>
  <millis>1445239363476</millis>
  <sequence>3873</sequence>
  <logger>se.sics.tac.aw.DummyAgent</logger>
  <level>FINE</level>
  <class>se.sics.tac.aw.DummyAgent</class>
  <method>bidUpdated</method>
  <thread>22</thread>
  <message>Bid Updated: id=765537 auction=18 state=valid</message>
</record>
<record>
  <date>2015-10-19T08:22:43</date>
  <millis>1445239363476</millis>
  <sequence>3874</sequence>
  <logger>se.sics.tac.aw.DummyAgent</logger>
  <level>FINE</level>
  <class>se.sics.tac.aw.DummyAgent</class>
  <method>bidUpdated</method>
  <thread>22</thread>
  <message>       Hash: ((1 70.0000))</message>
</record>
<record>
  <date>2015-10-19T08:22:43</date>
  <millis>1445239363508</millis>
  <sequence>3875</sequence>
  <logger>se.sics.tac.aw.TACMessage</logger>
  <level>FINEST</level>
  <class>se.sics.tac.aw.TACMessage</class>
  <method>setReceivedMessage</method>
  <thread>22</thread>
  <message>XML out: '&lt;transIDs&gt;&lt;earliestTransID&gt;126590&lt;/earliestTransID&gt;&lt;/transIDs&gt;'</message>
</record>
<record>
  <date>2015-10-19T08:22:43</date>
  <millis>1445239363508</millis>
  <sequence>3876</sequence>
  <logger>se.sics.tac.aw.TACMessage</logger>
  <level>FINEST</level>
  <class>se.sics.tac.aw.TACMessage</class>
  <method>setReceivedMessage</method>
  <thread>22</thread>
  <message>XML in: '&lt;?xml version="1.0"?&gt;&lt;transIDs&gt;&lt;ids&gt;&lt;list&gt;&lt;/list&gt;&lt;/ids&gt;&lt;more&gt;0&lt;/more&gt;&lt;commandStatus&gt;0&lt;/commandStatus&gt;&lt;/transIDs&gt;' responseTime: 71 avg: 268.0 count: 981</message>
</record>
<record>
  <date>2015-10-19T08:22:48</date>
  <millis>1445239368494</millis>
  <sequence>3877</sequence>
  <logger>se.sics.tac.aw.TACMessage</logger>
  <level>FINEST</level>
  <class>se.sics.tac.aw.TACMessage</class>
  <method>setReceivedMessage</method>
  <thread>22</thread>
  <message>requesting quotes for auction 0 (Inflight 1)</message>
</record>
<record>
  <date>2015-10-19T08:22:48</date>
  <millis>1445239368494</millis>
  <sequence>3878</sequence>
  <logger>se.sics.tac.aw.TACMessage</logger>
  <level>FINEST</level>
  <class>se.sics.tac.aw.TACMessage</class>
  <method>setReceivedMessage</method>
  <thread>22</thread>
  <message>XML out: '&lt;getQuote&gt;&lt;auctionID&gt;19041&lt;/auctionID&gt;&lt;/getQuote&gt;'</message>
</record>
<record>
  <date>2015-10-19T08:22:48</date>
  <millis>1445239368494</millis>
  <sequence>3879</sequence>
  <logger>se.sics.tac.aw.TACMessage</logger>
  <level>FINEST</level>
  <class>se.sics.tac.aw.TACMessage</class>
  <method>setReceivedMessage</method>
  <thread>22</thread>
  <message>XML in: '&lt;?xml version="1.0"?&gt;&lt;getQuote&gt;&lt;lastAskPrice&gt;622.0000&lt;/lastAskPrice&gt;&lt;lastBidPrice&gt;0.0000&lt;/lastBidPrice&gt;&lt;lastQuoteTime&gt;1445239310&lt;/lastQuoteTime&gt;&lt;nextQuoteTime&gt;1445239320&lt;/nextQuoteTime&gt;&lt;lastClearPrice&gt;368.0000&lt;/lastClearPrice&gt;&lt;lastClearTime&gt;1445238910&lt;/lastClearTime&gt;&lt;finalClearTime&gt;1445239320&lt;/finalClearTime&gt;&lt;nextClearTime&gt;0&lt;/nextClearTime&gt;&lt;hypotheticalQuantityWon&gt; &lt;/hypotheticalQuantityWon&gt;&lt;auctionStatus&gt;1&lt;/auctionStatus&gt;&lt;commandStatus&gt;0&lt;/commandStatus&gt;&lt;/getQuote&gt;' responseTime: 55 avg: 268.0 count: 982</message>
</record>
<record>
  <date>2015-10-19T08:22:48</date>
  <millis>1445239368792</millis>
  <sequence>3880</sequence>
  <logger>se.sics.tac.aw.TACMessage</logger>
  <level>FINEST</level>
  <class>se.sics.tac.aw.TACMessage</class>
  <method>setReceivedMessage</method>
  <thread>22</thread>
  <message>requesting quotes for auction 1 (Inflight 2)</message>
</record>
<record>
  <date>2015-10-19T08:22:48</date>
  <millis>1445239368792</millis>
  <sequence>3881</sequence>
  <logger>se.sics.tac.aw.TACMessage</logger>
  <level>FINEST</level>
  <class>se.sics.tac.aw.TACMessage</class>
  <method>setReceivedMessage</method>
  <thread>22</thread>
  <message>XML out: '&lt;getQuote&gt;&lt;auctionID&gt;19042&lt;/auctionID&gt;&lt;/getQuote&gt;'</message>
</record>
<record>
  <date>2015-10-19T08:22:48</date>
  <millis>1445239368792</millis>
  <sequence>3882</sequence>
  <logger>se.sics.tac.aw.TACMessage</logger>
  <level>FINEST</level>
  <class>se.sics.tac.aw.TACMessage</class>
  <method>setReceivedMessage</method>
  <thread>22</thread>
  <message>XML in: '&lt;?xml version="1.0"?&gt;&lt;getQuote&gt;&lt;lastAskPrice&gt;467.0000&lt;/lastAskPrice&gt;&lt;lastBidPrice&gt;0.0000&lt;/lastBidPrice&gt;&lt;lastQuoteTime&gt;1445239310&lt;/lastQuoteTime&gt;&lt;nextQuoteTime&gt;1445239320&lt;/nextQuoteTime&gt;&lt;lastClearPrice&gt;407.0000&lt;/lastClearPrice&gt;&lt;lastClearTime&gt;1445239210&lt;/lastClearTime&gt;&lt;finalClearTime&gt;1445239320&lt;/finalClearTime&gt;&lt;nextClearTime&gt;0&lt;/nextClearTime&gt;&lt;hypotheticalQuantityWon&gt; &lt;/hypotheticalQuantityWon&gt;&lt;auctionStatus&gt;1&lt;/auctionStatus&gt;&lt;commandStatus&gt;0&lt;/commandStatus&gt;&lt;/getQuote&gt;' responseTime: 353 avg: 268.0 count: 983</message>
</record>
<record>
  <date>2015-10-19T08:22:48</date>
  <millis>1445239368906</millis>
  <sequence>3883</sequence>
  <logger>se.sics.tac.aw.TACMessage</logger>
  <level>FINEST</level>
  <class>se.sics.tac.aw.TACMessage</class>
  <method>setReceivedMessage</method>
  <thread>22</thread>
  <message>requesting quotes for auction 2 (Inflight 3)</message>
</record>
<record>
  <date>2015-10-19T08:22:48</date>
  <millis>1445239368906</millis>
  <sequence>3884</sequence>
  <logger>se.sics.tac.aw.TACMessage</logger>
  <level>FINEST</level>
  <class>se.sics.tac.aw.TACMessage</class>
  <method>setReceivedMessage</method>
  <thread>22</thread>
  <message>XML out: '&lt;getQuote&gt;&lt;auctionID&gt;19043&lt;/auctionID&gt;&lt;/getQuote&gt;'</message>
</record>
<record>
  <date>2015-10-19T08:22:48</date>
  <millis>1445239368907</millis>
  <sequence>3885</sequence>
  <logger>se.sics.tac.aw.TACMessage</logger>
  <level>FINEST</level>
  <class>se.sics.tac.aw.TACMessage</class>
  <method>setReceivedMessage</method>
  <thread>22</thread>
  <message>XML in: '&lt;?xml version="1.0"?&gt;&lt;getQuote&gt;&lt;lastAskPrice&gt;548.0000&lt;/lastAskPrice&gt;&lt;lastBidPrice&gt;0.0000&lt;/lastBidPrice&gt;&lt;lastQuoteTime&gt;1445239310&lt;/lastQuoteTime&gt;&lt;nextQuoteTime&gt;1445239320&lt;/nextQuoteTime&gt;&lt;lastClearPrice&gt;450.0000&lt;/lastClearPrice&gt;&lt;lastClearTime&gt;1445239210&lt;/lastClearTime&gt;&lt;finalClearTime&gt;1445239320&lt;/finalClearTime&gt;&lt;nextClearTime&gt;0&lt;/nextClearTime&gt;&lt;hypotheticalQuantityWon&gt; &lt;/hypotheticalQuantityWon&gt;&lt;auctionStatus&gt;1&lt;/auctionStatus&gt;&lt;commandStatus&gt;0&lt;/commandStatus&gt;&lt;/getQuote&gt;' responseTime: 467 avg: 268.0 count: 984</message>
</record>
<record>
  <date>2015-10-19T08:22:48</date>
  <millis>1445239368907</millis>
  <sequence>3886</sequence>
  <logger>se.sics.tac.aw.TACMessage</logger>
  <level>FINEST</level>
  <class>se.sics.tac.aw.TACMessage</class>
  <method>setReceivedMessage</method>
  <thread>22</thread>
  <message>requesting quotes for auction 3 (Inflight 4)</message>
</record>
<record>
  <date>2015-10-19T08:22:48</date>
  <millis>1445239368907</millis>
  <sequence>3887</sequence>
  <logger>se.sics.tac.aw.TACMessage</logger>
  <level>FINEST</level>
  <class>se.sics.tac.aw.TACMessage</class>
  <method>setReceivedMessage</method>
  <thread>22</thread>
  <message>XML out: '&lt;getQuote&gt;&lt;auctionID&gt;19044&lt;/auctionID&gt;&lt;/getQuote&gt;'</message>
</record>
<record>
  <date>2015-10-19T08:22:48</date>
  <millis>1445239368907</millis>
  <sequence>3888</sequence>
  <logger>se.sics.tac.aw.TACMessage</logger>
  <level>FINEST</level>
  <class>se.sics.tac.aw.TACMessage</class>
  <method>setReceivedMessage</method>
  <thread>22</thread>
  <message>XML in: '&lt;?xml version="1.0"?&gt;&lt;getQuote&gt;&lt;lastAskPrice&gt;419.0000&lt;/lastAskPrice&gt;&lt;lastBidPrice&gt;0.0000&lt;/lastBidPrice&gt;&lt;lastQuoteTime&gt;1445239310&lt;/lastQuoteTime&gt;&lt;nextQuoteTime&gt;1445239320&lt;/nextQuoteTime&gt;&lt;lastClearPrice&gt;351.0000&lt;/lastClearPrice&gt;&lt;lastClearTime&gt;1445238782&lt;/lastClearTime&gt;&lt;finalClearTime&gt;1445239320&lt;/finalClearTime&gt;&lt;nextClearTime&gt;0&lt;/nextClearTime&gt;&lt;hypotheticalQuantityWon&gt; &lt;/hypotheticalQuantityWon&gt;&lt;auctionStatus&gt;1&lt;/auctionStatus&gt;&lt;commandStatus&gt;0&lt;/commandStatus&gt;&lt;/getQuote&gt;' responseTime: 468 avg: 269.0 count: 985</message>
</record>
<record>
  <date>2015-10-19T08:22:48</date>
  <millis>1445239368907</millis>
  <sequence>3889</sequence>
  <logger>se.sics.tac.aw.TACMessage</logger>
  <level>FINEST</level>
  <class>se.sics.tac.aw.TACMessage</class>
  <method>setReceivedMessage</method>
  <thread>22</thread>
  <message>requesting quotes for auction 4 (Outflight 2)</message>
</record>
<record>
  <date>2015-10-19T08:22:48</date>
  <millis>1445239368907</millis>
  <sequence>3890</sequence>
  <logger>se.sics.tac.aw.TACMessage</logger>
  <level>FINEST</level>
  <class>se.sics.tac.aw.TACMessage</class>
  <method>setReceivedMessage</method>
  <thread>22</thread>
  <message>XML out: '&lt;getQuote&gt;&lt;auctionID&gt;19045&lt;/auctionID&gt;&lt;/getQuote&gt;'</message>
</record>
<record>
  <date>2015-10-19T08:22:48</date>
  <millis>1445239368907</millis>
  <sequence>3891</sequence>
  <logger>se.sics.tac.aw.TACMessage</logger>
  <level>FINEST</level>
  <class>se.sics.tac.aw.TACMessage</class>
  <method>setReceivedMessage</method>
  <thread>22</thread>
  <message>XML in: '&lt;?xml version="1.0"?&gt;&lt;getQuote&gt;&lt;lastAskPrice&gt;362.0000&lt;/lastAskPrice&gt;&lt;lastBidPrice&gt;0.0000&lt;/lastBidPrice&gt;&lt;lastQuoteTime&gt;1445239310&lt;/lastQuoteTime&gt;&lt;nextQuoteTime&gt;1445239320&lt;/nextQuoteTime&gt;&lt;lastClearPrice&gt;344.0000&lt;/lastClearPrice&gt;&lt;lastClearTime&gt;1445239270&lt;/lastClearTime&gt;&lt;finalClearTime&gt;1445239320&lt;/finalClearTime&gt;&lt;nextClearTime&gt;0&lt;/nextClearTime&gt;&lt;hypotheticalQuantityWon&gt; &lt;/hypotheticalQuantityWon&gt;&lt;auctionStatus&gt;1&lt;/auctionStatus&gt;&lt;commandStatus&gt;0&lt;/commandStatus&gt;&lt;/getQuote&gt;' responseTime: 468 avg: 269.0 count: 986</message>
</record>
<record>
  <date>2015-10-19T08:22:48</date>
  <millis>1445239368907</millis>
  <sequence>3892</sequence>
  <logger>se.sics.tac.aw.TACMessage</logger>
  <level>FINEST</level>
  <class>se.sics.tac.aw.TACMessage</class>
  <method>setReceivedMessage</method>
  <thread>22</thread>
  <message>requesting quotes for auction 5 (Outflight 3)</message>
</record>
<record>
  <date>2015-10-19T08:22:48</date>
  <millis>1445239368907</millis>
  <sequence>3893</sequence>
  <logger>se.sics.tac.aw.TACMessage</logger>
  <level>FINEST</level>
  <class>se.sics.tac.aw.TACMessage</class>
  <method>setReceivedMessage</method>
  <thread>22</thread>
  <message>XML out: '&lt;getQuote&gt;&lt;auctionID&gt;19046&lt;/auctionID&gt;&lt;/getQuote&gt;'</message>
</record>
<record>
  <date>2015-10-19T08:22:48</date>
  <millis>1445239368907</millis>
  <sequence>3894</sequence>
  <logger>se.sics.tac.aw.TACMessage</logger>
  <level>FINEST</level>
  <class>se.sics.tac.aw.TACMessage</class>
  <method>setReceivedMessage</method>
  <thread>22</thread>
  <message>XML in: '&lt;?xml version="1.0"?&gt;&lt;getQuote&gt;&lt;lastAskPrice&gt;475.0000&lt;/lastAskPrice&gt;&lt;lastBidPrice&gt;0.0000&lt;/lastBidPrice&gt;&lt;lastQuoteTime&gt;1445239310&lt;/lastQuoteTime&gt;&lt;nextQuoteTime&gt;1445239320&lt;/nextQuoteTime&gt;&lt;lastClearPrice&gt;405.0000&lt;/lastClearPrice&gt;&lt;lastClearTime&gt;1445239210&lt;/lastClearTime&gt;&lt;finalClearTime&gt;1445239320&lt;/finalClearTime&gt;&lt;nextClearTime&gt;0&lt;/nextClearTime&gt;&lt;hypotheticalQuantityWon&gt; &lt;/hypotheticalQuantityWon&gt;&lt;auctionStatus&gt;1&lt;/auctionStatus&gt;&lt;commandStatus&gt;0&lt;/commandStatus&gt;&lt;/getQuote&gt;' responseTime: 468 avg: 269.0 count: 987</message>
</record>
<record>
  <date>2015-10-19T08:22:48</date>
  <millis>1445239368907</millis>
  <sequence>3895</sequence>
  <logger>se.sics.tac.aw.TACMessage</logger>
  <level>FINEST</level>
  <class>se.sics.tac.aw.TACMessage</class>
  <method>setReceivedMessage</method>
  <thread>22</thread>
  <message>requesting quotes for auction 6 (Outflight 4)</message>
</record>
<record>
  <date>2015-10-19T08:22:48</date>
  <millis>1445239368907</millis>
  <sequence>3896</sequence>
  <logger>se.sics.tac.aw.TACMessage</logger>
  <level>FINEST</level>
  <class>se.sics.tac.aw.TACMessage</class>
  <method>setReceivedMessage</method>
  <thread>22</thread>
  <message>XML out: '&lt;getQuote&gt;&lt;auctionID&gt;19047&lt;/auctionID&gt;&lt;/getQuote&gt;'</message>
</record>
<record>
  <date>2015-10-19T08:22:48</date>
  <millis>1445239368907</millis>
  <sequence>3897</sequence>
  <logger>se.sics.tac.aw.TACMessage</logger>
  <level>FINEST</level>
  <class>se.sics.tac.aw.TACMessage</class>
  <method>setReceivedMessage</method>
  <thread>22</thread>
  <message>XML in: '&lt;?xml version="1.0"?&gt;&lt;getQuote&gt;&lt;lastAskPrice&gt;364.0000&lt;/lastAskPrice&gt;&lt;lastBidPrice&gt;0.0000&lt;/lastBidPrice&gt;&lt;lastQuoteTime&gt;1445239310&lt;/lastQuoteTime&gt;&lt;nextQuoteTime&gt;1445239320&lt;/nextQuoteTime&gt;&lt;lastClearPrice&gt;349.0000&lt;/lastClearPrice&gt;&lt;lastClearTime&gt;1445239210&lt;/lastClearTime&gt;&lt;finalClearTime&gt;1445239320&lt;/finalClearTime&gt;&lt;nextClearTime&gt;0&lt;/nextClearTime&gt;&lt;hypotheticalQuantityWon&gt; &lt;/hypotheticalQuantityWon&gt;&lt;auctionStatus&gt;1&lt;/auctionStatus&gt;&lt;commandStatus&gt;0&lt;/commandStatus&gt;&lt;/getQuote&gt;' responseTime: 468 avg: 269.0 count: 988</message>
</record>
<record>
  <date>2015-10-19T08:22:48</date>
  <millis>1445239368907</millis>
  <sequence>3898</sequence>
  <logger>se.sics.tac.aw.TACMessage</logger>
  <level>FINEST</level>
  <class>se.sics.tac.aw.TACMessage</class>
  <method>setReceivedMessage</method>
  <thread>22</thread>
  <message>requesting quotes for auction 7 (Outflight 5)</message>
</record>
<record>
  <date>2015-10-19T08:22:48</date>
  <millis>1445239368907</millis>
  <sequence>3899</sequence>
  <logger>se.sics.tac.aw.TACMessage</logger>
  <level>FINEST</level>
  <class>se.sics.tac.aw.TACMessage</class>
  <method>setReceivedMessage</method>
  <thread>22</thread>
  <message>XML out: '&lt;getQuote&gt;&lt;auctionID&gt;19048&lt;/auctionID&gt;&lt;/getQuote&gt;'</message>
</record>
<record>
  <date>2015-10-19T08:22:48</date>
  <millis>1445239368907</millis>
  <sequence>3900</sequence>
  <logger>se.sics.tac.aw.TACMessage</logger>
  <level>FINEST</level>
  <class>se.sics.tac.aw.TACMessage</class>
  <method>setReceivedMessage</method>
  <thread>22</thread>
  <message>XML in: '&lt;?xml version="1.0"?&gt;&lt;getQuote&gt;&lt;lastAskPrice&gt;657.0000&lt;/lastAskPrice&gt;&lt;lastBidPrice&gt;0.0000&lt;/lastBidPrice&gt;&lt;lastQuoteTime&gt;1445239310&lt;/lastQuoteTime&gt;&lt;nextQuoteTime&gt;1445239320&lt;/nextQuoteTime&gt;&lt;lastClearPrice&gt;588.0000&lt;/lastClearPrice&gt;&lt;lastClearTime&gt;1445239210&lt;/lastClearTime&gt;&lt;finalClearTime&gt;1445239320&lt;/finalClearTime&gt;&lt;nextClearTime&gt;0&lt;/nextClearTime&gt;&lt;hypotheticalQuantityWon&gt; &lt;/hypotheticalQuantityWon&gt;&lt;auctionStatus&gt;1&lt;/auctionStatus&gt;&lt;commandStatus&gt;0&lt;/commandStatus&gt;&lt;/getQuote&gt;' responseTime: 468 avg: 269.0 count: 989</message>
</record>
<record>
  <date>2015-10-19T08:22:48</date>
  <millis>1445239368907</millis>
  <sequence>3901</sequence>
  <logger>se.sics.tac.aw.DummyAgent</logger>
  <level>FINE</level>
  <class>se.sics.tac.aw.DummyAgent</class>
  <method>quoteUpdated</method>
  <thread>22</thread>
  <message>All quotes for flight has been updated</message>
</record>
</log>
