<?xml version="1.0" encoding="windows-1252" standalone="no"?>
<!DOCTYPE log SYSTEM "logger.dtd">
<log>
<record>
  <date>2015-10-19T01:57:46</date>
  <millis>1445216266236</millis>
  <sequence>0</sequence>
  <logger>se.sics.tac.aw.TACAgent</logger>
  <level>FINE</level>
  <class>se.sics.tac.aw.TACAgent</class>
  <method>&lt;init&gt;</method>
  <thread>1</thread>
  <message>Starting TAC AgentWare version Beta 9</message>
</record>
<record>
  <date>2015-10-19T01:57:46</date>
  <millis>1445216266237</millis>
  <sequence>1</sequence>
  <logger>se.sics.tac.aw.TACAgent</logger>
  <level>FINE</level>
  <class>se.sics.tac.aw.TACAgent</class>
  <method>&lt;init&gt;</method>
  <thread>1</thread>
  <message>Using agent implementation se.sics.tac.aw.DummyAgent</message>
</record>
<record>
  <date>2015-10-19T01:57:46</date>
  <millis>1445216266237</millis>
  <sequence>2</sequence>
  <logger>se.sics.tac.aw.TACAgent</logger>
  <level>FINE</level>
  <class>se.sics.tac.aw.TACAgent</class>
  <method>&lt;init&gt;</method>
  <thread>1</thread>
  <message>Using TAC server mist.cs.bath.ac.uk at port 46501</message>
</record>
<record>
  <date>2015-10-19T01:57:46</date>
  <millis>1445216266239</millis>
  <sequence>3</sequence>
  <logger>se.sics.tac.aw.TACReader</logger>
  <level>FINE</level>
  <class>se.sics.tac.aw.TACReader</class>
  <method>doConnect</method>
  <thread>1</thread>
  <message>Connecting to server mist.cs.bath.ac.uk:46501</message>
</record>
<record>
  <date>2015-10-19T01:57:46</date>
  <millis>1445216266295</millis>
  <sequence>4</sequence>
  <logger>se.sics.tac.aw.TACMessage</logger>
  <level>FINEST</level>
  <class>se.sics.tac.aw.TACMessage</class>
  <method>setReceivedMessage</method>
  <thread>12</thread>
  <message>XML out: '&lt;auth&gt;&lt;userName&gt;Kyderman&lt;/userName&gt;&lt;userPW&gt;danvers123&lt;/userPW&gt;&lt;/auth&gt;'</message>
</record>
<record>
  <date>2015-10-19T01:57:46</date>
  <millis>1445216266296</millis>
  <sequence>5</sequence>
  <logger>se.sics.tac.aw.TACMessage</logger>
  <level>FINEST</level>
  <class>se.sics.tac.aw.TACMessage</class>
  <method>setReceivedMessage</method>
  <thread>12</thread>
  <message>XML in: '&lt;?xml version="1.0"?&gt;&lt;auth&gt;&lt;userID&gt;440&lt;/userID&gt;&lt;commandStatus&gt;0&lt;/commandStatus&gt;&lt;/auth&gt;' responseTime: 23 avg: 23.0 count: 1</message>
</record>
<record>
  <date>2015-10-19T01:57:46</date>
  <millis>1445216266296</millis>
  <sequence>6</sequence>
  <logger>se.sics.tac.aw.TACAgent</logger>
  <level>FINE</level>
  <class>se.sics.tac.aw.TACAgent</class>
  <method>handleLogin</method>
  <thread>12</thread>
  <message>Logged in as 440</message>
</record>
<record>
  <date>2015-10-19T01:57:46</date>
  <millis>1445216266319</millis>
  <sequence>7</sequence>
  <logger>se.sics.tac.aw.TACMessage</logger>
  <level>FINEST</level>
  <class>se.sics.tac.aw.TACMessage</class>
  <method>setReceivedMessage</method>
  <thread>12</thread>
  <message>XML out: '&lt;serverTime&gt;&lt;/serverTime&gt;'</message>
</record>
<record>
  <date>2015-10-19T01:57:46</date>
  <millis>1445216266319</millis>
  <sequence>8</sequence>
  <logger>se.sics.tac.aw.TACMessage</logger>
  <level>FINEST</level>
  <class>se.sics.tac.aw.TACMessage</class>
  <method>setReceivedMessage</method>
  <thread>12</thread>
  <message>XML in: '&lt;?xml version="1.0"?&gt;&lt;serverTime&gt;&lt;time&gt;1445216211&lt;/time&gt;&lt;commandStatus&gt;0&lt;/commandStatus&gt;&lt;/serverTime&gt;' responseTime: 22 avg: 22.0 count: 2</message>
</record>
<record>
  <date>2015-10-19T01:57:46</date>
  <millis>1445216266320</millis>
  <sequence>9</sequence>
  <logger>se.sics.tac.aw.TACAgent</logger>
  <level>FINE</level>
  <class>se.sics.tac.aw.TACAgent</class>
  <method>handleServerTime</method>
  <thread>12</thread>
  <message>Setting server time diff to 55 seconds</message>
</record>
<record>
  <date>2015-10-19T01:57:46</date>
  <millis>1445216266339</millis>
  <sequence>10</sequence>
  <logger>se.sics.tac.aw.TACMessage</logger>
  <level>FINEST</level>
  <class>se.sics.tac.aw.TACMessage</class>
  <method>setReceivedMessage</method>
  <thread>12</thread>
  <message>XML out: '&lt;nextGame&gt;&lt;/nextGame&gt;'</message>
</record>
<record>
  <date>2015-10-19T01:57:46</date>
  <millis>1445216266339</millis>
  <sequence>11</sequence>
  <logger>se.sics.tac.aw.TACMessage</logger>
  <level>FINEST</level>
  <class>se.sics.tac.aw.TACMessage</class>
  <method>setReceivedMessage</method>
  <thread>12</thread>
  <message>XML in: '&lt;?xml version="1.0"?&gt;&lt;nextGame&gt;&lt;gameID&gt;648&lt;/gameID&gt;&lt;startTime&gt;1445216640&lt;/startTime&gt;&lt;gameType&gt;0&lt;/gameType&gt;&lt;commandStatus&gt;0&lt;/commandStatus&gt;&lt;/nextGame&gt;' responseTime: 42 avg: 29.0 count: 3</message>
</record>
<record>
  <date>2015-10-19T01:57:46</date>
  <millis>1445216266339</millis>
  <sequence>12</sequence>
  <logger>se.sics.tac.aw.TACAgent</logger>
  <level>FINE</level>
  <class>se.sics.tac.aw.TACAgent</class>
  <method>handleNextGame</method>
  <thread>12</thread>
  <message>Next Game -&gt; 648 (should wait 428)</message>
</record>
<record>
  <date>2015-10-19T01:57:46</date>
  <millis>1445216266340</millis>
  <sequence>13</sequence>
  <logger>se.sics.tac.aw.TACAgent</logger>
  <level>FINE</level>
  <class>se.sics.tac.aw.TACAgent</class>
  <method>reset</method>
  <thread>12</thread>
  <message>performing connection reset</message>
</record>
</log>
